<?xml version="1.0" encoding="UTF-8"?>
<testsuite name="nextstep.subway.auth.application.AuthServiceTest" tests="1" skipped="0" failures="0" errors="0" timestamp="2021-07-14T18:59:10" hostname="kyle.local" time="0.036">
  <properties/>
  <testcase name="login()" classname="nextstep.subway.auth.application.AuthServiceTest" time="0.036"/>
  <system-out><![CDATA[]]></system-out>
  <system-err><![CDATA[]]></system-err>
</testsuite>
