<?xml version="1.0" encoding="UTF-8"?>
<testsuite name="지하철역 관련 기능" tests="4" skipped="0" failures="0" errors="0" timestamp="2021-07-14T18:59:11" hostname="kyle.local" time="0.102">
  <properties/>
  <testcase name="지하철역을 제거한다." classname="nextstep.subway.station.StationAcceptanceTest" time="0.024"/>
  <testcase name="지하철역을 조회한다." classname="nextstep.subway.station.StationAcceptanceTest" time="0.036"/>
  <testcase name="지하철역을 생성한다." classname="nextstep.subway.station.StationAcceptanceTest" time="0.016"/>
  <testcase name="기존에 존재하는 지하철역 이름으로 지하철역을 생성한다." classname="nextstep.subway.station.StationAcceptanceTest" time="0.023"/>
  <system-out><![CDATA[2021-07-15 03:59:11.393  INFO 60266 --- [    Test worker] .b.t.c.SpringBootTestContextBootstrapper : Neither @ContextConfiguration nor @ContextHierarchy found for test class [nextstep.subway.station.StationAcceptanceTest], using SpringBootContextLoader
2021-07-15 03:59:11.393  INFO 60266 --- [    Test worker] o.s.t.c.support.AbstractContextLoader    : Could not detect default resource locations for test class [nextstep.subway.station.StationAcceptanceTest]: no resource found for suffixes {-context.xml, Context.groovy}.
2021-07-15 03:59:11.393  INFO 60266 --- [    Test worker] t.c.s.AnnotationConfigContextLoaderUtils : Could not detect default configuration classes for test class [nextstep.subway.station.StationAcceptanceTest]: StationAcceptanceTest does not declare any static, non-private, non-final, nested classes annotated with @Configuration.
2021-07-15 03:59:11.397  INFO 60266 --- [    Test worker] .b.t.c.SpringBootTestContextBootstrapper : Found @SpringBootConfiguration nextstep.subway.SubwayApplication for test class nextstep.subway.station.StationAcceptanceTest
2021-07-15 03:59:11.398  INFO 60266 --- [    Test worker] .b.t.c.SpringBootTestContextBootstrapper : Loaded default TestExecutionListener class names from location [META-INF/spring.factories]: [org.springframework.boot.test.autoconfigure.restdocs.RestDocsTestExecutionListener, org.springframework.boot.test.autoconfigure.web.client.MockRestServiceServerResetTestExecutionListener, org.springframework.boot.test.autoconfigure.web.servlet.MockMvcPrintOnlyOnFailureTestExecutionListener, org.springframework.boot.test.autoconfigure.web.servlet.WebDriverTestExecutionListener, org.springframework.boot.test.autoconfigure.webservices.client.MockWebServiceServerTestExecutionListener, org.springframework.boot.test.mock.mockito.MockitoTestExecutionListener, org.springframework.boot.test.mock.mockito.ResetMocksTestExecutionListener, org.springframework.test.context.web.ServletTestExecutionListener, org.springframework.test.context.support.DirtiesContextBeforeModesTestExecutionListener, org.springframework.test.context.support.DependencyInjectionTestExecutionListener, org.springframework.test.context.support.DirtiesContextTestExecutionListener, org.springframework.test.context.transaction.TransactionalTestExecutionListener, org.springframework.test.context.jdbc.SqlScriptsTestExecutionListener, org.springframework.test.context.event.EventPublishingTestExecutionListener]
2021-07-15 03:59:11.398  INFO 60266 --- [    Test worker] .b.t.c.SpringBootTestContextBootstrapper : Using TestExecutionListeners: [org.springframework.test.context.web.ServletTestExecutionListener@4904ac4, org.springframework.test.context.support.DirtiesContextBeforeModesTestExecutionListener@3bdccfea, org.springframework.boot.test.mock.mockito.MockitoTestExecutionListener@3069245a, org.springframework.boot.test.autoconfigure.SpringBootDependencyInjectionTestExecutionListener@51e47a86, org.springframework.test.context.support.DirtiesContextTestExecutionListener@5724dc14, org.springframework.test.context.transaction.TransactionalTestExecutionListener@adaea85, org.springframework.test.context.jdbc.SqlScriptsTestExecutionListener@73e85470, org.springframework.test.context.event.EventPublishingTestExecutionListener@1aa20c1, org.springframework.boot.test.autoconfigure.restdocs.RestDocsTestExecutionListener@701f989c, org.springframework.boot.test.autoconfigure.web.client.MockRestServiceServerResetTestExecutionListener@2d4cdad8, org.springframework.boot.test.autoconfigure.web.servlet.MockMvcPrintOnlyOnFailureTestExecutionListener@1c3650d5, org.springframework.boot.test.autoconfigure.web.servlet.WebDriverTestExecutionListener@4ccac7ba, org.springframework.boot.test.autoconfigure.webservices.client.MockWebServiceServerTestExecutionListener@409d7dc7, org.springframework.boot.test.mock.mockito.ResetMocksTestExecutionListener@bccf516]
Hibernate: 
    
SET
    REFERENTIAL_INTEGRITY FALSE
Hibernate: 
    TRUNCATE TABLE section
Hibernate: 
    ALTER TABLE section ALTER COLUMN ID RESTART WITH 1
Hibernate: 
    TRUNCATE TABLE line
Hibernate: 
    ALTER TABLE line ALTER COLUMN ID RESTART WITH 1
Hibernate: 
    TRUNCATE TABLE station
Hibernate: 
    ALTER TABLE station ALTER COLUMN ID RESTART WITH 1
Hibernate: 
    TRUNCATE TABLE member
Hibernate: 
    ALTER TABLE member ALTER COLUMN ID RESTART WITH 1
Hibernate: 
    TRUNCATE TABLE favorite
Hibernate: 
    ALTER TABLE favorite ALTER COLUMN ID RESTART WITH 1
Hibernate: 
    
SET
    REFERENTIAL_INTEGRITY TRUE
Request method:	POST
Request URI:	http://localhost:52504/stations
Proxy:			<none>
Request params:	<none>
Query params:	<none>
Form params:	<none>
Path params:	<none>
Headers:		Accept=*/*
				Content-Type=application/json; charset=UTF-8
Cookies:		<none>
Multiparts:		<none>
Body:
{
    "name": "강남역"
}
Hibernate: 
    insert 
    into
        station
        (id, created_date, modified_date, name) 
    values
        (null, ?, ?, ?)
2021-07-15 03:59:11.412 TRACE 60266 --- [o-auto-1-exec-3] o.h.type.descriptor.sql.BasicBinder      : binding parameter [1] as [TIMESTAMP] - [2021-07-15T03:59:11.411726]
2021-07-15 03:59:11.412 TRACE 60266 --- [o-auto-1-exec-3] o.h.type.descriptor.sql.BasicBinder      : binding parameter [2] as [TIMESTAMP] - [2021-07-15T03:59:11.411726]
2021-07-15 03:59:11.412 TRACE 60266 --- [o-auto-1-exec-3] o.h.type.descriptor.sql.BasicBinder      : binding parameter [3] as [VARCHAR] - [강남역]
POST /stations HTTP/1.1
accept: */*
content-type: application/json; charset=UTF-8
content-length: 20
host: localhost:52504
connection: Keep-Alive
user-agent: Apache-HttpClient/4.5.13 (Java/11.0.9.1)
accept-encoding: gzip,deflate



HTTP/1.1 201 Created
Transfer-Encoding: chunked
Keep-Alive: timeout=60
Connection: keep-alive
Date: Wed, 14 Jul 2021 18:59:10 GMT
Location: /stations/1
Content-Type: application/json



HTTP/1.1 201 
Location: /stations/1
Content-Type: application/json
Transfer-Encoding: chunked
Date: Wed, 14 Jul 2021 18:59:10 GMT
Keep-Alive: timeout=60
Connection: keep-alive

{
    "id": 1,
    "name": "강남역",
    "createdDate": "2021-07-15T03:59:11.411726",
    "modifiedDate": "2021-07-15T03:59:11.411726"
}
Request method:	DELETE
Request URI:	http://localhost:52504/stations/1
Proxy:			<none>
Request params:	<none>
Query params:	<none>
Form params:	<none>
Path params:	<none>
Headers:		Accept=*/*
Cookies:		<none>
Multiparts:		<none>
Body:			<none>
Hibernate: 
    select
        station0_.id as id1_4_0_,
        station0_.created_date as created_2_4_0_,
        station0_.modified_date as modified3_4_0_,
        station0_.name as name4_4_0_ 
    from
        station station0_ 
    where
        station0_.id=?
2021-07-15 03:59:11.419 TRACE 60266 --- [o-auto-1-exec-4] o.h.type.descriptor.sql.BasicBinder      : binding parameter [1] as [BIGINT] - [1]
2021-07-15 03:59:11.420 TRACE 60266 --- [o-auto-1-exec-4] o.h.type.descriptor.sql.BasicExtractor   : extracted value ([created_2_4_0_] : [TIMESTAMP]) - [2021-07-15T03:59:11.411726]
2021-07-15 03:59:11.420 TRACE 60266 --- [o-auto-1-exec-4] o.h.type.descriptor.sql.BasicExtractor   : extracted value ([modified3_4_0_] : [TIMESTAMP]) - [2021-07-15T03:59:11.411726]
2021-07-15 03:59:11.420 TRACE 60266 --- [o-auto-1-exec-4] o.h.type.descriptor.sql.BasicExtractor   : extracted value ([name4_4_0_] : [VARCHAR]) - [강남역]
Hibernate: 
    delete 
    from
        station 
    where
        id=?
2021-07-15 03:59:11.421 TRACE 60266 --- [o-auto-1-exec-4] o.h.type.descriptor.sql.BasicBinder      : binding parameter [1] as [BIGINT] - [1]
DELETE /stations/1 HTTP/1.1
accept: */*
host: localhost:52504
connection: Keep-Alive
user-agent: Apache-HttpClient/4.5.13 (Java/11.0.9.1)
accept-encoding: gzip,deflate



HTTP/1.1 204 No Content
Keep-Alive: timeout=60
Connection: keep-alive
Date: Wed, 14 Jul 2021 18:59:10 GMT



HTTP/1.1 204 
Date: Wed, 14 Jul 2021 18:59:10 GMT
Keep-Alive: timeout=60
Connection: keep-alive
Hibernate: 
    
SET
    REFERENTIAL_INTEGRITY FALSE
Hibernate: 
    TRUNCATE TABLE section
Hibernate: 
    ALTER TABLE section ALTER COLUMN ID RESTART WITH 1
Hibernate: 
    TRUNCATE TABLE line
Hibernate: 
    ALTER TABLE line ALTER COLUMN ID RESTART WITH 1
Hibernate: 
    TRUNCATE TABLE station
Hibernate: 
    ALTER TABLE station ALTER COLUMN ID RESTART WITH 1
Hibernate: 
    TRUNCATE TABLE member
Hibernate: 
    ALTER TABLE member ALTER COLUMN ID RESTART WITH 1
Hibernate: 
    TRUNCATE TABLE favorite
Hibernate: 
    ALTER TABLE favorite ALTER COLUMN ID RESTART WITH 1
Hibernate: 
    
SET
    REFERENTIAL_INTEGRITY TRUE
Request method:	POST
Request URI:	http://localhost:52504/stations
Proxy:			<none>
Request params:	<none>
Query params:	<none>
Form params:	<none>
Path params:	<none>
Headers:		Accept=*/*
				Content-Type=application/json; charset=UTF-8
Cookies:		<none>
Multiparts:		<none>
Body:
{
    "name": "강남역"
}
Hibernate: 
    insert 
    into
        station
        (id, created_date, modified_date, name) 
    values
        (null, ?, ?, ?)
2021-07-15 03:59:11.436 TRACE 60266 --- [o-auto-1-exec-5] o.h.type.descriptor.sql.BasicBinder      : binding parameter [1] as [TIMESTAMP] - [2021-07-15T03:59:11.436522]
2021-07-15 03:59:11.437 TRACE 60266 --- [o-auto-1-exec-5] o.h.type.descriptor.sql.BasicBinder      : binding parameter [2] as [TIMESTAMP] - [2021-07-15T03:59:11.436522]
2021-07-15 03:59:11.437 TRACE 60266 --- [o-auto-1-exec-5] o.h.type.descriptor.sql.BasicBinder      : binding parameter [3] as [VARCHAR] - [강남역]
POST /stations HTTP/1.1
accept: */*
content-type: application/json; charset=UTF-8
content-length: 20
host: localhost:52504
connection: Keep-Alive
user-agent: Apache-HttpClient/4.5.13 (Java/11.0.9.1)
accept-encoding: gzip,deflate



HTTP/1.1 201 Created
Transfer-Encoding: chunked
Keep-Alive: timeout=60
Connection: keep-alive
Date: Wed, 14 Jul 2021 18:59:10 GMT
Location: /stations/1
Content-Type: application/json



HTTP/1.1 201 
Location: /stations/1
Content-Type: application/json
Transfer-Encoding: chunked
Date: Wed, 14 Jul 2021 18:59:10 GMT
Keep-Alive: timeout=60
Connection: keep-alive

{
    "id": 1,
    "name": "강남역",
    "createdDate": "2021-07-15T03:59:11.436522",
    "modifiedDate": "2021-07-15T03:59:11.436522"
}
Request method:	POST
Request URI:	http://localhost:52504/stations
Proxy:			<none>
Request params:	<none>
Query params:	<none>
Form params:	<none>
Path params:	<none>
Headers:		Accept=*/*
				Content-Type=application/json; charset=UTF-8
Cookies:		<none>
Multiparts:		<none>
Body:
{
    "name": "역삼역"
}
Hibernate: 
    insert 
    into
        station
        (id, created_date, modified_date, name) 
    values
        (null, ?, ?, ?)
2021-07-15 03:59:11.445 TRACE 60266 --- [o-auto-1-exec-6] o.h.type.descriptor.sql.BasicBinder      : binding parameter [1] as [TIMESTAMP] - [2021-07-15T03:59:11.444907]
2021-07-15 03:59:11.445 TRACE 60266 --- [o-auto-1-exec-6] o.h.type.descriptor.sql.BasicBinder      : binding parameter [2] as [TIMESTAMP] - [2021-07-15T03:59:11.444907]
2021-07-15 03:59:11.445 TRACE 60266 --- [o-auto-1-exec-6] o.h.type.descriptor.sql.BasicBinder      : binding parameter [3] as [VARCHAR] - [역삼역]
POST /stations HTTP/1.1
accept: */*
content-type: application/json; charset=UTF-8
content-length: 20
host: localhost:52504
connection: Keep-Alive
user-agent: Apache-HttpClient/4.5.13 (Java/11.0.9.1)
accept-encoding: gzip,deflate



HTTP/1.1 201 Created
Transfer-Encoding: chunked
Keep-Alive: timeout=60
Connection: keep-alive
Date: Wed, 14 Jul 2021 18:59:10 GMT
Location: /stations/2
Content-Type: application/json



HTTP/1.1 201 
Location: /stations/2
Content-Type: application/json
Transfer-Encoding: chunked
Date: Wed, 14 Jul 2021 18:59:10 GMT
Keep-Alive: timeout=60
Connection: keep-alive

{
    "id": 2,
    "name": "역삼역",
    "createdDate": "2021-07-15T03:59:11.444907",
    "modifiedDate": "2021-07-15T03:59:11.444907"
}
Request method:	GET
Request URI:	http://localhost:52504/stations
Proxy:			<none>
Request params:	<none>
Query params:	<none>
Form params:	<none>
Path params:	<none>
Headers:		Accept=*/*
Cookies:		<none>
Multiparts:		<none>
Body:			<none>
Hibernate: 
    select
        station0_.id as id1_4_,
        station0_.created_date as created_2_4_,
        station0_.modified_date as modified3_4_,
        station0_.name as name4_4_ 
    from
        station station0_
2021-07-15 03:59:11.453 TRACE 60266 --- [o-auto-1-exec-7] o.h.type.descriptor.sql.BasicExtractor   : extracted value ([id1_4_] : [BIGINT]) - [1]
2021-07-15 03:59:11.453 TRACE 60266 --- [o-auto-1-exec-7] o.h.type.descriptor.sql.BasicExtractor   : extracted value ([created_2_4_] : [TIMESTAMP]) - [2021-07-15T03:59:11.436522]
2021-07-15 03:59:11.453 TRACE 60266 --- [o-auto-1-exec-7] o.h.type.descriptor.sql.BasicExtractor   : extracted value ([modified3_4_] : [TIMESTAMP]) - [2021-07-15T03:59:11.436522]
2021-07-15 03:59:11.453 TRACE 60266 --- [o-auto-1-exec-7] o.h.type.descriptor.sql.BasicExtractor   : extracted value ([name4_4_] : [VARCHAR]) - [강남역]
2021-07-15 03:59:11.453 TRACE 60266 --- [o-auto-1-exec-7] o.h.type.descriptor.sql.BasicExtractor   : extracted value ([id1_4_] : [BIGINT]) - [2]
2021-07-15 03:59:11.453 TRACE 60266 --- [o-auto-1-exec-7] o.h.type.descriptor.sql.BasicExtractor   : extracted value ([created_2_4_] : [TIMESTAMP]) - [2021-07-15T03:59:11.444907]
2021-07-15 03:59:11.453 TRACE 60266 --- [o-auto-1-exec-7] o.h.type.descriptor.sql.BasicExtractor   : extracted value ([modified3_4_] : [TIMESTAMP]) - [2021-07-15T03:59:11.444907]
2021-07-15 03:59:11.453 TRACE 60266 --- [o-auto-1-exec-7] o.h.type.descriptor.sql.BasicExtractor   : extracted value ([name4_4_] : [VARCHAR]) - [역삼역]
GET /stations HTTP/1.1
accept: */*
host: localhost:52504
connection: Keep-Alive
user-agent: Apache-HttpClient/4.5.13 (Java/11.0.9.1)
accept-encoding: gzip,deflate



HTTP/1.1 200 OK
Transfer-Encoding: chunked
Keep-Alive: timeout=60
Connection: keep-alive
Date: Wed, 14 Jul 2021 18:59:10 GMT
Content-Type: application/json



HTTP/1.1 200 
Content-Type: application/json
Transfer-Encoding: chunked
Date: Wed, 14 Jul 2021 18:59:10 GMT
Keep-Alive: timeout=60
Connection: keep-alive

[
    {
        "id": 1,
        "name": "강남역",
        "createdDate": "2021-07-15T03:59:11.436522",
        "modifiedDate": "2021-07-15T03:59:11.436522"
    },
    {
        "id": 2,
        "name": "역삼역",
        "createdDate": "2021-07-15T03:59:11.444907",
        "modifiedDate": "2021-07-15T03:59:11.444907"
    }
]
Hibernate: 
    
SET
    REFERENTIAL_INTEGRITY FALSE
Hibernate: 
    TRUNCATE TABLE section
Hibernate: 
    ALTER TABLE section ALTER COLUMN ID RESTART WITH 1
Hibernate: 
    TRUNCATE TABLE line
Hibernate: 
    ALTER TABLE line ALTER COLUMN ID RESTART WITH 1
Hibernate: 
    TRUNCATE TABLE station
Hibernate: 
    ALTER TABLE station ALTER COLUMN ID RESTART WITH 1
Hibernate: 
    TRUNCATE TABLE member
Hibernate: 
    ALTER TABLE member ALTER COLUMN ID RESTART WITH 1
Hibernate: 
    TRUNCATE TABLE favorite
Hibernate: 
    ALTER TABLE favorite ALTER COLUMN ID RESTART WITH 1
Hibernate: 
    
SET
    REFERENTIAL_INTEGRITY TRUE
Request method:	POST
Request URI:	http://localhost:52504/stations
Proxy:			<none>
Request params:	<none>
Query params:	<none>
Form params:	<none>
Path params:	<none>
Headers:		Accept=*/*
				Content-Type=application/json; charset=UTF-8
Cookies:		<none>
Multiparts:		<none>
Body:
{
    "name": "강남역"
}
Hibernate: 
    insert 
    into
        station
        (id, created_date, modified_date, name) 
    values
        (null, ?, ?, ?)
2021-07-15 03:59:11.474 TRACE 60266 --- [-auto-1-exec-10] o.h.type.descriptor.sql.BasicBinder      : binding parameter [1] as [TIMESTAMP] - [2021-07-15T03:59:11.474533]
2021-07-15 03:59:11.474 TRACE 60266 --- [-auto-1-exec-10] o.h.type.descriptor.sql.BasicBinder      : binding parameter [2] as [TIMESTAMP] - [2021-07-15T03:59:11.474533]
2021-07-15 03:59:11.475 TRACE 60266 --- [-auto-1-exec-10] o.h.type.descriptor.sql.BasicBinder      : binding parameter [3] as [VARCHAR] - [강남역]
POST /stations HTTP/1.1
accept: */*
content-type: application/json; charset=UTF-8
content-length: 20
host: localhost:52504
connection: Keep-Alive
user-agent: Apache-HttpClient/4.5.13 (Java/11.0.9.1)
accept-encoding: gzip,deflate



HTTP/1.1 201 Created
Transfer-Encoding: chunked
Keep-Alive: timeout=60
Connection: keep-alive
Date: Wed, 14 Jul 2021 18:59:10 GMT
Location: /stations/1
Content-Type: application/json



HTTP/1.1 201 
Location: /stations/1
Content-Type: application/json
Transfer-Encoding: chunked
Date: Wed, 14 Jul 2021 18:59:10 GMT
Keep-Alive: timeout=60
Connection: keep-alive

{
    "id": 1,
    "name": "강남역",
    "createdDate": "2021-07-15T03:59:11.474533",
    "modifiedDate": "2021-07-15T03:59:11.474533"
}
Hibernate: 
    
SET
    REFERENTIAL_INTEGRITY FALSE
Hibernate: 
    TRUNCATE TABLE section
Hibernate: 
    ALTER TABLE section ALTER COLUMN ID RESTART WITH 1
Hibernate: 
    TRUNCATE TABLE line
Hibernate: 
    ALTER TABLE line ALTER COLUMN ID RESTART WITH 1
Hibernate: 
    TRUNCATE TABLE station
Hibernate: 
    ALTER TABLE station ALTER COLUMN ID RESTART WITH 1
Hibernate: 
    TRUNCATE TABLE member
Hibernate: 
    ALTER TABLE member ALTER COLUMN ID RESTART WITH 1
Hibernate: 
    TRUNCATE TABLE favorite
Hibernate: 
    ALTER TABLE favorite ALTER COLUMN ID RESTART WITH 1
Hibernate: 
    
SET
    REFERENTIAL_INTEGRITY TRUE
Request method:	POST
Request URI:	http://localhost:52504/stations
Proxy:			<none>
Request params:	<none>
Query params:	<none>
Form params:	<none>
Path params:	<none>
Headers:		Accept=*/*
				Content-Type=application/json; charset=UTF-8
Cookies:		<none>
Multiparts:		<none>
Body:
{
    "name": "강남역"
}
Hibernate: 
    insert 
    into
        station
        (id, created_date, modified_date, name) 
    values
        (null, ?, ?, ?)
2021-07-15 03:59:11.490 TRACE 60266 --- [o-auto-1-exec-9] o.h.type.descriptor.sql.BasicBinder      : binding parameter [1] as [TIMESTAMP] - [2021-07-15T03:59:11.490327]
2021-07-15 03:59:11.490 TRACE 60266 --- [o-auto-1-exec-9] o.h.type.descriptor.sql.BasicBinder      : binding parameter [2] as [TIMESTAMP] - [2021-07-15T03:59:11.490327]
2021-07-15 03:59:11.490 TRACE 60266 --- [o-auto-1-exec-9] o.h.type.descriptor.sql.BasicBinder      : binding parameter [3] as [VARCHAR] - [강남역]
POST /stations HTTP/1.1
accept: */*
content-type: application/json; charset=UTF-8
content-length: 20
host: localhost:52504
connection: Keep-Alive
user-agent: Apache-HttpClient/4.5.13 (Java/11.0.9.1)
accept-encoding: gzip,deflate



HTTP/1.1 201 Created
Transfer-Encoding: chunked
Keep-Alive: timeout=60
Connection: keep-alive
Date: Wed, 14 Jul 2021 18:59:10 GMT
Location: /stations/1
Content-Type: application/json



HTTP/1.1 201 
Location: /stations/1
Content-Type: application/json
Transfer-Encoding: chunked
Date: Wed, 14 Jul 2021 18:59:10 GMT
Keep-Alive: timeout=60
Connection: keep-alive

{
    "id": 1,
    "name": "강남역",
    "createdDate": "2021-07-15T03:59:11.490327",
    "modifiedDate": "2021-07-15T03:59:11.490327"
}
Request method:	POST
Request URI:	http://localhost:52504/stations
Proxy:			<none>
Request params:	<none>
Query params:	<none>
Form params:	<none>
Path params:	<none>
Headers:		Accept=*/*
				Content-Type=application/json; charset=UTF-8
Cookies:		<none>
Multiparts:		<none>
Body:
{
    "name": "강남역"
}
Hibernate: 
    insert 
    into
        station
        (id, created_date, modified_date, name) 
    values
        (null, ?, ?, ?)
2021-07-15 03:59:11.498 TRACE 60266 --- [o-auto-1-exec-1] o.h.type.descriptor.sql.BasicBinder      : binding parameter [1] as [TIMESTAMP] - [2021-07-15T03:59:11.498416]
2021-07-15 03:59:11.498 TRACE 60266 --- [o-auto-1-exec-1] o.h.type.descriptor.sql.BasicBinder      : binding parameter [2] as [TIMESTAMP] - [2021-07-15T03:59:11.498416]
2021-07-15 03:59:11.498 TRACE 60266 --- [o-auto-1-exec-1] o.h.type.descriptor.sql.BasicBinder      : binding parameter [3] as [VARCHAR] - [강남역]
2021-07-15 03:59:11.499  WARN 60266 --- [o-auto-1-exec-1] o.h.engine.jdbc.spi.SqlExceptionHelper   : SQL Error: 23505, SQLState: 23505
2021-07-15 03:59:11.499 ERROR 60266 --- [o-auto-1-exec-1] o.h.engine.jdbc.spi.SqlExceptionHelper   : Unique index or primary key violation: "PUBLIC.UK_GNNEUC0PEQ2QI08YFTDJHY7OK_INDEX_B ON PUBLIC.STATION(NAME) VALUES 1"; SQL statement:
insert into station (id, created_date, modified_date, name) values (null, ?, ?, ?) [23505-200]
POST /stations HTTP/1.1
accept: */*
content-type: application/json; charset=UTF-8
content-length: 20
host: localhost:52504
connection: Keep-Alive
user-agent: Apache-HttpClient/4.5.13 (Java/11.0.9.1)
accept-encoding: gzip,deflate



HTTP/1.1 400 Bad Request
Connection: close
Content-Length: 0
Date: Wed, 14 Jul 2021 18:59:10 GMT



HTTP/1.1 400 
Content-Length: 0
Date: Wed, 14 Jul 2021 18:59:10 GMT
Connection: close
]]></system-out>
  <system-err><![CDATA[]]></system-err>
</testsuite>
