<?xml version="1.0" encoding="UTF-8"?>
<testsuite name="지하철 경로 조회" tests="1" skipped="0" failures="0" errors="0" timestamp="2021-07-14T18:59:10" hostname="kyle.local" time="0.152">
  <properties/>
  <testcase name="두 역의 최단 거리 경로를 조회한다." classname="nextstep.subway.path.PathAcceptanceTest" time="0.152"/>
  <system-out><![CDATA[2021-07-15 03:59:10.590  INFO 60266 --- [    Test worker] .b.t.c.SpringBootTestContextBootstrapper : Neither @ContextConfiguration nor @ContextHierarchy found for test class [nextstep.subway.path.PathAcceptanceTest], using SpringBootContextLoader
2021-07-15 03:59:10.591  INFO 60266 --- [    Test worker] o.s.t.c.support.AbstractContextLoader    : Could not detect default resource locations for test class [nextstep.subway.path.PathAcceptanceTest]: no resource found for suffixes {-context.xml, Context.groovy}.
2021-07-15 03:59:10.591  INFO 60266 --- [    Test worker] t.c.s.AnnotationConfigContextLoaderUtils : Could not detect default configuration classes for test class [nextstep.subway.path.PathAcceptanceTest]: PathAcceptanceTest does not declare any static, non-private, non-final, nested classes annotated with @Configuration.
2021-07-15 03:59:10.594  INFO 60266 --- [    Test worker] .b.t.c.SpringBootTestContextBootstrapper : Found @SpringBootConfiguration nextstep.subway.SubwayApplication for test class nextstep.subway.path.PathAcceptanceTest
2021-07-15 03:59:10.595  INFO 60266 --- [    Test worker] .b.t.c.SpringBootTestContextBootstrapper : Loaded default TestExecutionListener class names from location [META-INF/spring.factories]: [org.springframework.boot.test.autoconfigure.restdocs.RestDocsTestExecutionListener, org.springframework.boot.test.autoconfigure.web.client.MockRestServiceServerResetTestExecutionListener, org.springframework.boot.test.autoconfigure.web.servlet.MockMvcPrintOnlyOnFailureTestExecutionListener, org.springframework.boot.test.autoconfigure.web.servlet.WebDriverTestExecutionListener, org.springframework.boot.test.autoconfigure.webservices.client.MockWebServiceServerTestExecutionListener, org.springframework.boot.test.mock.mockito.MockitoTestExecutionListener, org.springframework.boot.test.mock.mockito.ResetMocksTestExecutionListener, org.springframework.test.context.web.ServletTestExecutionListener, org.springframework.test.context.support.DirtiesContextBeforeModesTestExecutionListener, org.springframework.test.context.support.DependencyInjectionTestExecutionListener, org.springframework.test.context.support.DirtiesContextTestExecutionListener, org.springframework.test.context.transaction.TransactionalTestExecutionListener, org.springframework.test.context.jdbc.SqlScriptsTestExecutionListener, org.springframework.test.context.event.EventPublishingTestExecutionListener]
2021-07-15 03:59:10.595  INFO 60266 --- [    Test worker] .b.t.c.SpringBootTestContextBootstrapper : Using TestExecutionListeners: [org.springframework.test.context.web.ServletTestExecutionListener@580abc7d, org.springframework.test.context.support.DirtiesContextBeforeModesTestExecutionListener@78ffeb4b, org.springframework.boot.test.mock.mockito.MockitoTestExecutionListener@3c0049b2, org.springframework.boot.test.autoconfigure.SpringBootDependencyInjectionTestExecutionListener@5a71aa1a, org.springframework.test.context.support.DirtiesContextTestExecutionListener@57951c7d, org.springframework.test.context.transaction.TransactionalTestExecutionListener@50b70077, org.springframework.test.context.jdbc.SqlScriptsTestExecutionListener@6ec48e0a, org.springframework.test.context.event.EventPublishingTestExecutionListener@3932c8b2, org.springframework.boot.test.autoconfigure.restdocs.RestDocsTestExecutionListener@46bb4d1d, org.springframework.boot.test.autoconfigure.web.client.MockRestServiceServerResetTestExecutionListener@2e675905, org.springframework.boot.test.autoconfigure.web.servlet.MockMvcPrintOnlyOnFailureTestExecutionListener@6419261d, org.springframework.boot.test.autoconfigure.web.servlet.WebDriverTestExecutionListener@4bc10574, org.springframework.boot.test.autoconfigure.webservices.client.MockWebServiceServerTestExecutionListener@570e6ab4, org.springframework.boot.test.mock.mockito.ResetMocksTestExecutionListener@4335ae21]
Hibernate: 
    
SET
    REFERENTIAL_INTEGRITY FALSE
Hibernate: 
    TRUNCATE TABLE section
Hibernate: 
    ALTER TABLE section ALTER COLUMN ID RESTART WITH 1
Hibernate: 
    TRUNCATE TABLE line
Hibernate: 
    ALTER TABLE line ALTER COLUMN ID RESTART WITH 1
Hibernate: 
    TRUNCATE TABLE station
Hibernate: 
    ALTER TABLE station ALTER COLUMN ID RESTART WITH 1
Hibernate: 
    TRUNCATE TABLE member
Hibernate: 
    ALTER TABLE member ALTER COLUMN ID RESTART WITH 1
Hibernate: 
    TRUNCATE TABLE favorite
Hibernate: 
    ALTER TABLE favorite ALTER COLUMN ID RESTART WITH 1
Hibernate: 
    
SET
    REFERENTIAL_INTEGRITY TRUE
Request method:	POST
Request URI:	http://localhost:52504/stations
Proxy:			<none>
Request params:	<none>
Query params:	<none>
Form params:	<none>
Path params:	<none>
Headers:		Accept=*/*
				Content-Type=application/json; charset=UTF-8
Cookies:		<none>
Multiparts:		<none>
Body:
{
    "name": "강남역"
}
Hibernate: 
    insert 
    into
        station
        (id, created_date, modified_date, name) 
    values
        (null, ?, ?, ?)
2021-07-15 03:59:10.609 TRACE 60266 --- [o-auto-1-exec-4] o.h.type.descriptor.sql.BasicBinder      : binding parameter [1] as [TIMESTAMP] - [2021-07-15T03:59:10.609468]
2021-07-15 03:59:10.610 TRACE 60266 --- [o-auto-1-exec-4] o.h.type.descriptor.sql.BasicBinder      : binding parameter [2] as [TIMESTAMP] - [2021-07-15T03:59:10.609468]
2021-07-15 03:59:10.610 TRACE 60266 --- [o-auto-1-exec-4] o.h.type.descriptor.sql.BasicBinder      : binding parameter [3] as [VARCHAR] - [강남역]
POST /stations HTTP/1.1
accept: */*
content-type: application/json; charset=UTF-8
content-length: 20
host: localhost:52504
connection: Keep-Alive
user-agent: Apache-HttpClient/4.5.13 (Java/11.0.9.1)
accept-encoding: gzip,deflate



HTTP/1.1 201 Created
Transfer-Encoding: chunked
Keep-Alive: timeout=60
Connection: keep-alive
Date: Wed, 14 Jul 2021 18:59:09 GMT
Location: /stations/1
Content-Type: application/json



HTTP/1.1 201 
Location: /stations/1
Content-Type: application/json
Transfer-Encoding: chunked
Date: Wed, 14 Jul 2021 18:59:09 GMT
Keep-Alive: timeout=60
Connection: keep-alive

{
    "id": 1,
    "name": "강남역",
    "createdDate": "2021-07-15T03:59:10.609468",
    "modifiedDate": "2021-07-15T03:59:10.609468"
}
Request method:	POST
Request URI:	http://localhost:52504/stations
Proxy:			<none>
Request params:	<none>
Query params:	<none>
Form params:	<none>
Path params:	<none>
Headers:		Accept=*/*
				Content-Type=application/json; charset=UTF-8
Cookies:		<none>
Multiparts:		<none>
Body:
{
    "name": "양재역"
}
Hibernate: 
    insert 
    into
        station
        (id, created_date, modified_date, name) 
    values
        (null, ?, ?, ?)
2021-07-15 03:59:10.621 TRACE 60266 --- [o-auto-1-exec-5] o.h.type.descriptor.sql.BasicBinder      : binding parameter [1] as [TIMESTAMP] - [2021-07-15T03:59:10.620826]
2021-07-15 03:59:10.621 TRACE 60266 --- [o-auto-1-exec-5] o.h.type.descriptor.sql.BasicBinder      : binding parameter [2] as [TIMESTAMP] - [2021-07-15T03:59:10.620826]
2021-07-15 03:59:10.621 TRACE 60266 --- [o-auto-1-exec-5] o.h.type.descriptor.sql.BasicBinder      : binding parameter [3] as [VARCHAR] - [양재역]
POST /stations HTTP/1.1
accept: */*
content-type: application/json; charset=UTF-8
content-length: 20
host: localhost:52504
connection: Keep-Alive
user-agent: Apache-HttpClient/4.5.13 (Java/11.0.9.1)
accept-encoding: gzip,deflate



HTTP/1.1 201 Created
Transfer-Encoding: chunked
Keep-Alive: timeout=60
Connection: keep-alive
Date: Wed, 14 Jul 2021 18:59:09 GMT
Location: /stations/2
Content-Type: application/json



HTTP/1.1 201 
Location: /stations/2
Content-Type: application/json
Transfer-Encoding: chunked
Date: Wed, 14 Jul 2021 18:59:09 GMT
Keep-Alive: timeout=60
Connection: keep-alive

{
    "id": 2,
    "name": "양재역",
    "createdDate": "2021-07-15T03:59:10.620826",
    "modifiedDate": "2021-07-15T03:59:10.620826"
}
Request method:	POST
Request URI:	http://localhost:52504/stations
Proxy:			<none>
Request params:	<none>
Query params:	<none>
Form params:	<none>
Path params:	<none>
Headers:		Accept=*/*
				Content-Type=application/json; charset=UTF-8
Cookies:		<none>
Multiparts:		<none>
Body:
{
    "name": "교대역"
}
Hibernate: 
    insert 
    into
        station
        (id, created_date, modified_date, name) 
    values
        (null, ?, ?, ?)
2021-07-15 03:59:10.631 TRACE 60266 --- [o-auto-1-exec-6] o.h.type.descriptor.sql.BasicBinder      : binding parameter [1] as [TIMESTAMP] - [2021-07-15T03:59:10.631474]
2021-07-15 03:59:10.632 TRACE 60266 --- [o-auto-1-exec-6] o.h.type.descriptor.sql.BasicBinder      : binding parameter [2] as [TIMESTAMP] - [2021-07-15T03:59:10.631474]
2021-07-15 03:59:10.632 TRACE 60266 --- [o-auto-1-exec-6] o.h.type.descriptor.sql.BasicBinder      : binding parameter [3] as [VARCHAR] - [교대역]
POST /stations HTTP/1.1
accept: */*
content-type: application/json; charset=UTF-8
content-length: 20
host: localhost:52504
connection: Keep-Alive
user-agent: Apache-HttpClient/4.5.13 (Java/11.0.9.1)
accept-encoding: gzip,deflate



HTTP/1.1 201 Created
Transfer-Encoding: chunked
Keep-Alive: timeout=60
Connection: keep-alive
Date: Wed, 14 Jul 2021 18:59:09 GMT
Location: /stations/3
Content-Type: application/json



HTTP/1.1 201 
Location: /stations/3
Content-Type: application/json
Transfer-Encoding: chunked
Date: Wed, 14 Jul 2021 18:59:09 GMT
Keep-Alive: timeout=60
Connection: keep-alive

{
    "id": 3,
    "name": "교대역",
    "createdDate": "2021-07-15T03:59:10.631474",
    "modifiedDate": "2021-07-15T03:59:10.631474"
}
Request method:	POST
Request URI:	http://localhost:52504/stations
Proxy:			<none>
Request params:	<none>
Query params:	<none>
Form params:	<none>
Path params:	<none>
Headers:		Accept=*/*
				Content-Type=application/json; charset=UTF-8
Cookies:		<none>
Multiparts:		<none>
Body:
{
    "name": "남부터미널역"
}
Hibernate: 
    insert 
    into
        station
        (id, created_date, modified_date, name) 
    values
        (null, ?, ?, ?)
2021-07-15 03:59:10.643 TRACE 60266 --- [o-auto-1-exec-7] o.h.type.descriptor.sql.BasicBinder      : binding parameter [1] as [TIMESTAMP] - [2021-07-15T03:59:10.643208]
2021-07-15 03:59:10.643 TRACE 60266 --- [o-auto-1-exec-7] o.h.type.descriptor.sql.BasicBinder      : binding parameter [2] as [TIMESTAMP] - [2021-07-15T03:59:10.643208]
2021-07-15 03:59:10.643 TRACE 60266 --- [o-auto-1-exec-7] o.h.type.descriptor.sql.BasicBinder      : binding parameter [3] as [VARCHAR] - [남부터미널역]
POST /stations HTTP/1.1
accept: */*
content-type: application/json; charset=UTF-8
content-length: 29
host: localhost:52504
connection: Keep-Alive
user-agent: Apache-HttpClient/4.5.13 (Java/11.0.9.1)
accept-encoding: gzip,deflate



HTTP/1.1 201 Created
Transfer-Encoding: chunked
Keep-Alive: timeout=60
Connection: keep-alive
Date: Wed, 14 Jul 2021 18:59:09 GMT
Location: /stations/4
Content-Type: application/json



HTTP/1.1 201 
Location: /stations/4
Content-Type: application/json
Transfer-Encoding: chunked
Date: Wed, 14 Jul 2021 18:59:09 GMT
Keep-Alive: timeout=60
Connection: keep-alive

{
    "id": 4,
    "name": "남부터미널역",
    "createdDate": "2021-07-15T03:59:10.643208",
    "modifiedDate": "2021-07-15T03:59:10.643208"
}
Request method:	POST
Request URI:	http://localhost:52504/lines
Proxy:			<none>
Request params:	<none>
Query params:	<none>
Form params:	<none>
Path params:	<none>
Headers:		Accept=*/*
				Content-Type=application/json; charset=UTF-8
Cookies:		<none>
Multiparts:		<none>
Body:
{
    "color": "bg-red-600",
    "distance": "10",
    "name": "신분당선",
    "downStationId": "2",
    "upStationId": "1"
}
Hibernate: 
    select
        station0_.id as id1_4_0_,
        station0_.created_date as created_2_4_0_,
        station0_.modified_date as modified3_4_0_,
        station0_.name as name4_4_0_ 
    from
        station station0_ 
    where
        station0_.id=?
2021-07-15 03:59:10.655 TRACE 60266 --- [-auto-1-exec-10] o.h.type.descriptor.sql.BasicBinder      : binding parameter [1] as [BIGINT] - [1]
2021-07-15 03:59:10.655 TRACE 60266 --- [-auto-1-exec-10] o.h.type.descriptor.sql.BasicExtractor   : extracted value ([created_2_4_0_] : [TIMESTAMP]) - [2021-07-15T03:59:10.609468]
2021-07-15 03:59:10.655 TRACE 60266 --- [-auto-1-exec-10] o.h.type.descriptor.sql.BasicExtractor   : extracted value ([modified3_4_0_] : [TIMESTAMP]) - [2021-07-15T03:59:10.609468]
2021-07-15 03:59:10.655 TRACE 60266 --- [-auto-1-exec-10] o.h.type.descriptor.sql.BasicExtractor   : extracted value ([name4_4_0_] : [VARCHAR]) - [강남역]
Hibernate: 
    select
        station0_.id as id1_4_0_,
        station0_.created_date as created_2_4_0_,
        station0_.modified_date as modified3_4_0_,
        station0_.name as name4_4_0_ 
    from
        station station0_ 
    where
        station0_.id=?
2021-07-15 03:59:10.656 TRACE 60266 --- [-auto-1-exec-10] o.h.type.descriptor.sql.BasicBinder      : binding parameter [1] as [BIGINT] - [2]
2021-07-15 03:59:10.656 TRACE 60266 --- [-auto-1-exec-10] o.h.type.descriptor.sql.BasicExtractor   : extracted value ([created_2_4_0_] : [TIMESTAMP]) - [2021-07-15T03:59:10.620826]
2021-07-15 03:59:10.656 TRACE 60266 --- [-auto-1-exec-10] o.h.type.descriptor.sql.BasicExtractor   : extracted value ([modified3_4_0_] : [TIMESTAMP]) - [2021-07-15T03:59:10.620826]
2021-07-15 03:59:10.656 TRACE 60266 --- [-auto-1-exec-10] o.h.type.descriptor.sql.BasicExtractor   : extracted value ([name4_4_0_] : [VARCHAR]) - [양재역]
Hibernate: 
    insert 
    into
        line
        (id, created_date, modified_date, color, name) 
    values
        (null, ?, ?, ?, ?)
2021-07-15 03:59:10.658 TRACE 60266 --- [-auto-1-exec-10] o.h.type.descriptor.sql.BasicBinder      : binding parameter [1] as [TIMESTAMP] - [2021-07-15T03:59:10.658030]
2021-07-15 03:59:10.658 TRACE 60266 --- [-auto-1-exec-10] o.h.type.descriptor.sql.BasicBinder      : binding parameter [2] as [TIMESTAMP] - [2021-07-15T03:59:10.658030]
2021-07-15 03:59:10.658 TRACE 60266 --- [-auto-1-exec-10] o.h.type.descriptor.sql.BasicBinder      : binding parameter [3] as [VARCHAR] - [bg-red-600]
2021-07-15 03:59:10.658 TRACE 60266 --- [-auto-1-exec-10] o.h.type.descriptor.sql.BasicBinder      : binding parameter [4] as [VARCHAR] - [신분당선]
Hibernate: 
    insert 
    into
        section
        (id, distance, down_station_id, line_id, up_station_id) 
    values
        (null, ?, ?, ?, ?)
2021-07-15 03:59:10.659 TRACE 60266 --- [-auto-1-exec-10] o.h.type.descriptor.sql.BasicBinder      : binding parameter [1] as [INTEGER] - [10]
2021-07-15 03:59:10.659 TRACE 60266 --- [-auto-1-exec-10] o.h.type.descriptor.sql.BasicBinder      : binding parameter [2] as [BIGINT] - [2]
2021-07-15 03:59:10.659 TRACE 60266 --- [-auto-1-exec-10] o.h.type.descriptor.sql.BasicBinder      : binding parameter [3] as [BIGINT] - [1]
2021-07-15 03:59:10.659 TRACE 60266 --- [-auto-1-exec-10] o.h.type.descriptor.sql.BasicBinder      : binding parameter [4] as [BIGINT] - [1]
POST /lines HTTP/1.1
accept: */*
content-type: application/json; charset=UTF-8
content-length: 98
host: localhost:52504
connection: Keep-Alive
user-agent: Apache-HttpClient/4.5.13 (Java/11.0.9.1)
accept-encoding: gzip,deflate



HTTP/1.1 201 Created
Transfer-Encoding: chunked
Keep-Alive: timeout=60
Connection: keep-alive
Date: Wed, 14 Jul 2021 18:59:09 GMT
Location: /lines/1
Content-Type: application/json



HTTP/1.1 201 
Location: /lines/1
Content-Type: application/json
Transfer-Encoding: chunked
Date: Wed, 14 Jul 2021 18:59:09 GMT
Keep-Alive: timeout=60
Connection: keep-alive

{
    "id": 1,
    "name": "신분당선",
    "color": "bg-red-600",
    "stations": [
        {
            "id": 1,
            "name": "강남역",
            "createdDate": "2021-07-15T03:59:10.609468",
            "modifiedDate": "2021-07-15T03:59:10.609468"
        },
        {
            "id": 2,
            "name": "양재역",
            "createdDate": "2021-07-15T03:59:10.620826",
            "modifiedDate": "2021-07-15T03:59:10.620826"
        }
    ],
    "createdDate": "2021-07-15T03:59:10.65803",
    "modifiedDate": "2021-07-15T03:59:10.65803"
}
Request method:	POST
Request URI:	http://localhost:52504/lines
Proxy:			<none>
Request params:	<none>
Query params:	<none>
Form params:	<none>
Path params:	<none>
Headers:		Accept=*/*
				Content-Type=application/json; charset=UTF-8
Cookies:		<none>
Multiparts:		<none>
Body:
{
    "color": "bg-red-600",
    "distance": "10",
    "name": "이호선",
    "downStationId": "1",
    "upStationId": "3"
}
Hibernate: 
    select
        station0_.id as id1_4_0_,
        station0_.created_date as created_2_4_0_,
        station0_.modified_date as modified3_4_0_,
        station0_.name as name4_4_0_ 
    from
        station station0_ 
    where
        station0_.id=?
2021-07-15 03:59:10.672 TRACE 60266 --- [o-auto-1-exec-9] o.h.type.descriptor.sql.BasicBinder      : binding parameter [1] as [BIGINT] - [3]
2021-07-15 03:59:10.672 TRACE 60266 --- [o-auto-1-exec-9] o.h.type.descriptor.sql.BasicExtractor   : extracted value ([created_2_4_0_] : [TIMESTAMP]) - [2021-07-15T03:59:10.631474]
2021-07-15 03:59:10.672 TRACE 60266 --- [o-auto-1-exec-9] o.h.type.descriptor.sql.BasicExtractor   : extracted value ([modified3_4_0_] : [TIMESTAMP]) - [2021-07-15T03:59:10.631474]
2021-07-15 03:59:10.672 TRACE 60266 --- [o-auto-1-exec-9] o.h.type.descriptor.sql.BasicExtractor   : extracted value ([name4_4_0_] : [VARCHAR]) - [교대역]
Hibernate: 
    select
        station0_.id as id1_4_0_,
        station0_.created_date as created_2_4_0_,
        station0_.modified_date as modified3_4_0_,
        station0_.name as name4_4_0_ 
    from
        station station0_ 
    where
        station0_.id=?
2021-07-15 03:59:10.673 TRACE 60266 --- [o-auto-1-exec-9] o.h.type.descriptor.sql.BasicBinder      : binding parameter [1] as [BIGINT] - [1]
2021-07-15 03:59:10.673 TRACE 60266 --- [o-auto-1-exec-9] o.h.type.descriptor.sql.BasicExtractor   : extracted value ([created_2_4_0_] : [TIMESTAMP]) - [2021-07-15T03:59:10.609468]
2021-07-15 03:59:10.673 TRACE 60266 --- [o-auto-1-exec-9] o.h.type.descriptor.sql.BasicExtractor   : extracted value ([modified3_4_0_] : [TIMESTAMP]) - [2021-07-15T03:59:10.609468]
2021-07-15 03:59:10.673 TRACE 60266 --- [o-auto-1-exec-9] o.h.type.descriptor.sql.BasicExtractor   : extracted value ([name4_4_0_] : [VARCHAR]) - [강남역]
Hibernate: 
    insert 
    into
        line
        (id, created_date, modified_date, color, name) 
    values
        (null, ?, ?, ?, ?)
2021-07-15 03:59:10.674 TRACE 60266 --- [o-auto-1-exec-9] o.h.type.descriptor.sql.BasicBinder      : binding parameter [1] as [TIMESTAMP] - [2021-07-15T03:59:10.673706]
2021-07-15 03:59:10.674 TRACE 60266 --- [o-auto-1-exec-9] o.h.type.descriptor.sql.BasicBinder      : binding parameter [2] as [TIMESTAMP] - [2021-07-15T03:59:10.673706]
2021-07-15 03:59:10.674 TRACE 60266 --- [o-auto-1-exec-9] o.h.type.descriptor.sql.BasicBinder      : binding parameter [3] as [VARCHAR] - [bg-red-600]
2021-07-15 03:59:10.674 TRACE 60266 --- [o-auto-1-exec-9] o.h.type.descriptor.sql.BasicBinder      : binding parameter [4] as [VARCHAR] - [이호선]
Hibernate: 
    insert 
    into
        section
        (id, distance, down_station_id, line_id, up_station_id) 
    values
        (null, ?, ?, ?, ?)
2021-07-15 03:59:10.674 TRACE 60266 --- [o-auto-1-exec-9] o.h.type.descriptor.sql.BasicBinder      : binding parameter [1] as [INTEGER] - [10]
2021-07-15 03:59:10.674 TRACE 60266 --- [o-auto-1-exec-9] o.h.type.descriptor.sql.BasicBinder      : binding parameter [2] as [BIGINT] - [1]
2021-07-15 03:59:10.675 TRACE 60266 --- [o-auto-1-exec-9] o.h.type.descriptor.sql.BasicBinder      : binding parameter [3] as [BIGINT] - [2]
2021-07-15 03:59:10.675 TRACE 60266 --- [o-auto-1-exec-9] o.h.type.descriptor.sql.BasicBinder      : binding parameter [4] as [BIGINT] - [3]
POST /lines HTTP/1.1
accept: */*
content-type: application/json; charset=UTF-8
content-length: 95
host: localhost:52504
connection: Keep-Alive
user-agent: Apache-HttpClient/4.5.13 (Java/11.0.9.1)
accept-encoding: gzip,deflate



HTTP/1.1 201 Created
Transfer-Encoding: chunked
Keep-Alive: timeout=60
Connection: keep-alive
Date: Wed, 14 Jul 2021 18:59:09 GMT
Location: /lines/2
Content-Type: application/json



HTTP/1.1 201 
Location: /lines/2
Content-Type: application/json
Transfer-Encoding: chunked
Date: Wed, 14 Jul 2021 18:59:09 GMT
Keep-Alive: timeout=60
Connection: keep-alive

{
    "id": 2,
    "name": "이호선",
    "color": "bg-red-600",
    "stations": [
        {
            "id": 3,
            "name": "교대역",
            "createdDate": "2021-07-15T03:59:10.631474",
            "modifiedDate": "2021-07-15T03:59:10.631474"
        },
        {
            "id": 1,
            "name": "강남역",
            "createdDate": "2021-07-15T03:59:10.609468",
            "modifiedDate": "2021-07-15T03:59:10.609468"
        }
    ],
    "createdDate": "2021-07-15T03:59:10.673706",
    "modifiedDate": "2021-07-15T03:59:10.673706"
}
Request method:	POST
Request URI:	http://localhost:52504/lines
Proxy:			<none>
Request params:	<none>
Query params:	<none>
Form params:	<none>
Path params:	<none>
Headers:		Accept=*/*
				Content-Type=application/json; charset=UTF-8
Cookies:		<none>
Multiparts:		<none>
Body:
{
    "color": "bg-red-600",
    "distance": "5",
    "name": "삼호선",
    "downStationId": "2",
    "upStationId": "3"
}
Hibernate: 
    select
        station0_.id as id1_4_0_,
        station0_.created_date as created_2_4_0_,
        station0_.modified_date as modified3_4_0_,
        station0_.name as name4_4_0_ 
    from
        station station0_ 
    where
        station0_.id=?
2021-07-15 03:59:10.687 TRACE 60266 --- [o-auto-1-exec-1] o.h.type.descriptor.sql.BasicBinder      : binding parameter [1] as [BIGINT] - [3]
2021-07-15 03:59:10.688 TRACE 60266 --- [o-auto-1-exec-1] o.h.type.descriptor.sql.BasicExtractor   : extracted value ([created_2_4_0_] : [TIMESTAMP]) - [2021-07-15T03:59:10.631474]
2021-07-15 03:59:10.688 TRACE 60266 --- [o-auto-1-exec-1] o.h.type.descriptor.sql.BasicExtractor   : extracted value ([modified3_4_0_] : [TIMESTAMP]) - [2021-07-15T03:59:10.631474]
2021-07-15 03:59:10.688 TRACE 60266 --- [o-auto-1-exec-1] o.h.type.descriptor.sql.BasicExtractor   : extracted value ([name4_4_0_] : [VARCHAR]) - [교대역]
Hibernate: 
    select
        station0_.id as id1_4_0_,
        station0_.created_date as created_2_4_0_,
        station0_.modified_date as modified3_4_0_,
        station0_.name as name4_4_0_ 
    from
        station station0_ 
    where
        station0_.id=?
2021-07-15 03:59:10.688 TRACE 60266 --- [o-auto-1-exec-1] o.h.type.descriptor.sql.BasicBinder      : binding parameter [1] as [BIGINT] - [2]
2021-07-15 03:59:10.688 TRACE 60266 --- [o-auto-1-exec-1] o.h.type.descriptor.sql.BasicExtractor   : extracted value ([created_2_4_0_] : [TIMESTAMP]) - [2021-07-15T03:59:10.620826]
2021-07-15 03:59:10.688 TRACE 60266 --- [o-auto-1-exec-1] o.h.type.descriptor.sql.BasicExtractor   : extracted value ([modified3_4_0_] : [TIMESTAMP]) - [2021-07-15T03:59:10.620826]
2021-07-15 03:59:10.688 TRACE 60266 --- [o-auto-1-exec-1] o.h.type.descriptor.sql.BasicExtractor   : extracted value ([name4_4_0_] : [VARCHAR]) - [양재역]
Hibernate: 
    insert 
    into
        line
        (id, created_date, modified_date, color, name) 
    values
        (null, ?, ?, ?, ?)
2021-07-15 03:59:10.689 TRACE 60266 --- [o-auto-1-exec-1] o.h.type.descriptor.sql.BasicBinder      : binding parameter [1] as [TIMESTAMP] - [2021-07-15T03:59:10.689289]
2021-07-15 03:59:10.689 TRACE 60266 --- [o-auto-1-exec-1] o.h.type.descriptor.sql.BasicBinder      : binding parameter [2] as [TIMESTAMP] - [2021-07-15T03:59:10.689289]
2021-07-15 03:59:10.689 TRACE 60266 --- [o-auto-1-exec-1] o.h.type.descriptor.sql.BasicBinder      : binding parameter [3] as [VARCHAR] - [bg-red-600]
2021-07-15 03:59:10.689 TRACE 60266 --- [o-auto-1-exec-1] o.h.type.descriptor.sql.BasicBinder      : binding parameter [4] as [VARCHAR] - [삼호선]
Hibernate: 
    insert 
    into
        section
        (id, distance, down_station_id, line_id, up_station_id) 
    values
        (null, ?, ?, ?, ?)
2021-07-15 03:59:10.690 TRACE 60266 --- [o-auto-1-exec-1] o.h.type.descriptor.sql.BasicBinder      : binding parameter [1] as [INTEGER] - [5]
2021-07-15 03:59:10.690 TRACE 60266 --- [o-auto-1-exec-1] o.h.type.descriptor.sql.BasicBinder      : binding parameter [2] as [BIGINT] - [2]
2021-07-15 03:59:10.690 TRACE 60266 --- [o-auto-1-exec-1] o.h.type.descriptor.sql.BasicBinder      : binding parameter [3] as [BIGINT] - [3]
2021-07-15 03:59:10.690 TRACE 60266 --- [o-auto-1-exec-1] o.h.type.descriptor.sql.BasicBinder      : binding parameter [4] as [BIGINT] - [3]
POST /lines HTTP/1.1
accept: */*
content-type: application/json; charset=UTF-8
content-length: 94
host: localhost:52504
connection: Keep-Alive
user-agent: Apache-HttpClient/4.5.13 (Java/11.0.9.1)
accept-encoding: gzip,deflate



HTTP/1.1 201 Created
Transfer-Encoding: chunked
Keep-Alive: timeout=60
Connection: keep-alive
Date: Wed, 14 Jul 2021 18:59:09 GMT
Location: /lines/3
Content-Type: application/json



HTTP/1.1 201 
Location: /lines/3
Content-Type: application/json
Transfer-Encoding: chunked
Date: Wed, 14 Jul 2021 18:59:09 GMT
Keep-Alive: timeout=60
Connection: keep-alive

{
    "id": 3,
    "name": "삼호선",
    "color": "bg-red-600",
    "stations": [
        {
            "id": 3,
            "name": "교대역",
            "createdDate": "2021-07-15T03:59:10.631474",
            "modifiedDate": "2021-07-15T03:59:10.631474"
        },
        {
            "id": 2,
            "name": "양재역",
            "createdDate": "2021-07-15T03:59:10.620826",
            "modifiedDate": "2021-07-15T03:59:10.620826"
        }
    ],
    "createdDate": "2021-07-15T03:59:10.689289",
    "modifiedDate": "2021-07-15T03:59:10.689289"
}
Request method:	POST
Request URI:	http://localhost:52504/lines/3/sections
Proxy:			<none>
Request params:	<none>
Query params:	<none>
Form params:	<none>
Path params:	<none>
Headers:		Accept=*/*
				Content-Type=application/json; charset=UTF-8
Cookies:		<none>
Multiparts:		<none>
Body:
{
    "distance": "3",
    "downStationId": "4",
    "upStationId": "3"
}
Hibernate: 
    select
        line0_.id as id1_1_0_,
        line0_.created_date as created_2_1_0_,
        line0_.modified_date as modified3_1_0_,
        line0_.color as color4_1_0_,
        line0_.name as name5_1_0_ 
    from
        line line0_ 
    where
        line0_.id=?
2021-07-15 03:59:10.702 TRACE 60266 --- [o-auto-1-exec-8] o.h.type.descriptor.sql.BasicBinder      : binding parameter [1] as [BIGINT] - [3]
2021-07-15 03:59:10.703 TRACE 60266 --- [o-auto-1-exec-8] o.h.type.descriptor.sql.BasicExtractor   : extracted value ([created_2_1_0_] : [TIMESTAMP]) - [2021-07-15T03:59:10.689289]
2021-07-15 03:59:10.703 TRACE 60266 --- [o-auto-1-exec-8] o.h.type.descriptor.sql.BasicExtractor   : extracted value ([modified3_1_0_] : [TIMESTAMP]) - [2021-07-15T03:59:10.689289]
2021-07-15 03:59:10.703 TRACE 60266 --- [o-auto-1-exec-8] o.h.type.descriptor.sql.BasicExtractor   : extracted value ([color4_1_0_] : [VARCHAR]) - [bg-red-600]
2021-07-15 03:59:10.703 TRACE 60266 --- [o-auto-1-exec-8] o.h.type.descriptor.sql.BasicExtractor   : extracted value ([name5_1_0_] : [VARCHAR]) - [삼호선]
Hibernate: 
    select
        station0_.id as id1_4_0_,
        station0_.created_date as created_2_4_0_,
        station0_.modified_date as modified3_4_0_,
        station0_.name as name4_4_0_ 
    from
        station station0_ 
    where
        station0_.id=?
2021-07-15 03:59:10.703 TRACE 60266 --- [o-auto-1-exec-8] o.h.type.descriptor.sql.BasicBinder      : binding parameter [1] as [BIGINT] - [3]
2021-07-15 03:59:10.703 TRACE 60266 --- [o-auto-1-exec-8] o.h.type.descriptor.sql.BasicExtractor   : extracted value ([created_2_4_0_] : [TIMESTAMP]) - [2021-07-15T03:59:10.631474]
2021-07-15 03:59:10.703 TRACE 60266 --- [o-auto-1-exec-8] o.h.type.descriptor.sql.BasicExtractor   : extracted value ([modified3_4_0_] : [TIMESTAMP]) - [2021-07-15T03:59:10.631474]
2021-07-15 03:59:10.704 TRACE 60266 --- [o-auto-1-exec-8] o.h.type.descriptor.sql.BasicExtractor   : extracted value ([name4_4_0_] : [VARCHAR]) - [교대역]
Hibernate: 
    select
        station0_.id as id1_4_0_,
        station0_.created_date as created_2_4_0_,
        station0_.modified_date as modified3_4_0_,
        station0_.name as name4_4_0_ 
    from
        station station0_ 
    where
        station0_.id=?
2021-07-15 03:59:10.704 TRACE 60266 --- [o-auto-1-exec-8] o.h.type.descriptor.sql.BasicBinder      : binding parameter [1] as [BIGINT] - [4]
2021-07-15 03:59:10.704 TRACE 60266 --- [o-auto-1-exec-8] o.h.type.descriptor.sql.BasicExtractor   : extracted value ([created_2_4_0_] : [TIMESTAMP]) - [2021-07-15T03:59:10.643208]
2021-07-15 03:59:10.704 TRACE 60266 --- [o-auto-1-exec-8] o.h.type.descriptor.sql.BasicExtractor   : extracted value ([modified3_4_0_] : [TIMESTAMP]) - [2021-07-15T03:59:10.643208]
2021-07-15 03:59:10.704 TRACE 60266 --- [o-auto-1-exec-8] o.h.type.descriptor.sql.BasicExtractor   : extracted value ([name4_4_0_] : [VARCHAR]) - [남부터미널역]
Hibernate: 
    select
        sections0_.line_id as line_id4_3_0_,
        sections0_.id as id1_3_0_,
        sections0_.id as id1_3_1_,
        sections0_.distance as distance2_3_1_,
        sections0_.down_station_id as down_sta3_3_1_,
        sections0_.line_id as line_id4_3_1_,
        sections0_.up_station_id as up_stati5_3_1_,
        station1_.id as id1_4_2_,
        station1_.created_date as created_2_4_2_,
        station1_.modified_date as modified3_4_2_,
        station1_.name as name4_4_2_,
        station2_.id as id1_4_3_,
        station2_.created_date as created_2_4_3_,
        station2_.modified_date as modified3_4_3_,
        station2_.name as name4_4_3_ 
    from
        section sections0_ 
    left outer join
        station station1_ 
            on sections0_.down_station_id=station1_.id 
    left outer join
        station station2_ 
            on sections0_.up_station_id=station2_.id 
    where
        sections0_.line_id=?
2021-07-15 03:59:10.705 TRACE 60266 --- [o-auto-1-exec-8] o.h.type.descriptor.sql.BasicBinder      : binding parameter [1] as [BIGINT] - [3]
2021-07-15 03:59:10.705 TRACE 60266 --- [o-auto-1-exec-8] o.h.type.descriptor.sql.BasicExtractor   : extracted value ([id1_3_1_] : [BIGINT]) - [3]
2021-07-15 03:59:10.705 TRACE 60266 --- [o-auto-1-exec-8] o.h.type.descriptor.sql.BasicExtractor   : extracted value ([id1_4_2_] : [BIGINT]) - [2]
2021-07-15 03:59:10.705 TRACE 60266 --- [o-auto-1-exec-8] o.h.type.descriptor.sql.BasicExtractor   : extracted value ([id1_4_3_] : [BIGINT]) - [3]
2021-07-15 03:59:10.705 TRACE 60266 --- [o-auto-1-exec-8] o.h.type.descriptor.sql.BasicExtractor   : extracted value ([distance2_3_1_] : [INTEGER]) - [5]
2021-07-15 03:59:10.705 TRACE 60266 --- [o-auto-1-exec-8] o.h.type.descriptor.sql.BasicExtractor   : extracted value ([down_sta3_3_1_] : [BIGINT]) - [2]
2021-07-15 03:59:10.705 TRACE 60266 --- [o-auto-1-exec-8] o.h.type.descriptor.sql.BasicExtractor   : extracted value ([line_id4_3_1_] : [BIGINT]) - [3]
2021-07-15 03:59:10.705 TRACE 60266 --- [o-auto-1-exec-8] o.h.type.descriptor.sql.BasicExtractor   : extracted value ([up_stati5_3_1_] : [BIGINT]) - [3]
2021-07-15 03:59:10.706 TRACE 60266 --- [o-auto-1-exec-8] o.h.type.descriptor.sql.BasicExtractor   : extracted value ([created_2_4_2_] : [TIMESTAMP]) - [2021-07-15T03:59:10.620826]
2021-07-15 03:59:10.706 TRACE 60266 --- [o-auto-1-exec-8] o.h.type.descriptor.sql.BasicExtractor   : extracted value ([modified3_4_2_] : [TIMESTAMP]) - [2021-07-15T03:59:10.620826]
2021-07-15 03:59:10.706 TRACE 60266 --- [o-auto-1-exec-8] o.h.type.descriptor.sql.BasicExtractor   : extracted value ([name4_4_2_] : [VARCHAR]) - [양재역]
2021-07-15 03:59:10.706 TRACE 60266 --- [o-auto-1-exec-8] o.h.type.descriptor.sql.BasicExtractor   : extracted value ([line_id4_3_0_] : [BIGINT]) - [3]
2021-07-15 03:59:10.706 TRACE 60266 --- [o-auto-1-exec-8] o.h.type.descriptor.sql.BasicExtractor   : extracted value ([id1_3_0_] : [BIGINT]) - [3]
Hibernate: 
    insert 
    into
        section
        (id, distance, down_station_id, line_id, up_station_id) 
    values
        (null, ?, ?, ?, ?)
2021-07-15 03:59:10.707 TRACE 60266 --- [o-auto-1-exec-8] o.h.type.descriptor.sql.BasicBinder      : binding parameter [1] as [INTEGER] - [3]
2021-07-15 03:59:10.707 TRACE 60266 --- [o-auto-1-exec-8] o.h.type.descriptor.sql.BasicBinder      : binding parameter [2] as [BIGINT] - [4]
2021-07-15 03:59:10.708 TRACE 60266 --- [o-auto-1-exec-8] o.h.type.descriptor.sql.BasicBinder      : binding parameter [3] as [BIGINT] - [3]
2021-07-15 03:59:10.708 TRACE 60266 --- [o-auto-1-exec-8] o.h.type.descriptor.sql.BasicBinder      : binding parameter [4] as [BIGINT] - [3]
Hibernate: 
    update
        section 
    set
        distance=?,
        down_station_id=?,
        line_id=?,
        up_station_id=? 
    where
        id=?
2021-07-15 03:59:10.709 TRACE 60266 --- [o-auto-1-exec-8] o.h.type.descriptor.sql.BasicBinder      : binding parameter [1] as [INTEGER] - [2]
2021-07-15 03:59:10.709 TRACE 60266 --- [o-auto-1-exec-8] o.h.type.descriptor.sql.BasicBinder      : binding parameter [2] as [BIGINT] - [2]
2021-07-15 03:59:10.709 TRACE 60266 --- [o-auto-1-exec-8] o.h.type.descriptor.sql.BasicBinder      : binding parameter [3] as [BIGINT] - [3]
2021-07-15 03:59:10.709 TRACE 60266 --- [o-auto-1-exec-8] o.h.type.descriptor.sql.BasicBinder      : binding parameter [4] as [BIGINT] - [4]
2021-07-15 03:59:10.709 TRACE 60266 --- [o-auto-1-exec-8] o.h.type.descriptor.sql.BasicBinder      : binding parameter [5] as [BIGINT] - [3]
POST /lines/3/sections HTTP/1.1
accept: */*
content-type: application/json; charset=UTF-8
content-length: 54
host: localhost:52504
connection: Keep-Alive
user-agent: Apache-HttpClient/4.5.13 (Java/11.0.9.1)
accept-encoding: gzip,deflate



HTTP/1.1 200 OK
Keep-Alive: timeout=60
Connection: keep-alive
Content-Length: 0
Date: Wed, 14 Jul 2021 18:59:09 GMT



HTTP/1.1 200 
Content-Length: 0
Date: Wed, 14 Jul 2021 18:59:09 GMT
Keep-Alive: timeout=60
Connection: keep-alive
Request method:	GET
Request URI:	http://localhost:52504/paths?source=3&target=2
Proxy:			<none>
Request params:	<none>
Query params:	<none>
Form params:	<none>
Path params:	<none>
Headers:		Accept=application/json
Cookies:		<none>
Multiparts:		<none>
Body:			<none>
Hibernate: 
    select
        line0_.id as id1_1_,
        line0_.created_date as created_2_1_,
        line0_.modified_date as modified3_1_,
        line0_.color as color4_1_,
        line0_.name as name5_1_ 
    from
        line line0_
2021-07-15 03:59:10.725 TRACE 60266 --- [o-auto-1-exec-2] o.h.type.descriptor.sql.BasicExtractor   : extracted value ([id1_1_] : [BIGINT]) - [1]
2021-07-15 03:59:10.725 TRACE 60266 --- [o-auto-1-exec-2] o.h.type.descriptor.sql.BasicExtractor   : extracted value ([created_2_1_] : [TIMESTAMP]) - [2021-07-15T03:59:10.658030]
2021-07-15 03:59:10.725 TRACE 60266 --- [o-auto-1-exec-2] o.h.type.descriptor.sql.BasicExtractor   : extracted value ([modified3_1_] : [TIMESTAMP]) - [2021-07-15T03:59:10.658030]
2021-07-15 03:59:10.725 TRACE 60266 --- [o-auto-1-exec-2] o.h.type.descriptor.sql.BasicExtractor   : extracted value ([color4_1_] : [VARCHAR]) - [bg-red-600]
2021-07-15 03:59:10.725 TRACE 60266 --- [o-auto-1-exec-2] o.h.type.descriptor.sql.BasicExtractor   : extracted value ([name5_1_] : [VARCHAR]) - [신분당선]
2021-07-15 03:59:10.725 TRACE 60266 --- [o-auto-1-exec-2] o.h.type.descriptor.sql.BasicExtractor   : extracted value ([id1_1_] : [BIGINT]) - [2]
2021-07-15 03:59:10.726 TRACE 60266 --- [o-auto-1-exec-2] o.h.type.descriptor.sql.BasicExtractor   : extracted value ([created_2_1_] : [TIMESTAMP]) - [2021-07-15T03:59:10.673706]
2021-07-15 03:59:10.726 TRACE 60266 --- [o-auto-1-exec-2] o.h.type.descriptor.sql.BasicExtractor   : extracted value ([modified3_1_] : [TIMESTAMP]) - [2021-07-15T03:59:10.673706]
2021-07-15 03:59:10.726 TRACE 60266 --- [o-auto-1-exec-2] o.h.type.descriptor.sql.BasicExtractor   : extracted value ([color4_1_] : [VARCHAR]) - [bg-red-600]
2021-07-15 03:59:10.726 TRACE 60266 --- [o-auto-1-exec-2] o.h.type.descriptor.sql.BasicExtractor   : extracted value ([name5_1_] : [VARCHAR]) - [이호선]
2021-07-15 03:59:10.726 TRACE 60266 --- [o-auto-1-exec-2] o.h.type.descriptor.sql.BasicExtractor   : extracted value ([id1_1_] : [BIGINT]) - [3]
2021-07-15 03:59:10.726 TRACE 60266 --- [o-auto-1-exec-2] o.h.type.descriptor.sql.BasicExtractor   : extracted value ([created_2_1_] : [TIMESTAMP]) - [2021-07-15T03:59:10.689289]
2021-07-15 03:59:10.726 TRACE 60266 --- [o-auto-1-exec-2] o.h.type.descriptor.sql.BasicExtractor   : extracted value ([modified3_1_] : [TIMESTAMP]) - [2021-07-15T03:59:10.689289]
2021-07-15 03:59:10.726 TRACE 60266 --- [o-auto-1-exec-2] o.h.type.descriptor.sql.BasicExtractor   : extracted value ([color4_1_] : [VARCHAR]) - [bg-red-600]
2021-07-15 03:59:10.726 TRACE 60266 --- [o-auto-1-exec-2] o.h.type.descriptor.sql.BasicExtractor   : extracted value ([name5_1_] : [VARCHAR]) - [삼호선]
Hibernate: 
    select
        station0_.id as id1_4_0_,
        station0_.created_date as created_2_4_0_,
        station0_.modified_date as modified3_4_0_,
        station0_.name as name4_4_0_ 
    from
        station station0_ 
    where
        station0_.id=?
2021-07-15 03:59:10.727 TRACE 60266 --- [o-auto-1-exec-2] o.h.type.descriptor.sql.BasicBinder      : binding parameter [1] as [BIGINT] - [3]
2021-07-15 03:59:10.727 TRACE 60266 --- [o-auto-1-exec-2] o.h.type.descriptor.sql.BasicExtractor   : extracted value ([created_2_4_0_] : [TIMESTAMP]) - [2021-07-15T03:59:10.631474]
2021-07-15 03:59:10.727 TRACE 60266 --- [o-auto-1-exec-2] o.h.type.descriptor.sql.BasicExtractor   : extracted value ([modified3_4_0_] : [TIMESTAMP]) - [2021-07-15T03:59:10.631474]
2021-07-15 03:59:10.727 TRACE 60266 --- [o-auto-1-exec-2] o.h.type.descriptor.sql.BasicExtractor   : extracted value ([name4_4_0_] : [VARCHAR]) - [교대역]
Hibernate: 
    select
        station0_.id as id1_4_0_,
        station0_.created_date as created_2_4_0_,
        station0_.modified_date as modified3_4_0_,
        station0_.name as name4_4_0_ 
    from
        station station0_ 
    where
        station0_.id=?
2021-07-15 03:59:10.728 TRACE 60266 --- [o-auto-1-exec-2] o.h.type.descriptor.sql.BasicBinder      : binding parameter [1] as [BIGINT] - [2]
2021-07-15 03:59:10.728 TRACE 60266 --- [o-auto-1-exec-2] o.h.type.descriptor.sql.BasicExtractor   : extracted value ([created_2_4_0_] : [TIMESTAMP]) - [2021-07-15T03:59:10.620826]
2021-07-15 03:59:10.728 TRACE 60266 --- [o-auto-1-exec-2] o.h.type.descriptor.sql.BasicExtractor   : extracted value ([modified3_4_0_] : [TIMESTAMP]) - [2021-07-15T03:59:10.620826]
2021-07-15 03:59:10.728 TRACE 60266 --- [o-auto-1-exec-2] o.h.type.descriptor.sql.BasicExtractor   : extracted value ([name4_4_0_] : [VARCHAR]) - [양재역]
Hibernate: 
    select
        sections0_.line_id as line_id4_3_0_,
        sections0_.id as id1_3_0_,
        sections0_.id as id1_3_1_,
        sections0_.distance as distance2_3_1_,
        sections0_.down_station_id as down_sta3_3_1_,
        sections0_.line_id as line_id4_3_1_,
        sections0_.up_station_id as up_stati5_3_1_,
        station1_.id as id1_4_2_,
        station1_.created_date as created_2_4_2_,
        station1_.modified_date as modified3_4_2_,
        station1_.name as name4_4_2_,
        station2_.id as id1_4_3_,
        station2_.created_date as created_2_4_3_,
        station2_.modified_date as modified3_4_3_,
        station2_.name as name4_4_3_ 
    from
        section sections0_ 
    left outer join
        station station1_ 
            on sections0_.down_station_id=station1_.id 
    left outer join
        station station2_ 
            on sections0_.up_station_id=station2_.id 
    where
        sections0_.line_id=?
2021-07-15 03:59:10.730 TRACE 60266 --- [o-auto-1-exec-2] o.h.type.descriptor.sql.BasicBinder      : binding parameter [1] as [BIGINT] - [1]
2021-07-15 03:59:10.730 TRACE 60266 --- [o-auto-1-exec-2] o.h.type.descriptor.sql.BasicExtractor   : extracted value ([id1_3_1_] : [BIGINT]) - [1]
2021-07-15 03:59:10.730 TRACE 60266 --- [o-auto-1-exec-2] o.h.type.descriptor.sql.BasicExtractor   : extracted value ([id1_4_2_] : [BIGINT]) - [2]
2021-07-15 03:59:10.730 TRACE 60266 --- [o-auto-1-exec-2] o.h.type.descriptor.sql.BasicExtractor   : extracted value ([id1_4_3_] : [BIGINT]) - [1]
2021-07-15 03:59:10.731 TRACE 60266 --- [o-auto-1-exec-2] o.h.type.descriptor.sql.BasicExtractor   : extracted value ([distance2_3_1_] : [INTEGER]) - [10]
2021-07-15 03:59:10.731 TRACE 60266 --- [o-auto-1-exec-2] o.h.type.descriptor.sql.BasicExtractor   : extracted value ([down_sta3_3_1_] : [BIGINT]) - [2]
2021-07-15 03:59:10.731 TRACE 60266 --- [o-auto-1-exec-2] o.h.type.descriptor.sql.BasicExtractor   : extracted value ([line_id4_3_1_] : [BIGINT]) - [1]
2021-07-15 03:59:10.731 TRACE 60266 --- [o-auto-1-exec-2] o.h.type.descriptor.sql.BasicExtractor   : extracted value ([up_stati5_3_1_] : [BIGINT]) - [1]
2021-07-15 03:59:10.731 TRACE 60266 --- [o-auto-1-exec-2] o.h.type.descriptor.sql.BasicExtractor   : extracted value ([created_2_4_3_] : [TIMESTAMP]) - [2021-07-15T03:59:10.609468]
2021-07-15 03:59:10.731 TRACE 60266 --- [o-auto-1-exec-2] o.h.type.descriptor.sql.BasicExtractor   : extracted value ([modified3_4_3_] : [TIMESTAMP]) - [2021-07-15T03:59:10.609468]
2021-07-15 03:59:10.731 TRACE 60266 --- [o-auto-1-exec-2] o.h.type.descriptor.sql.BasicExtractor   : extracted value ([name4_4_3_] : [VARCHAR]) - [강남역]
2021-07-15 03:59:10.731 TRACE 60266 --- [o-auto-1-exec-2] o.h.type.descriptor.sql.BasicExtractor   : extracted value ([line_id4_3_0_] : [BIGINT]) - [1]
2021-07-15 03:59:10.731 TRACE 60266 --- [o-auto-1-exec-2] o.h.type.descriptor.sql.BasicExtractor   : extracted value ([id1_3_0_] : [BIGINT]) - [1]
Hibernate: 
    select
        sections0_.line_id as line_id4_3_0_,
        sections0_.id as id1_3_0_,
        sections0_.id as id1_3_1_,
        sections0_.distance as distance2_3_1_,
        sections0_.down_station_id as down_sta3_3_1_,
        sections0_.line_id as line_id4_3_1_,
        sections0_.up_station_id as up_stati5_3_1_,
        station1_.id as id1_4_2_,
        station1_.created_date as created_2_4_2_,
        station1_.modified_date as modified3_4_2_,
        station1_.name as name4_4_2_,
        station2_.id as id1_4_3_,
        station2_.created_date as created_2_4_3_,
        station2_.modified_date as modified3_4_3_,
        station2_.name as name4_4_3_ 
    from
        section sections0_ 
    left outer join
        station station1_ 
            on sections0_.down_station_id=station1_.id 
    left outer join
        station station2_ 
            on sections0_.up_station_id=station2_.id 
    where
        sections0_.line_id=?
2021-07-15 03:59:10.732 TRACE 60266 --- [o-auto-1-exec-2] o.h.type.descriptor.sql.BasicBinder      : binding parameter [1] as [BIGINT] - [2]
2021-07-15 03:59:10.732 TRACE 60266 --- [o-auto-1-exec-2] o.h.type.descriptor.sql.BasicExtractor   : extracted value ([id1_3_1_] : [BIGINT]) - [2]
2021-07-15 03:59:10.732 TRACE 60266 --- [o-auto-1-exec-2] o.h.type.descriptor.sql.BasicExtractor   : extracted value ([id1_4_2_] : [BIGINT]) - [1]
2021-07-15 03:59:10.732 TRACE 60266 --- [o-auto-1-exec-2] o.h.type.descriptor.sql.BasicExtractor   : extracted value ([id1_4_3_] : [BIGINT]) - [3]
2021-07-15 03:59:10.732 TRACE 60266 --- [o-auto-1-exec-2] o.h.type.descriptor.sql.BasicExtractor   : extracted value ([distance2_3_1_] : [INTEGER]) - [10]
2021-07-15 03:59:10.732 TRACE 60266 --- [o-auto-1-exec-2] o.h.type.descriptor.sql.BasicExtractor   : extracted value ([down_sta3_3_1_] : [BIGINT]) - [1]
2021-07-15 03:59:10.732 TRACE 60266 --- [o-auto-1-exec-2] o.h.type.descriptor.sql.BasicExtractor   : extracted value ([line_id4_3_1_] : [BIGINT]) - [2]
2021-07-15 03:59:10.732 TRACE 60266 --- [o-auto-1-exec-2] o.h.type.descriptor.sql.BasicExtractor   : extracted value ([up_stati5_3_1_] : [BIGINT]) - [3]
2021-07-15 03:59:10.732 TRACE 60266 --- [o-auto-1-exec-2] o.h.type.descriptor.sql.BasicExtractor   : extracted value ([line_id4_3_0_] : [BIGINT]) - [2]
2021-07-15 03:59:10.732 TRACE 60266 --- [o-auto-1-exec-2] o.h.type.descriptor.sql.BasicExtractor   : extracted value ([id1_3_0_] : [BIGINT]) - [2]
Hibernate: 
    select
        sections0_.line_id as line_id4_3_0_,
        sections0_.id as id1_3_0_,
        sections0_.id as id1_3_1_,
        sections0_.distance as distance2_3_1_,
        sections0_.down_station_id as down_sta3_3_1_,
        sections0_.line_id as line_id4_3_1_,
        sections0_.up_station_id as up_stati5_3_1_,
        station1_.id as id1_4_2_,
        station1_.created_date as created_2_4_2_,
        station1_.modified_date as modified3_4_2_,
        station1_.name as name4_4_2_,
        station2_.id as id1_4_3_,
        station2_.created_date as created_2_4_3_,
        station2_.modified_date as modified3_4_3_,
        station2_.name as name4_4_3_ 
    from
        section sections0_ 
    left outer join
        station station1_ 
            on sections0_.down_station_id=station1_.id 
    left outer join
        station station2_ 
            on sections0_.up_station_id=station2_.id 
    where
        sections0_.line_id=?
2021-07-15 03:59:10.733 TRACE 60266 --- [o-auto-1-exec-2] o.h.type.descriptor.sql.BasicBinder      : binding parameter [1] as [BIGINT] - [3]
2021-07-15 03:59:10.733 TRACE 60266 --- [o-auto-1-exec-2] o.h.type.descriptor.sql.BasicExtractor   : extracted value ([id1_3_1_] : [BIGINT]) - [3]
2021-07-15 03:59:10.733 TRACE 60266 --- [o-auto-1-exec-2] o.h.type.descriptor.sql.BasicExtractor   : extracted value ([id1_4_2_] : [BIGINT]) - [2]
2021-07-15 03:59:10.733 TRACE 60266 --- [o-auto-1-exec-2] o.h.type.descriptor.sql.BasicExtractor   : extracted value ([id1_4_3_] : [BIGINT]) - [4]
2021-07-15 03:59:10.733 TRACE 60266 --- [o-auto-1-exec-2] o.h.type.descriptor.sql.BasicExtractor   : extracted value ([distance2_3_1_] : [INTEGER]) - [2]
2021-07-15 03:59:10.733 TRACE 60266 --- [o-auto-1-exec-2] o.h.type.descriptor.sql.BasicExtractor   : extracted value ([down_sta3_3_1_] : [BIGINT]) - [2]
2021-07-15 03:59:10.733 TRACE 60266 --- [o-auto-1-exec-2] o.h.type.descriptor.sql.BasicExtractor   : extracted value ([line_id4_3_1_] : [BIGINT]) - [3]
2021-07-15 03:59:10.733 TRACE 60266 --- [o-auto-1-exec-2] o.h.type.descriptor.sql.BasicExtractor   : extracted value ([up_stati5_3_1_] : [BIGINT]) - [4]
2021-07-15 03:59:10.733 TRACE 60266 --- [o-auto-1-exec-2] o.h.type.descriptor.sql.BasicExtractor   : extracted value ([created_2_4_3_] : [TIMESTAMP]) - [2021-07-15T03:59:10.643208]
2021-07-15 03:59:10.733 TRACE 60266 --- [o-auto-1-exec-2] o.h.type.descriptor.sql.BasicExtractor   : extracted value ([modified3_4_3_] : [TIMESTAMP]) - [2021-07-15T03:59:10.643208]
2021-07-15 03:59:10.733 TRACE 60266 --- [o-auto-1-exec-2] o.h.type.descriptor.sql.BasicExtractor   : extracted value ([name4_4_3_] : [VARCHAR]) - [남부터미널역]
2021-07-15 03:59:10.733 TRACE 60266 --- [o-auto-1-exec-2] o.h.type.descriptor.sql.BasicExtractor   : extracted value ([line_id4_3_0_] : [BIGINT]) - [3]
2021-07-15 03:59:10.733 TRACE 60266 --- [o-auto-1-exec-2] o.h.type.descriptor.sql.BasicExtractor   : extracted value ([id1_3_0_] : [BIGINT]) - [3]
2021-07-15 03:59:10.733 TRACE 60266 --- [o-auto-1-exec-2] o.h.type.descriptor.sql.BasicExtractor   : extracted value ([id1_3_1_] : [BIGINT]) - [4]
2021-07-15 03:59:10.734 TRACE 60266 --- [o-auto-1-exec-2] o.h.type.descriptor.sql.BasicExtractor   : extracted value ([id1_4_2_] : [BIGINT]) - [4]
2021-07-15 03:59:10.734 TRACE 60266 --- [o-auto-1-exec-2] o.h.type.descriptor.sql.BasicExtractor   : extracted value ([id1_4_3_] : [BIGINT]) - [3]
2021-07-15 03:59:10.734 TRACE 60266 --- [o-auto-1-exec-2] o.h.type.descriptor.sql.BasicExtractor   : extracted value ([distance2_3_1_] : [INTEGER]) - [3]
2021-07-15 03:59:10.734 TRACE 60266 --- [o-auto-1-exec-2] o.h.type.descriptor.sql.BasicExtractor   : extracted value ([down_sta3_3_1_] : [BIGINT]) - [4]
2021-07-15 03:59:10.734 TRACE 60266 --- [o-auto-1-exec-2] o.h.type.descriptor.sql.BasicExtractor   : extracted value ([line_id4_3_1_] : [BIGINT]) - [3]
2021-07-15 03:59:10.734 TRACE 60266 --- [o-auto-1-exec-2] o.h.type.descriptor.sql.BasicExtractor   : extracted value ([up_stati5_3_1_] : [BIGINT]) - [3]
2021-07-15 03:59:10.734 TRACE 60266 --- [o-auto-1-exec-2] o.h.type.descriptor.sql.BasicExtractor   : extracted value ([line_id4_3_0_] : [BIGINT]) - [3]
2021-07-15 03:59:10.734 TRACE 60266 --- [o-auto-1-exec-2] o.h.type.descriptor.sql.BasicExtractor   : extracted value ([id1_3_0_] : [BIGINT]) - [4]
GET /paths?source=3&target=2 HTTP/1.1
accept: application/json
host: localhost:52504
connection: Keep-Alive
user-agent: Apache-HttpClient/4.5.13 (Java/11.0.9.1)
accept-encoding: gzip,deflate



HTTP/1.1 200 OK
Transfer-Encoding: chunked
Keep-Alive: timeout=60
Connection: keep-alive
Date: Wed, 14 Jul 2021 18:59:09 GMT
Content-Type: application/json



HTTP/1.1 200 
Content-Type: application/json
Transfer-Encoding: chunked
Date: Wed, 14 Jul 2021 18:59:09 GMT
Keep-Alive: timeout=60
Connection: keep-alive

{
    "stations": [
        {
            "id": 3,
            "name": "교대역",
            "createdDate": "2021-07-15T03:59:10.631474",
            "modifiedDate": "2021-07-15T03:59:10.631474"
        },
        {
            "id": 4,
            "name": "남부터미널역",
            "createdDate": "2021-07-15T03:59:10.643208",
            "modifiedDate": "2021-07-15T03:59:10.643208"
        },
        {
            "id": 2,
            "name": "양재역",
            "createdDate": "2021-07-15T03:59:10.620826",
            "modifiedDate": "2021-07-15T03:59:10.620826"
        }
    ],
    "distance": 5
}
]]></system-out>
  <system-err><![CDATA[]]></system-err>
</testsuite>
