<?xml version="1.0" encoding="UTF-8"?>
<testsuite name="단위 테스트 - SpringExtension을 활용한 가짜 협력 객체 사용" tests="1" skipped="0" failures="0" errors="0" timestamp="2021-07-14T18:59:10" hostname="kyle.local" time="0.022">
  <properties/>
  <testcase name="findAllLines()" classname="study.unit.SpringExtensionTest" time="0.022"/>
  <system-out><![CDATA[2021-07-15 03:59:10.057  INFO 60266 --- [    Test worker] o.s.t.c.s.DefaultTestContextBootstrapper : Neither @ContextConfiguration nor @ContextHierarchy found for test class [study.unit.SpringExtensionTest], using DelegatingSmartContextLoader
2021-07-15 03:59:10.058  INFO 60266 --- [    Test worker] o.s.t.c.support.AbstractContextLoader    : Could not detect default resource locations for test class [study.unit.SpringExtensionTest]: no resource found for suffixes {-context.xml, Context.groovy}.
2021-07-15 03:59:10.058  INFO 60266 --- [    Test worker] t.c.s.AnnotationConfigContextLoaderUtils : Could not detect default configuration classes for test class [study.unit.SpringExtensionTest]: SpringExtensionTest does not declare any static, non-private, non-final, nested classes annotated with @Configuration.
2021-07-15 03:59:10.063  INFO 60266 --- [    Test worker] o.s.t.c.s.DefaultTestContextBootstrapper : Loaded default TestExecutionListener class names from location [META-INF/spring.factories]: [org.springframework.boot.test.autoconfigure.restdocs.RestDocsTestExecutionListener, org.springframework.boot.test.autoconfigure.web.client.MockRestServiceServerResetTestExecutionListener, org.springframework.boot.test.autoconfigure.web.servlet.MockMvcPrintOnlyOnFailureTestExecutionListener, org.springframework.boot.test.autoconfigure.web.servlet.WebDriverTestExecutionListener, org.springframework.boot.test.autoconfigure.webservices.client.MockWebServiceServerTestExecutionListener, org.springframework.boot.test.mock.mockito.MockitoTestExecutionListener, org.springframework.boot.test.mock.mockito.ResetMocksTestExecutionListener, org.springframework.test.context.web.ServletTestExecutionListener, org.springframework.test.context.support.DirtiesContextBeforeModesTestExecutionListener, org.springframework.test.context.support.DependencyInjectionTestExecutionListener, org.springframework.test.context.support.DirtiesContextTestExecutionListener, org.springframework.test.context.transaction.TransactionalTestExecutionListener, org.springframework.test.context.jdbc.SqlScriptsTestExecutionListener, org.springframework.test.context.event.EventPublishingTestExecutionListener]
2021-07-15 03:59:10.063  INFO 60266 --- [    Test worker] o.s.t.c.s.DefaultTestContextBootstrapper : Using TestExecutionListeners: [org.springframework.test.context.web.ServletTestExecutionListener@6c062f5f, org.springframework.test.context.support.DirtiesContextBeforeModesTestExecutionListener@520050d9, org.springframework.boot.test.mock.mockito.MockitoTestExecutionListener@5eb54567, org.springframework.test.context.support.DependencyInjectionTestExecutionListener@686aac44, org.springframework.test.context.support.DirtiesContextTestExecutionListener@354b1ac1, org.springframework.test.context.transaction.TransactionalTestExecutionListener@651d1229, org.springframework.test.context.jdbc.SqlScriptsTestExecutionListener@1177fd90, org.springframework.test.context.event.EventPublishingTestExecutionListener@2cc26b76, org.springframework.boot.test.autoconfigure.restdocs.RestDocsTestExecutionListener@41b2e13d, org.springframework.boot.test.autoconfigure.web.client.MockRestServiceServerResetTestExecutionListener@4cb32f78, org.springframework.boot.test.autoconfigure.web.servlet.MockMvcPrintOnlyOnFailureTestExecutionListener@6206c003, org.springframework.boot.test.autoconfigure.web.servlet.WebDriverTestExecutionListener@5da08eee, org.springframework.boot.test.autoconfigure.webservices.client.MockWebServiceServerTestExecutionListener@b4d376e, org.springframework.boot.test.mock.mockito.ResetMocksTestExecutionListener@5e501190]
]]></system-out>
  <system-err><![CDATA[]]></system-err>
</testsuite>
