<?xml version="1.0" encoding="UTF-8"?>
<testsuite name="nextstep.subway.member.MemberAcceptanceTest" tests="1" skipped="0" failures="0" errors="0" timestamp="2021-07-14T18:59:10" hostname="kyle.local" time="0.051">
  <properties/>
  <testcase name="회원 정보를 관리한다." classname="nextstep.subway.member.MemberAcceptanceTest" time="0.051"/>
  <system-out><![CDATA[2021-07-15 03:59:10.750  INFO 60266 --- [    Test worker] .b.t.c.SpringBootTestContextBootstrapper : Neither @ContextConfiguration nor @ContextHierarchy found for test class [nextstep.subway.member.MemberAcceptanceTest], using SpringBootContextLoader
2021-07-15 03:59:10.750  INFO 60266 --- [    Test worker] o.s.t.c.support.AbstractContextLoader    : Could not detect default resource locations for test class [nextstep.subway.member.MemberAcceptanceTest]: no resource found for suffixes {-context.xml, Context.groovy}.
2021-07-15 03:59:10.750  INFO 60266 --- [    Test worker] t.c.s.AnnotationConfigContextLoaderUtils : Could not detect default configuration classes for test class [nextstep.subway.member.MemberAcceptanceTest]: MemberAcceptanceTest does not declare any static, non-private, non-final, nested classes annotated with @Configuration.
2021-07-15 03:59:10.755  INFO 60266 --- [    Test worker] .b.t.c.SpringBootTestContextBootstrapper : Found @SpringBootConfiguration nextstep.subway.SubwayApplication for test class nextstep.subway.member.MemberAcceptanceTest
2021-07-15 03:59:10.756  INFO 60266 --- [    Test worker] .b.t.c.SpringBootTestContextBootstrapper : Loaded default TestExecutionListener class names from location [META-INF/spring.factories]: [org.springframework.boot.test.autoconfigure.restdocs.RestDocsTestExecutionListener, org.springframework.boot.test.autoconfigure.web.client.MockRestServiceServerResetTestExecutionListener, org.springframework.boot.test.autoconfigure.web.servlet.MockMvcPrintOnlyOnFailureTestExecutionListener, org.springframework.boot.test.autoconfigure.web.servlet.WebDriverTestExecutionListener, org.springframework.boot.test.autoconfigure.webservices.client.MockWebServiceServerTestExecutionListener, org.springframework.boot.test.mock.mockito.MockitoTestExecutionListener, org.springframework.boot.test.mock.mockito.ResetMocksTestExecutionListener, org.springframework.test.context.web.ServletTestExecutionListener, org.springframework.test.context.support.DirtiesContextBeforeModesTestExecutionListener, org.springframework.test.context.support.DependencyInjectionTestExecutionListener, org.springframework.test.context.support.DirtiesContextTestExecutionListener, org.springframework.test.context.transaction.TransactionalTestExecutionListener, org.springframework.test.context.jdbc.SqlScriptsTestExecutionListener, org.springframework.test.context.event.EventPublishingTestExecutionListener]
2021-07-15 03:59:10.757  INFO 60266 --- [    Test worker] .b.t.c.SpringBootTestContextBootstrapper : Using TestExecutionListeners: [org.springframework.test.context.web.ServletTestExecutionListener@6d380e15, org.springframework.test.context.support.DirtiesContextBeforeModesTestExecutionListener@511365b7, org.springframework.boot.test.mock.mockito.MockitoTestExecutionListener@16359b37, org.springframework.boot.test.autoconfigure.SpringBootDependencyInjectionTestExecutionListener@5cc2608a, org.springframework.test.context.support.DirtiesContextTestExecutionListener@71a795a1, org.springframework.test.context.transaction.TransactionalTestExecutionListener@3b5368ff, org.springframework.test.context.jdbc.SqlScriptsTestExecutionListener@105a081, org.springframework.test.context.event.EventPublishingTestExecutionListener@4e0c461b, org.springframework.boot.test.autoconfigure.restdocs.RestDocsTestExecutionListener@3cbd8e6, org.springframework.boot.test.autoconfigure.web.client.MockRestServiceServerResetTestExecutionListener@237f4cf0, org.springframework.boot.test.autoconfigure.web.servlet.MockMvcPrintOnlyOnFailureTestExecutionListener@fd2e1b6, org.springframework.boot.test.autoconfigure.web.servlet.WebDriverTestExecutionListener@23c252c9, org.springframework.boot.test.autoconfigure.webservices.client.MockWebServiceServerTestExecutionListener@7e13a2bf, org.springframework.boot.test.mock.mockito.ResetMocksTestExecutionListener@27d27941]
Hibernate: 
    
SET
    REFERENTIAL_INTEGRITY FALSE
Hibernate: 
    TRUNCATE TABLE section
Hibernate: 
    ALTER TABLE section ALTER COLUMN ID RESTART WITH 1
Hibernate: 
    TRUNCATE TABLE line
Hibernate: 
    ALTER TABLE line ALTER COLUMN ID RESTART WITH 1
Hibernate: 
    TRUNCATE TABLE station
Hibernate: 
    ALTER TABLE station ALTER COLUMN ID RESTART WITH 1
Hibernate: 
    TRUNCATE TABLE member
Hibernate: 
    ALTER TABLE member ALTER COLUMN ID RESTART WITH 1
Hibernate: 
    TRUNCATE TABLE favorite
Hibernate: 
    ALTER TABLE favorite ALTER COLUMN ID RESTART WITH 1
Hibernate: 
    
SET
    REFERENTIAL_INTEGRITY TRUE
Request method:	POST
Request URI:	http://localhost:52504/members
Proxy:			<none>
Request params:	<none>
Query params:	<none>
Form params:	<none>
Path params:	<none>
Headers:		Accept=*/*
				Content-Type=application/json; charset=UTF-8
Cookies:		<none>
Multiparts:		<none>
Body:
{
    "password": "password",
    "email": "email@email.com",
    "age": "20"
}
Hibernate: 
    insert 
    into
        member
        (id, created_date, modified_date, age, email, password) 
    values
        (null, ?, ?, ?, ?, ?)
2021-07-15 03:59:10.771 TRACE 60266 --- [o-auto-1-exec-3] o.h.type.descriptor.sql.BasicBinder      : binding parameter [1] as [TIMESTAMP] - [2021-07-15T03:59:10.771477]
2021-07-15 03:59:10.772 TRACE 60266 --- [o-auto-1-exec-3] o.h.type.descriptor.sql.BasicBinder      : binding parameter [2] as [TIMESTAMP] - [2021-07-15T03:59:10.771477]
2021-07-15 03:59:10.772 TRACE 60266 --- [o-auto-1-exec-3] o.h.type.descriptor.sql.BasicBinder      : binding parameter [3] as [INTEGER] - [20]
2021-07-15 03:59:10.772 TRACE 60266 --- [o-auto-1-exec-3] o.h.type.descriptor.sql.BasicBinder      : binding parameter [4] as [VARCHAR] - [email@email.com]
2021-07-15 03:59:10.772 TRACE 60266 --- [o-auto-1-exec-3] o.h.type.descriptor.sql.BasicBinder      : binding parameter [5] as [VARCHAR] - [password]
POST /members HTTP/1.1
accept: */*
content-type: application/json; charset=UTF-8
content-length: 60
host: localhost:52504
connection: Keep-Alive
user-agent: Apache-HttpClient/4.5.13 (Java/11.0.9.1)
accept-encoding: gzip,deflate



HTTP/1.1 201 Created
Keep-Alive: timeout=60
Connection: keep-alive
Content-Length: 0
Date: Wed, 14 Jul 2021 18:59:09 GMT
Location: /members/1



HTTP/1.1 201 
Location: /members/1
Content-Length: 0
Date: Wed, 14 Jul 2021 18:59:09 GMT
Keep-Alive: timeout=60
Connection: keep-alive
Request method:	GET
Request URI:	http://localhost:52504/members/1
Proxy:			<none>
Request params:	<none>
Query params:	<none>
Form params:	<none>
Path params:	<none>
Headers:		Accept=application/json
Cookies:		<none>
Multiparts:		<none>
Body:			<none>
Hibernate: 
    select
        member0_.id as id1_2_0_,
        member0_.created_date as created_2_2_0_,
        member0_.modified_date as modified3_2_0_,
        member0_.age as age4_2_0_,
        member0_.email as email5_2_0_,
        member0_.password as password6_2_0_ 
    from
        member member0_ 
    where
        member0_.id=?
2021-07-15 03:59:10.780 TRACE 60266 --- [o-auto-1-exec-4] o.h.type.descriptor.sql.BasicBinder      : binding parameter [1] as [BIGINT] - [1]
2021-07-15 03:59:10.781 TRACE 60266 --- [o-auto-1-exec-4] o.h.type.descriptor.sql.BasicExtractor   : extracted value ([created_2_2_0_] : [TIMESTAMP]) - [2021-07-15T03:59:10.771477]
2021-07-15 03:59:10.781 TRACE 60266 --- [o-auto-1-exec-4] o.h.type.descriptor.sql.BasicExtractor   : extracted value ([modified3_2_0_] : [TIMESTAMP]) - [2021-07-15T03:59:10.771477]
2021-07-15 03:59:10.781 TRACE 60266 --- [o-auto-1-exec-4] o.h.type.descriptor.sql.BasicExtractor   : extracted value ([age4_2_0_] : [INTEGER]) - [20]
2021-07-15 03:59:10.781 TRACE 60266 --- [o-auto-1-exec-4] o.h.type.descriptor.sql.BasicExtractor   : extracted value ([email5_2_0_] : [VARCHAR]) - [email@email.com]
2021-07-15 03:59:10.781 TRACE 60266 --- [o-auto-1-exec-4] o.h.type.descriptor.sql.BasicExtractor   : extracted value ([password6_2_0_] : [VARCHAR]) - [password]
GET /members/1 HTTP/1.1
accept: application/json
host: localhost:52504
connection: Keep-Alive
user-agent: Apache-HttpClient/4.5.13 (Java/11.0.9.1)
accept-encoding: gzip,deflate



HTTP/1.1 200 OK
Transfer-Encoding: chunked
Keep-Alive: timeout=60
Connection: keep-alive
Date: Wed, 14 Jul 2021 18:59:09 GMT
Content-Type: application/json



HTTP/1.1 200 
Content-Type: application/json
Transfer-Encoding: chunked
Date: Wed, 14 Jul 2021 18:59:09 GMT
Keep-Alive: timeout=60
Connection: keep-alive

{
    "id": 1,
    "email": "email@email.com",
    "age": 20
}
Request method:	PUT
Request URI:	http://localhost:52504/members/1
Proxy:			<none>
Request params:	<none>
Query params:	<none>
Form params:	<none>
Path params:	<none>
Headers:		Accept=*/*
				Content-Type=application/json; charset=UTF-8
Cookies:		<none>
Multiparts:		<none>
Body:
{
    "password": "newpassword",
    "email": "newemail@email.com",
    "age": "22"
}
Hibernate: 
    select
        member0_.id as id1_2_0_,
        member0_.created_date as created_2_2_0_,
        member0_.modified_date as modified3_2_0_,
        member0_.age as age4_2_0_,
        member0_.email as email5_2_0_,
        member0_.password as password6_2_0_ 
    from
        member member0_ 
    where
        member0_.id=?
2021-07-15 03:59:10.795 TRACE 60266 --- [o-auto-1-exec-5] o.h.type.descriptor.sql.BasicBinder      : binding parameter [1] as [BIGINT] - [1]
2021-07-15 03:59:10.795 TRACE 60266 --- [o-auto-1-exec-5] o.h.type.descriptor.sql.BasicExtractor   : extracted value ([created_2_2_0_] : [TIMESTAMP]) - [2021-07-15T03:59:10.771477]
2021-07-15 03:59:10.795 TRACE 60266 --- [o-auto-1-exec-5] o.h.type.descriptor.sql.BasicExtractor   : extracted value ([modified3_2_0_] : [TIMESTAMP]) - [2021-07-15T03:59:10.771477]
2021-07-15 03:59:10.795 TRACE 60266 --- [o-auto-1-exec-5] o.h.type.descriptor.sql.BasicExtractor   : extracted value ([age4_2_0_] : [INTEGER]) - [20]
2021-07-15 03:59:10.795 TRACE 60266 --- [o-auto-1-exec-5] o.h.type.descriptor.sql.BasicExtractor   : extracted value ([email5_2_0_] : [VARCHAR]) - [email@email.com]
2021-07-15 03:59:10.795 TRACE 60266 --- [o-auto-1-exec-5] o.h.type.descriptor.sql.BasicExtractor   : extracted value ([password6_2_0_] : [VARCHAR]) - [password]
Hibernate: 
    update
        member 
    set
        created_date=?,
        modified_date=?,
        age=?,
        email=?,
        password=? 
    where
        id=?
2021-07-15 03:59:10.796 TRACE 60266 --- [o-auto-1-exec-5] o.h.type.descriptor.sql.BasicBinder      : binding parameter [1] as [TIMESTAMP] - [2021-07-15T03:59:10.771477]
2021-07-15 03:59:10.796 TRACE 60266 --- [o-auto-1-exec-5] o.h.type.descriptor.sql.BasicBinder      : binding parameter [2] as [TIMESTAMP] - [2021-07-15T03:59:10.796236]
2021-07-15 03:59:10.797 TRACE 60266 --- [o-auto-1-exec-5] o.h.type.descriptor.sql.BasicBinder      : binding parameter [3] as [INTEGER] - [22]
2021-07-15 03:59:10.797 TRACE 60266 --- [o-auto-1-exec-5] o.h.type.descriptor.sql.BasicBinder      : binding parameter [4] as [VARCHAR] - [newemail@email.com]
2021-07-15 03:59:10.797 TRACE 60266 --- [o-auto-1-exec-5] o.h.type.descriptor.sql.BasicBinder      : binding parameter [5] as [VARCHAR] - [newpassword]
2021-07-15 03:59:10.797 TRACE 60266 --- [o-auto-1-exec-5] o.h.type.descriptor.sql.BasicBinder      : binding parameter [6] as [BIGINT] - [1]
PUT /members/1 HTTP/1.1
accept: */*
content-type: application/json; charset=UTF-8
content-length: 66
host: localhost:52504
connection: Keep-Alive
user-agent: Apache-HttpClient/4.5.13 (Java/11.0.9.1)
accept-encoding: gzip,deflate



HTTP/1.1 200 OK
Keep-Alive: timeout=60
Connection: keep-alive
Content-Length: 0
Date: Wed, 14 Jul 2021 18:59:09 GMT



HTTP/1.1 200 
Content-Length: 0
Date: Wed, 14 Jul 2021 18:59:09 GMT
Keep-Alive: timeout=60
Connection: keep-alive
Request method:	DELETE
Request URI:	http://localhost:52504/members/1
Proxy:			<none>
Request params:	<none>
Query params:	<none>
Form params:	<none>
Path params:	<none>
Headers:		Accept=*/*
Cookies:		<none>
Multiparts:		<none>
Body:			<none>
Hibernate: 
    select
        member0_.id as id1_2_0_,
        member0_.created_date as created_2_2_0_,
        member0_.modified_date as modified3_2_0_,
        member0_.age as age4_2_0_,
        member0_.email as email5_2_0_,
        member0_.password as password6_2_0_ 
    from
        member member0_ 
    where
        member0_.id=?
2021-07-15 03:59:10.805 TRACE 60266 --- [o-auto-1-exec-6] o.h.type.descriptor.sql.BasicBinder      : binding parameter [1] as [BIGINT] - [1]
2021-07-15 03:59:10.805 TRACE 60266 --- [o-auto-1-exec-6] o.h.type.descriptor.sql.BasicExtractor   : extracted value ([created_2_2_0_] : [TIMESTAMP]) - [2021-07-15T03:59:10.771477]
2021-07-15 03:59:10.805 TRACE 60266 --- [o-auto-1-exec-6] o.h.type.descriptor.sql.BasicExtractor   : extracted value ([modified3_2_0_] : [TIMESTAMP]) - [2021-07-15T03:59:10.796236]
2021-07-15 03:59:10.805 TRACE 60266 --- [o-auto-1-exec-6] o.h.type.descriptor.sql.BasicExtractor   : extracted value ([age4_2_0_] : [INTEGER]) - [22]
2021-07-15 03:59:10.805 TRACE 60266 --- [o-auto-1-exec-6] o.h.type.descriptor.sql.BasicExtractor   : extracted value ([email5_2_0_] : [VARCHAR]) - [newemail@email.com]
2021-07-15 03:59:10.805 TRACE 60266 --- [o-auto-1-exec-6] o.h.type.descriptor.sql.BasicExtractor   : extracted value ([password6_2_0_] : [VARCHAR]) - [newpassword]
Hibernate: 
    delete 
    from
        member 
    where
        id=?
2021-07-15 03:59:10.807 TRACE 60266 --- [o-auto-1-exec-6] o.h.type.descriptor.sql.BasicBinder      : binding parameter [1] as [BIGINT] - [1]
DELETE /members/1 HTTP/1.1
accept: */*
host: localhost:52504
connection: Keep-Alive
user-agent: Apache-HttpClient/4.5.13 (Java/11.0.9.1)
accept-encoding: gzip,deflate



HTTP/1.1 204 No Content
Keep-Alive: timeout=60
Connection: keep-alive
Date: Wed, 14 Jul 2021 18:59:09 GMT



HTTP/1.1 204 
Date: Wed, 14 Jul 2021 18:59:09 GMT
Keep-Alive: timeout=60
Connection: keep-alive
]]></system-out>
  <system-err><![CDATA[]]></system-err>
</testsuite>
