<?xml version="1.0" encoding="UTF-8"?>
<testsuite name="단위 테스트 - SpringExtension을 활용한 가짜 협력 객체 사용" tests="1" skipped="0" failures="0" errors="0" timestamp="2021-07-17T16:51:53" hostname="kyle.local" time="0.032">
  <properties/>
  <testcase name="findAllLines()" classname="study.unit.SpringExtensionTest" time="0.032"/>
  <system-out><![CDATA[2021-07-18 01:51:53.073  INFO 10623 --- [    Test worker] o.s.t.c.s.DefaultTestContextBootstrapper : Neither @ContextConfiguration nor @ContextHierarchy found for test class [study.unit.SpringExtensionTest], using DelegatingSmartContextLoader
2021-07-18 01:51:53.074  INFO 10623 --- [    Test worker] o.s.t.c.support.AbstractContextLoader    : Could not detect default resource locations for test class [study.unit.SpringExtensionTest]: no resource found for suffixes {-context.xml, Context.groovy}.
2021-07-18 01:51:53.074  INFO 10623 --- [    Test worker] t.c.s.AnnotationConfigContextLoaderUtils : Could not detect default configuration classes for test class [study.unit.SpringExtensionTest]: SpringExtensionTest does not declare any static, non-private, non-final, nested classes annotated with @Configuration.
2021-07-18 01:51:53.077  INFO 10623 --- [    Test worker] o.s.t.c.s.DefaultTestContextBootstrapper : Loaded default TestExecutionListener class names from location [META-INF/spring.factories]: [org.springframework.boot.test.autoconfigure.restdocs.RestDocsTestExecutionListener, org.springframework.boot.test.autoconfigure.web.client.MockRestServiceServerResetTestExecutionListener, org.springframework.boot.test.autoconfigure.web.servlet.MockMvcPrintOnlyOnFailureTestExecutionListener, org.springframework.boot.test.autoconfigure.web.servlet.WebDriverTestExecutionListener, org.springframework.boot.test.autoconfigure.webservices.client.MockWebServiceServerTestExecutionListener, org.springframework.boot.test.mock.mockito.MockitoTestExecutionListener, org.springframework.boot.test.mock.mockito.ResetMocksTestExecutionListener, org.springframework.test.context.web.ServletTestExecutionListener, org.springframework.test.context.support.DirtiesContextBeforeModesTestExecutionListener, org.springframework.test.context.support.DependencyInjectionTestExecutionListener, org.springframework.test.context.support.DirtiesContextTestExecutionListener, org.springframework.test.context.transaction.TransactionalTestExecutionListener, org.springframework.test.context.jdbc.SqlScriptsTestExecutionListener, org.springframework.test.context.event.EventPublishingTestExecutionListener]
2021-07-18 01:51:53.077  INFO 10623 --- [    Test worker] o.s.t.c.s.DefaultTestContextBootstrapper : Using TestExecutionListeners: [org.springframework.test.context.web.ServletTestExecutionListener@5683eb2e, org.springframework.test.context.support.DirtiesContextBeforeModesTestExecutionListener@fabd0c4, org.springframework.boot.test.mock.mockito.MockitoTestExecutionListener@275c58bb, org.springframework.test.context.support.DependencyInjectionTestExecutionListener@4223baef, org.springframework.test.context.support.DirtiesContextTestExecutionListener@bb0f31e, org.springframework.test.context.transaction.TransactionalTestExecutionListener@5acc2f5c, org.springframework.test.context.jdbc.SqlScriptsTestExecutionListener@1f903d3e, org.springframework.test.context.event.EventPublishingTestExecutionListener@403b18e1, org.springframework.boot.test.autoconfigure.restdocs.RestDocsTestExecutionListener@4c9f2bfb, org.springframework.boot.test.autoconfigure.web.client.MockRestServiceServerResetTestExecutionListener@77125bfb, org.springframework.boot.test.autoconfigure.web.servlet.MockMvcPrintOnlyOnFailureTestExecutionListener@6975e1ea, org.springframework.boot.test.autoconfigure.web.servlet.WebDriverTestExecutionListener@71910035, org.springframework.boot.test.autoconfigure.webservices.client.MockWebServiceServerTestExecutionListener@44e43d0f, org.springframework.boot.test.mock.mockito.ResetMocksTestExecutionListener@21cc6beb]
]]></system-out>
  <system-err><![CDATA[]]></system-err>
</testsuite>
