<?xml version="1.0" encoding="UTF-8"?>
<testsuite name="단위 테스트" tests="1" skipped="0" failures="0" errors="0" timestamp="2021-07-17T16:51:53" hostname="kyle.local" time="0.053">
  <properties/>
  <testcase name="단위 테스트 1" classname="study.unit.UnitTest" time="0.053"/>
  <system-out><![CDATA[]]></system-out>
  <system-err><![CDATA[]]></system-err>
</testsuite>
