<?xml version="1.0" encoding="UTF-8"?>
<testsuite name="지하철 노선 관련 기능" tests="6" skipped="0" failures="0" errors="0" timestamp="2021-07-14T18:59:10" hostname="kyle.local" time="0.404">
  <properties/>
  <testcase name="지하철 노선을 수정한다." classname="nextstep.subway.line.acceptance.LineAcceptanceTest" time="0.052"/>
  <testcase name="지하철 노선을 조회한다." classname="nextstep.subway.line.acceptance.LineAcceptanceTest" time="0.052"/>
  <testcase name="기존에 존재하는 지하철 노선 이름으로 지하철 노선을 생성한다." classname="nextstep.subway.line.acceptance.LineAcceptanceTest" time="0.053"/>
  <testcase name="지하철 노선을 생성한다." classname="nextstep.subway.line.acceptance.LineAcceptanceTest" time="0.04"/>
  <testcase name="지하철 노선을 제거한다." classname="nextstep.subway.line.acceptance.LineAcceptanceTest" time="0.05"/>
  <testcase name="지하철 노선 목록을 조회한다." classname="nextstep.subway.line.acceptance.LineAcceptanceTest" time="0.154"/>
  <system-out><![CDATA[2021-07-15 03:59:10.982  INFO 60266 --- [    Test worker] .b.t.c.SpringBootTestContextBootstrapper : Neither @ContextConfiguration nor @ContextHierarchy found for test class [nextstep.subway.line.acceptance.LineAcceptanceTest], using SpringBootContextLoader
2021-07-15 03:59:10.983  INFO 60266 --- [    Test worker] o.s.t.c.support.AbstractContextLoader    : Could not detect default resource locations for test class [nextstep.subway.line.acceptance.LineAcceptanceTest]: no resource found for suffixes {-context.xml, Context.groovy}.
2021-07-15 03:59:10.983  INFO 60266 --- [    Test worker] t.c.s.AnnotationConfigContextLoaderUtils : Could not detect default configuration classes for test class [nextstep.subway.line.acceptance.LineAcceptanceTest]: LineAcceptanceTest does not declare any static, non-private, non-final, nested classes annotated with @Configuration.
2021-07-15 03:59:10.984  INFO 60266 --- [    Test worker] .b.t.c.SpringBootTestContextBootstrapper : Found @SpringBootConfiguration nextstep.subway.SubwayApplication for test class nextstep.subway.line.acceptance.LineAcceptanceTest
2021-07-15 03:59:10.985  INFO 60266 --- [    Test worker] .b.t.c.SpringBootTestContextBootstrapper : Loaded default TestExecutionListener class names from location [META-INF/spring.factories]: [org.springframework.boot.test.autoconfigure.restdocs.RestDocsTestExecutionListener, org.springframework.boot.test.autoconfigure.web.client.MockRestServiceServerResetTestExecutionListener, org.springframework.boot.test.autoconfigure.web.servlet.MockMvcPrintOnlyOnFailureTestExecutionListener, org.springframework.boot.test.autoconfigure.web.servlet.WebDriverTestExecutionListener, org.springframework.boot.test.autoconfigure.webservices.client.MockWebServiceServerTestExecutionListener, org.springframework.boot.test.mock.mockito.MockitoTestExecutionListener, org.springframework.boot.test.mock.mockito.ResetMocksTestExecutionListener, org.springframework.test.context.web.ServletTestExecutionListener, org.springframework.test.context.support.DirtiesContextBeforeModesTestExecutionListener, org.springframework.test.context.support.DependencyInjectionTestExecutionListener, org.springframework.test.context.support.DirtiesContextTestExecutionListener, org.springframework.test.context.transaction.TransactionalTestExecutionListener, org.springframework.test.context.jdbc.SqlScriptsTestExecutionListener, org.springframework.test.context.event.EventPublishingTestExecutionListener]
2021-07-15 03:59:10.985  INFO 60266 --- [    Test worker] .b.t.c.SpringBootTestContextBootstrapper : Using TestExecutionListeners: [org.springframework.test.context.web.ServletTestExecutionListener@4d420a29, org.springframework.test.context.support.DirtiesContextBeforeModesTestExecutionListener@6ea1898c, org.springframework.boot.test.mock.mockito.MockitoTestExecutionListener@77447c18, org.springframework.boot.test.autoconfigure.SpringBootDependencyInjectionTestExecutionListener@3584bcb1, org.springframework.test.context.support.DirtiesContextTestExecutionListener@68caeb6a, org.springframework.test.context.transaction.TransactionalTestExecutionListener@a45e216, org.springframework.test.context.jdbc.SqlScriptsTestExecutionListener@5e35fbfa, org.springframework.test.context.event.EventPublishingTestExecutionListener@4e44b5b9, org.springframework.boot.test.autoconfigure.restdocs.RestDocsTestExecutionListener@71ea86a0, org.springframework.boot.test.autoconfigure.web.client.MockRestServiceServerResetTestExecutionListener@549a9fd9, org.springframework.boot.test.autoconfigure.web.servlet.MockMvcPrintOnlyOnFailureTestExecutionListener@2501449b, org.springframework.boot.test.autoconfigure.web.servlet.WebDriverTestExecutionListener@4e03c4ff, org.springframework.boot.test.autoconfigure.webservices.client.MockWebServiceServerTestExecutionListener@6b799419, org.springframework.boot.test.mock.mockito.ResetMocksTestExecutionListener@6b1dbaf8]
Hibernate: 
    
SET
    REFERENTIAL_INTEGRITY FALSE
Hibernate: 
    TRUNCATE TABLE section
Hibernate: 
    ALTER TABLE section ALTER COLUMN ID RESTART WITH 1
Hibernate: 
    TRUNCATE TABLE line
Hibernate: 
    ALTER TABLE line ALTER COLUMN ID RESTART WITH 1
Hibernate: 
    TRUNCATE TABLE station
Hibernate: 
    ALTER TABLE station ALTER COLUMN ID RESTART WITH 1
Hibernate: 
    TRUNCATE TABLE member
Hibernate: 
    ALTER TABLE member ALTER COLUMN ID RESTART WITH 1
Hibernate: 
    TRUNCATE TABLE favorite
Hibernate: 
    ALTER TABLE favorite ALTER COLUMN ID RESTART WITH 1
Hibernate: 
    
SET
    REFERENTIAL_INTEGRITY TRUE
Request method:	POST
Request URI:	http://localhost:52504/stations
Proxy:			<none>
Request params:	<none>
Query params:	<none>
Form params:	<none>
Path params:	<none>
Headers:		Accept=*/*
				Content-Type=application/json; charset=UTF-8
Cookies:		<none>
Multiparts:		<none>
Body:
{
    "name": "강남역"
}
Hibernate: 
    insert 
    into
        station
        (id, created_date, modified_date, name) 
    values
        (null, ?, ?, ?)
2021-07-15 03:59:10.998 TRACE 60266 --- [o-auto-1-exec-9] o.h.type.descriptor.sql.BasicBinder      : binding parameter [1] as [TIMESTAMP] - [2021-07-15T03:59:10.998174]
2021-07-15 03:59:10.998 TRACE 60266 --- [o-auto-1-exec-9] o.h.type.descriptor.sql.BasicBinder      : binding parameter [2] as [TIMESTAMP] - [2021-07-15T03:59:10.998174]
2021-07-15 03:59:10.998 TRACE 60266 --- [o-auto-1-exec-9] o.h.type.descriptor.sql.BasicBinder      : binding parameter [3] as [VARCHAR] - [강남역]
POST /stations HTTP/1.1
accept: */*
content-type: application/json; charset=UTF-8
content-length: 20
host: localhost:52504
connection: Keep-Alive
user-agent: Apache-HttpClient/4.5.13 (Java/11.0.9.1)
accept-encoding: gzip,deflate



HTTP/1.1 201 Created
Transfer-Encoding: chunked
Keep-Alive: timeout=60
Connection: keep-alive
Date: Wed, 14 Jul 2021 18:59:10 GMT
Location: /stations/1
Content-Type: application/json



HTTP/1.1 201 
Location: /stations/1
Content-Type: application/json
Transfer-Encoding: chunked
Date: Wed, 14 Jul 2021 18:59:10 GMT
Keep-Alive: timeout=60
Connection: keep-alive

{
    "id": 1,
    "name": "강남역",
    "createdDate": "2021-07-15T03:59:10.998174",
    "modifiedDate": "2021-07-15T03:59:10.998174"
}
Request method:	POST
Request URI:	http://localhost:52504/stations
Proxy:			<none>
Request params:	<none>
Query params:	<none>
Form params:	<none>
Path params:	<none>
Headers:		Accept=*/*
				Content-Type=application/json; charset=UTF-8
Cookies:		<none>
Multiparts:		<none>
Body:
{
    "name": "광교역"
}
Hibernate: 
    insert 
    into
        station
        (id, created_date, modified_date, name) 
    values
        (null, ?, ?, ?)
2021-07-15 03:59:11.009 TRACE 60266 --- [o-auto-1-exec-1] o.h.type.descriptor.sql.BasicBinder      : binding parameter [1] as [TIMESTAMP] - [2021-07-15T03:59:11.009067]
2021-07-15 03:59:11.009 TRACE 60266 --- [o-auto-1-exec-1] o.h.type.descriptor.sql.BasicBinder      : binding parameter [2] as [TIMESTAMP] - [2021-07-15T03:59:11.009067]
2021-07-15 03:59:11.009 TRACE 60266 --- [o-auto-1-exec-1] o.h.type.descriptor.sql.BasicBinder      : binding parameter [3] as [VARCHAR] - [광교역]
POST /stations HTTP/1.1
accept: */*
content-type: application/json; charset=UTF-8
content-length: 20
host: localhost:52504
connection: Keep-Alive
user-agent: Apache-HttpClient/4.5.13 (Java/11.0.9.1)
accept-encoding: gzip,deflate



HTTP/1.1 201 Created
Transfer-Encoding: chunked
Keep-Alive: timeout=60
Connection: keep-alive
Date: Wed, 14 Jul 2021 18:59:10 GMT
Location: /stations/2
Content-Type: application/json



HTTP/1.1 201 
Location: /stations/2
Content-Type: application/json
Transfer-Encoding: chunked
Date: Wed, 14 Jul 2021 18:59:10 GMT
Keep-Alive: timeout=60
Connection: keep-alive

{
    "id": 2,
    "name": "광교역",
    "createdDate": "2021-07-15T03:59:11.009067",
    "modifiedDate": "2021-07-15T03:59:11.009067"
}
Request method:	POST
Request URI:	http://localhost:52504/lines
Proxy:			<none>
Request params:	<none>
Query params:	<none>
Form params:	<none>
Path params:	<none>
Headers:		Accept=*/*
				Content-Type=application/json; charset=UTF-8
Cookies:		<none>
Multiparts:		<none>
Body:
{
    "color": "bg-red-600",
    "distance": "10",
    "name": "신분당선",
    "downStationId": "2",
    "upStationId": "1"
}
Hibernate: 
    select
        station0_.id as id1_4_0_,
        station0_.created_date as created_2_4_0_,
        station0_.modified_date as modified3_4_0_,
        station0_.name as name4_4_0_ 
    from
        station station0_ 
    where
        station0_.id=?
2021-07-15 03:59:11.020 TRACE 60266 --- [o-auto-1-exec-8] o.h.type.descriptor.sql.BasicBinder      : binding parameter [1] as [BIGINT] - [1]
2021-07-15 03:59:11.020 TRACE 60266 --- [o-auto-1-exec-8] o.h.type.descriptor.sql.BasicExtractor   : extracted value ([created_2_4_0_] : [TIMESTAMP]) - [2021-07-15T03:59:10.998174]
2021-07-15 03:59:11.020 TRACE 60266 --- [o-auto-1-exec-8] o.h.type.descriptor.sql.BasicExtractor   : extracted value ([modified3_4_0_] : [TIMESTAMP]) - [2021-07-15T03:59:10.998174]
2021-07-15 03:59:11.020 TRACE 60266 --- [o-auto-1-exec-8] o.h.type.descriptor.sql.BasicExtractor   : extracted value ([name4_4_0_] : [VARCHAR]) - [강남역]
Hibernate: 
    select
        station0_.id as id1_4_0_,
        station0_.created_date as created_2_4_0_,
        station0_.modified_date as modified3_4_0_,
        station0_.name as name4_4_0_ 
    from
        station station0_ 
    where
        station0_.id=?
2021-07-15 03:59:11.021 TRACE 60266 --- [o-auto-1-exec-8] o.h.type.descriptor.sql.BasicBinder      : binding parameter [1] as [BIGINT] - [2]
2021-07-15 03:59:11.021 TRACE 60266 --- [o-auto-1-exec-8] o.h.type.descriptor.sql.BasicExtractor   : extracted value ([created_2_4_0_] : [TIMESTAMP]) - [2021-07-15T03:59:11.009067]
2021-07-15 03:59:11.021 TRACE 60266 --- [o-auto-1-exec-8] o.h.type.descriptor.sql.BasicExtractor   : extracted value ([modified3_4_0_] : [TIMESTAMP]) - [2021-07-15T03:59:11.009067]
2021-07-15 03:59:11.021 TRACE 60266 --- [o-auto-1-exec-8] o.h.type.descriptor.sql.BasicExtractor   : extracted value ([name4_4_0_] : [VARCHAR]) - [광교역]
Hibernate: 
    insert 
    into
        line
        (id, created_date, modified_date, color, name) 
    values
        (null, ?, ?, ?, ?)
2021-07-15 03:59:11.022 TRACE 60266 --- [o-auto-1-exec-8] o.h.type.descriptor.sql.BasicBinder      : binding parameter [1] as [TIMESTAMP] - [2021-07-15T03:59:11.021890]
2021-07-15 03:59:11.022 TRACE 60266 --- [o-auto-1-exec-8] o.h.type.descriptor.sql.BasicBinder      : binding parameter [2] as [TIMESTAMP] - [2021-07-15T03:59:11.021890]
2021-07-15 03:59:11.022 TRACE 60266 --- [o-auto-1-exec-8] o.h.type.descriptor.sql.BasicBinder      : binding parameter [3] as [VARCHAR] - [bg-red-600]
2021-07-15 03:59:11.022 TRACE 60266 --- [o-auto-1-exec-8] o.h.type.descriptor.sql.BasicBinder      : binding parameter [4] as [VARCHAR] - [신분당선]
Hibernate: 
    insert 
    into
        section
        (id, distance, down_station_id, line_id, up_station_id) 
    values
        (null, ?, ?, ?, ?)
2021-07-15 03:59:11.023 TRACE 60266 --- [o-auto-1-exec-8] o.h.type.descriptor.sql.BasicBinder      : binding parameter [1] as [INTEGER] - [10]
2021-07-15 03:59:11.023 TRACE 60266 --- [o-auto-1-exec-8] o.h.type.descriptor.sql.BasicBinder      : binding parameter [2] as [BIGINT] - [2]
2021-07-15 03:59:11.023 TRACE 60266 --- [o-auto-1-exec-8] o.h.type.descriptor.sql.BasicBinder      : binding parameter [3] as [BIGINT] - [1]
2021-07-15 03:59:11.023 TRACE 60266 --- [o-auto-1-exec-8] o.h.type.descriptor.sql.BasicBinder      : binding parameter [4] as [BIGINT] - [1]
POST /lines HTTP/1.1
accept: */*
content-type: application/json; charset=UTF-8
content-length: 98
host: localhost:52504
connection: Keep-Alive
user-agent: Apache-HttpClient/4.5.13 (Java/11.0.9.1)
accept-encoding: gzip,deflate



HTTP/1.1 201 Created
Transfer-Encoding: chunked
Keep-Alive: timeout=60
Connection: keep-alive
Date: Wed, 14 Jul 2021 18:59:10 GMT
Location: /lines/1
Content-Type: application/json



HTTP/1.1 201 
Location: /lines/1
Content-Type: application/json
Transfer-Encoding: chunked
Date: Wed, 14 Jul 2021 18:59:10 GMT
Keep-Alive: timeout=60
Connection: keep-alive

{
    "id": 1,
    "name": "신분당선",
    "color": "bg-red-600",
    "stations": [
        {
            "id": 1,
            "name": "강남역",
            "createdDate": "2021-07-15T03:59:10.998174",
            "modifiedDate": "2021-07-15T03:59:10.998174"
        },
        {
            "id": 2,
            "name": "광교역",
            "createdDate": "2021-07-15T03:59:11.009067",
            "modifiedDate": "2021-07-15T03:59:11.009067"
        }
    ],
    "createdDate": "2021-07-15T03:59:11.02189",
    "modifiedDate": "2021-07-15T03:59:11.02189"
}
Request method:	PUT
Request URI:	http://localhost:52504/lines/1
Proxy:			<none>
Request params:	<none>
Query params:	<none>
Form params:	<none>
Path params:	<none>
Headers:		Accept=*/*
				Content-Type=application/json; charset=UTF-8
Cookies:		<none>
Multiparts:		<none>
Body:
{
    "color": "bg-red-600",
    "distance": "15",
    "name": "구분당선",
    "downStationId": "2",
    "upStationId": "1"
}
Hibernate: 
    select
        line0_.id as id1_1_0_,
        line0_.created_date as created_2_1_0_,
        line0_.modified_date as modified3_1_0_,
        line0_.color as color4_1_0_,
        line0_.name as name5_1_0_ 
    from
        line line0_ 
    where
        line0_.id=?
2021-07-15 03:59:11.034 TRACE 60266 --- [o-auto-1-exec-2] o.h.type.descriptor.sql.BasicBinder      : binding parameter [1] as [BIGINT] - [1]
2021-07-15 03:59:11.034 TRACE 60266 --- [o-auto-1-exec-2] o.h.type.descriptor.sql.BasicExtractor   : extracted value ([created_2_1_0_] : [TIMESTAMP]) - [2021-07-15T03:59:11.021890]
2021-07-15 03:59:11.034 TRACE 60266 --- [o-auto-1-exec-2] o.h.type.descriptor.sql.BasicExtractor   : extracted value ([modified3_1_0_] : [TIMESTAMP]) - [2021-07-15T03:59:11.021890]
2021-07-15 03:59:11.034 TRACE 60266 --- [o-auto-1-exec-2] o.h.type.descriptor.sql.BasicExtractor   : extracted value ([color4_1_0_] : [VARCHAR]) - [bg-red-600]
2021-07-15 03:59:11.034 TRACE 60266 --- [o-auto-1-exec-2] o.h.type.descriptor.sql.BasicExtractor   : extracted value ([name5_1_0_] : [VARCHAR]) - [신분당선]
Hibernate: 
    update
        line 
    set
        created_date=?,
        modified_date=?,
        color=?,
        name=? 
    where
        id=?
2021-07-15 03:59:11.035 TRACE 60266 --- [o-auto-1-exec-2] o.h.type.descriptor.sql.BasicBinder      : binding parameter [1] as [TIMESTAMP] - [2021-07-15T03:59:11.021890]
2021-07-15 03:59:11.036 TRACE 60266 --- [o-auto-1-exec-2] o.h.type.descriptor.sql.BasicBinder      : binding parameter [2] as [TIMESTAMP] - [2021-07-15T03:59:11.035506]
2021-07-15 03:59:11.036 TRACE 60266 --- [o-auto-1-exec-2] o.h.type.descriptor.sql.BasicBinder      : binding parameter [3] as [VARCHAR] - [bg-red-600]
2021-07-15 03:59:11.036 TRACE 60266 --- [o-auto-1-exec-2] o.h.type.descriptor.sql.BasicBinder      : binding parameter [4] as [VARCHAR] - [구분당선]
2021-07-15 03:59:11.036 TRACE 60266 --- [o-auto-1-exec-2] o.h.type.descriptor.sql.BasicBinder      : binding parameter [5] as [BIGINT] - [1]
PUT /lines/1 HTTP/1.1
accept: */*
content-type: application/json; charset=UTF-8
content-length: 98
host: localhost:52504
connection: Keep-Alive
user-agent: Apache-HttpClient/4.5.13 (Java/11.0.9.1)
accept-encoding: gzip,deflate



HTTP/1.1 200 OK
Keep-Alive: timeout=60
Connection: keep-alive
Content-Length: 0
Date: Wed, 14 Jul 2021 18:59:10 GMT



HTTP/1.1 200 
Content-Length: 0
Date: Wed, 14 Jul 2021 18:59:10 GMT
Keep-Alive: timeout=60
Connection: keep-alive
Hibernate: 
    
SET
    REFERENTIAL_INTEGRITY FALSE
Hibernate: 
    TRUNCATE TABLE section
Hibernate: 
    ALTER TABLE section ALTER COLUMN ID RESTART WITH 1
Hibernate: 
    TRUNCATE TABLE line
Hibernate: 
    ALTER TABLE line ALTER COLUMN ID RESTART WITH 1
Hibernate: 
    TRUNCATE TABLE station
Hibernate: 
    ALTER TABLE station ALTER COLUMN ID RESTART WITH 1
Hibernate: 
    TRUNCATE TABLE member
Hibernate: 
    ALTER TABLE member ALTER COLUMN ID RESTART WITH 1
Hibernate: 
    TRUNCATE TABLE favorite
Hibernate: 
    ALTER TABLE favorite ALTER COLUMN ID RESTART WITH 1
Hibernate: 
    
SET
    REFERENTIAL_INTEGRITY TRUE
Request method:	POST
Request URI:	http://localhost:52504/stations
Proxy:			<none>
Request params:	<none>
Query params:	<none>
Form params:	<none>
Path params:	<none>
Headers:		Accept=*/*
				Content-Type=application/json; charset=UTF-8
Cookies:		<none>
Multiparts:		<none>
Body:
{
    "name": "강남역"
}
Hibernate: 
    insert 
    into
        station
        (id, created_date, modified_date, name) 
    values
        (null, ?, ?, ?)
2021-07-15 03:59:11.052 TRACE 60266 --- [o-auto-1-exec-3] o.h.type.descriptor.sql.BasicBinder      : binding parameter [1] as [TIMESTAMP] - [2021-07-15T03:59:11.051392]
2021-07-15 03:59:11.052 TRACE 60266 --- [o-auto-1-exec-3] o.h.type.descriptor.sql.BasicBinder      : binding parameter [2] as [TIMESTAMP] - [2021-07-15T03:59:11.051392]
2021-07-15 03:59:11.052 TRACE 60266 --- [o-auto-1-exec-3] o.h.type.descriptor.sql.BasicBinder      : binding parameter [3] as [VARCHAR] - [강남역]
POST /stations HTTP/1.1
accept: */*
content-type: application/json; charset=UTF-8
content-length: 20
host: localhost:52504
connection: Keep-Alive
user-agent: Apache-HttpClient/4.5.13 (Java/11.0.9.1)
accept-encoding: gzip,deflate



HTTP/1.1 201 Created
Transfer-Encoding: chunked
Keep-Alive: timeout=60
Connection: keep-alive
Date: Wed, 14 Jul 2021 18:59:10 GMT
Location: /stations/1
Content-Type: application/json



HTTP/1.1 201 
Location: /stations/1
Content-Type: application/json
Transfer-Encoding: chunked
Date: Wed, 14 Jul 2021 18:59:10 GMT
Keep-Alive: timeout=60
Connection: keep-alive

{
    "id": 1,
    "name": "강남역",
    "createdDate": "2021-07-15T03:59:11.051392",
    "modifiedDate": "2021-07-15T03:59:11.051392"
}
Request method:	POST
Request URI:	http://localhost:52504/stations
Proxy:			<none>
Request params:	<none>
Query params:	<none>
Form params:	<none>
Path params:	<none>
Headers:		Accept=*/*
				Content-Type=application/json; charset=UTF-8
Cookies:		<none>
Multiparts:		<none>
Body:
{
    "name": "광교역"
}
Hibernate: 
    insert 
    into
        station
        (id, created_date, modified_date, name) 
    values
        (null, ?, ?, ?)
2021-07-15 03:59:11.062 TRACE 60266 --- [o-auto-1-exec-4] o.h.type.descriptor.sql.BasicBinder      : binding parameter [1] as [TIMESTAMP] - [2021-07-15T03:59:11.062174]
2021-07-15 03:59:11.062 TRACE 60266 --- [o-auto-1-exec-4] o.h.type.descriptor.sql.BasicBinder      : binding parameter [2] as [TIMESTAMP] - [2021-07-15T03:59:11.062174]
2021-07-15 03:59:11.062 TRACE 60266 --- [o-auto-1-exec-4] o.h.type.descriptor.sql.BasicBinder      : binding parameter [3] as [VARCHAR] - [광교역]
POST /stations HTTP/1.1
accept: */*
content-type: application/json; charset=UTF-8
content-length: 20
host: localhost:52504
connection: Keep-Alive
user-agent: Apache-HttpClient/4.5.13 (Java/11.0.9.1)
accept-encoding: gzip,deflate



HTTP/1.1 201 Created
Transfer-Encoding: chunked
Keep-Alive: timeout=60
Connection: keep-alive
Date: Wed, 14 Jul 2021 18:59:10 GMT
Location: /stations/2
Content-Type: application/json



HTTP/1.1 201 
Location: /stations/2
Content-Type: application/json
Transfer-Encoding: chunked
Date: Wed, 14 Jul 2021 18:59:10 GMT
Keep-Alive: timeout=60
Connection: keep-alive

{
    "id": 2,
    "name": "광교역",
    "createdDate": "2021-07-15T03:59:11.062174",
    "modifiedDate": "2021-07-15T03:59:11.062174"
}
Request method:	POST
Request URI:	http://localhost:52504/lines
Proxy:			<none>
Request params:	<none>
Query params:	<none>
Form params:	<none>
Path params:	<none>
Headers:		Accept=*/*
				Content-Type=application/json; charset=UTF-8
Cookies:		<none>
Multiparts:		<none>
Body:
{
    "color": "bg-red-600",
    "distance": "10",
    "name": "신분당선",
    "downStationId": "2",
    "upStationId": "1"
}
Hibernate: 
    select
        station0_.id as id1_4_0_,
        station0_.created_date as created_2_4_0_,
        station0_.modified_date as modified3_4_0_,
        station0_.name as name4_4_0_ 
    from
        station station0_ 
    where
        station0_.id=?
2021-07-15 03:59:11.073 TRACE 60266 --- [o-auto-1-exec-5] o.h.type.descriptor.sql.BasicBinder      : binding parameter [1] as [BIGINT] - [1]
2021-07-15 03:59:11.073 TRACE 60266 --- [o-auto-1-exec-5] o.h.type.descriptor.sql.BasicExtractor   : extracted value ([created_2_4_0_] : [TIMESTAMP]) - [2021-07-15T03:59:11.051392]
2021-07-15 03:59:11.073 TRACE 60266 --- [o-auto-1-exec-5] o.h.type.descriptor.sql.BasicExtractor   : extracted value ([modified3_4_0_] : [TIMESTAMP]) - [2021-07-15T03:59:11.051392]
2021-07-15 03:59:11.073 TRACE 60266 --- [o-auto-1-exec-5] o.h.type.descriptor.sql.BasicExtractor   : extracted value ([name4_4_0_] : [VARCHAR]) - [강남역]
Hibernate: 
    select
        station0_.id as id1_4_0_,
        station0_.created_date as created_2_4_0_,
        station0_.modified_date as modified3_4_0_,
        station0_.name as name4_4_0_ 
    from
        station station0_ 
    where
        station0_.id=?
2021-07-15 03:59:11.074 TRACE 60266 --- [o-auto-1-exec-5] o.h.type.descriptor.sql.BasicBinder      : binding parameter [1] as [BIGINT] - [2]
2021-07-15 03:59:11.074 TRACE 60266 --- [o-auto-1-exec-5] o.h.type.descriptor.sql.BasicExtractor   : extracted value ([created_2_4_0_] : [TIMESTAMP]) - [2021-07-15T03:59:11.062174]
2021-07-15 03:59:11.074 TRACE 60266 --- [o-auto-1-exec-5] o.h.type.descriptor.sql.BasicExtractor   : extracted value ([modified3_4_0_] : [TIMESTAMP]) - [2021-07-15T03:59:11.062174]
2021-07-15 03:59:11.074 TRACE 60266 --- [o-auto-1-exec-5] o.h.type.descriptor.sql.BasicExtractor   : extracted value ([name4_4_0_] : [VARCHAR]) - [광교역]
Hibernate: 
    insert 
    into
        line
        (id, created_date, modified_date, color, name) 
    values
        (null, ?, ?, ?, ?)
2021-07-15 03:59:11.075 TRACE 60266 --- [o-auto-1-exec-5] o.h.type.descriptor.sql.BasicBinder      : binding parameter [1] as [TIMESTAMP] - [2021-07-15T03:59:11.075314]
2021-07-15 03:59:11.075 TRACE 60266 --- [o-auto-1-exec-5] o.h.type.descriptor.sql.BasicBinder      : binding parameter [2] as [TIMESTAMP] - [2021-07-15T03:59:11.075314]
2021-07-15 03:59:11.075 TRACE 60266 --- [o-auto-1-exec-5] o.h.type.descriptor.sql.BasicBinder      : binding parameter [3] as [VARCHAR] - [bg-red-600]
2021-07-15 03:59:11.075 TRACE 60266 --- [o-auto-1-exec-5] o.h.type.descriptor.sql.BasicBinder      : binding parameter [4] as [VARCHAR] - [신분당선]
Hibernate: 
    insert 
    into
        section
        (id, distance, down_station_id, line_id, up_station_id) 
    values
        (null, ?, ?, ?, ?)
2021-07-15 03:59:11.076 TRACE 60266 --- [o-auto-1-exec-5] o.h.type.descriptor.sql.BasicBinder      : binding parameter [1] as [INTEGER] - [10]
2021-07-15 03:59:11.076 TRACE 60266 --- [o-auto-1-exec-5] o.h.type.descriptor.sql.BasicBinder      : binding parameter [2] as [BIGINT] - [2]
2021-07-15 03:59:11.076 TRACE 60266 --- [o-auto-1-exec-5] o.h.type.descriptor.sql.BasicBinder      : binding parameter [3] as [BIGINT] - [1]
2021-07-15 03:59:11.076 TRACE 60266 --- [o-auto-1-exec-5] o.h.type.descriptor.sql.BasicBinder      : binding parameter [4] as [BIGINT] - [1]
POST /lines HTTP/1.1
accept: */*
content-type: application/json; charset=UTF-8
content-length: 98
host: localhost:52504
connection: Keep-Alive
user-agent: Apache-HttpClient/4.5.13 (Java/11.0.9.1)
accept-encoding: gzip,deflate



HTTP/1.1 201 Created
Transfer-Encoding: chunked
Keep-Alive: timeout=60
Connection: keep-alive
Date: Wed, 14 Jul 2021 18:59:10 GMT
Location: /lines/1
Content-Type: application/json



HTTP/1.1 201 
Location: /lines/1
Content-Type: application/json
Transfer-Encoding: chunked
Date: Wed, 14 Jul 2021 18:59:10 GMT
Keep-Alive: timeout=60
Connection: keep-alive

{
    "id": 1,
    "name": "신분당선",
    "color": "bg-red-600",
    "stations": [
        {
            "id": 1,
            "name": "강남역",
            "createdDate": "2021-07-15T03:59:11.051392",
            "modifiedDate": "2021-07-15T03:59:11.051392"
        },
        {
            "id": 2,
            "name": "광교역",
            "createdDate": "2021-07-15T03:59:11.062174",
            "modifiedDate": "2021-07-15T03:59:11.062174"
        }
    ],
    "createdDate": "2021-07-15T03:59:11.075314",
    "modifiedDate": "2021-07-15T03:59:11.075314"
}
Request method:	GET
Request URI:	http://localhost:52504/lines/1
Proxy:			<none>
Request params:	<none>
Query params:	<none>
Form params:	<none>
Path params:	<none>
Headers:		Accept=application/json
Cookies:		<none>
Multiparts:		<none>
Body:			<none>
Hibernate: 
    select
        line0_.id as id1_1_0_,
        line0_.created_date as created_2_1_0_,
        line0_.modified_date as modified3_1_0_,
        line0_.color as color4_1_0_,
        line0_.name as name5_1_0_ 
    from
        line line0_ 
    where
        line0_.id=?
2021-07-15 03:59:11.083 TRACE 60266 --- [o-auto-1-exec-6] o.h.type.descriptor.sql.BasicBinder      : binding parameter [1] as [BIGINT] - [1]
2021-07-15 03:59:11.083 TRACE 60266 --- [o-auto-1-exec-6] o.h.type.descriptor.sql.BasicExtractor   : extracted value ([created_2_1_0_] : [TIMESTAMP]) - [2021-07-15T03:59:11.075314]
2021-07-15 03:59:11.084 TRACE 60266 --- [o-auto-1-exec-6] o.h.type.descriptor.sql.BasicExtractor   : extracted value ([modified3_1_0_] : [TIMESTAMP]) - [2021-07-15T03:59:11.075314]
2021-07-15 03:59:11.084 TRACE 60266 --- [o-auto-1-exec-6] o.h.type.descriptor.sql.BasicExtractor   : extracted value ([color4_1_0_] : [VARCHAR]) - [bg-red-600]
2021-07-15 03:59:11.084 TRACE 60266 --- [o-auto-1-exec-6] o.h.type.descriptor.sql.BasicExtractor   : extracted value ([name5_1_0_] : [VARCHAR]) - [신분당선]
Hibernate: 
    select
        sections0_.line_id as line_id4_3_0_,
        sections0_.id as id1_3_0_,
        sections0_.id as id1_3_1_,
        sections0_.distance as distance2_3_1_,
        sections0_.down_station_id as down_sta3_3_1_,
        sections0_.line_id as line_id4_3_1_,
        sections0_.up_station_id as up_stati5_3_1_,
        station1_.id as id1_4_2_,
        station1_.created_date as created_2_4_2_,
        station1_.modified_date as modified3_4_2_,
        station1_.name as name4_4_2_,
        station2_.id as id1_4_3_,
        station2_.created_date as created_2_4_3_,
        station2_.modified_date as modified3_4_3_,
        station2_.name as name4_4_3_ 
    from
        section sections0_ 
    left outer join
        station station1_ 
            on sections0_.down_station_id=station1_.id 
    left outer join
        station station2_ 
            on sections0_.up_station_id=station2_.id 
    where
        sections0_.line_id=?
2021-07-15 03:59:11.084 TRACE 60266 --- [o-auto-1-exec-6] o.h.type.descriptor.sql.BasicBinder      : binding parameter [1] as [BIGINT] - [1]
2021-07-15 03:59:11.085 TRACE 60266 --- [o-auto-1-exec-6] o.h.type.descriptor.sql.BasicExtractor   : extracted value ([id1_3_1_] : [BIGINT]) - [1]
2021-07-15 03:59:11.085 TRACE 60266 --- [o-auto-1-exec-6] o.h.type.descriptor.sql.BasicExtractor   : extracted value ([id1_4_2_] : [BIGINT]) - [2]
2021-07-15 03:59:11.085 TRACE 60266 --- [o-auto-1-exec-6] o.h.type.descriptor.sql.BasicExtractor   : extracted value ([id1_4_3_] : [BIGINT]) - [1]
2021-07-15 03:59:11.085 TRACE 60266 --- [o-auto-1-exec-6] o.h.type.descriptor.sql.BasicExtractor   : extracted value ([distance2_3_1_] : [INTEGER]) - [10]
2021-07-15 03:59:11.085 TRACE 60266 --- [o-auto-1-exec-6] o.h.type.descriptor.sql.BasicExtractor   : extracted value ([down_sta3_3_1_] : [BIGINT]) - [2]
2021-07-15 03:59:11.085 TRACE 60266 --- [o-auto-1-exec-6] o.h.type.descriptor.sql.BasicExtractor   : extracted value ([line_id4_3_1_] : [BIGINT]) - [1]
2021-07-15 03:59:11.085 TRACE 60266 --- [o-auto-1-exec-6] o.h.type.descriptor.sql.BasicExtractor   : extracted value ([up_stati5_3_1_] : [BIGINT]) - [1]
2021-07-15 03:59:11.085 TRACE 60266 --- [o-auto-1-exec-6] o.h.type.descriptor.sql.BasicExtractor   : extracted value ([created_2_4_2_] : [TIMESTAMP]) - [2021-07-15T03:59:11.062174]
2021-07-15 03:59:11.085 TRACE 60266 --- [o-auto-1-exec-6] o.h.type.descriptor.sql.BasicExtractor   : extracted value ([modified3_4_2_] : [TIMESTAMP]) - [2021-07-15T03:59:11.062174]
2021-07-15 03:59:11.085 TRACE 60266 --- [o-auto-1-exec-6] o.h.type.descriptor.sql.BasicExtractor   : extracted value ([name4_4_2_] : [VARCHAR]) - [광교역]
2021-07-15 03:59:11.085 TRACE 60266 --- [o-auto-1-exec-6] o.h.type.descriptor.sql.BasicExtractor   : extracted value ([created_2_4_3_] : [TIMESTAMP]) - [2021-07-15T03:59:11.051392]
2021-07-15 03:59:11.085 TRACE 60266 --- [o-auto-1-exec-6] o.h.type.descriptor.sql.BasicExtractor   : extracted value ([modified3_4_3_] : [TIMESTAMP]) - [2021-07-15T03:59:11.051392]
2021-07-15 03:59:11.085 TRACE 60266 --- [o-auto-1-exec-6] o.h.type.descriptor.sql.BasicExtractor   : extracted value ([name4_4_3_] : [VARCHAR]) - [강남역]
2021-07-15 03:59:11.085 TRACE 60266 --- [o-auto-1-exec-6] o.h.type.descriptor.sql.BasicExtractor   : extracted value ([line_id4_3_0_] : [BIGINT]) - [1]
2021-07-15 03:59:11.085 TRACE 60266 --- [o-auto-1-exec-6] o.h.type.descriptor.sql.BasicExtractor   : extracted value ([id1_3_0_] : [BIGINT]) - [1]
GET /lines/1 HTTP/1.1
accept: application/json
host: localhost:52504
connection: Keep-Alive
user-agent: Apache-HttpClient/4.5.13 (Java/11.0.9.1)
accept-encoding: gzip,deflate



HTTP/1.1 200 OK
Transfer-Encoding: chunked
Keep-Alive: timeout=60
Connection: keep-alive
Date: Wed, 14 Jul 2021 18:59:10 GMT
Content-Type: application/json



HTTP/1.1 200 
Content-Type: application/json
Transfer-Encoding: chunked
Date: Wed, 14 Jul 2021 18:59:10 GMT
Keep-Alive: timeout=60
Connection: keep-alive

{
    "id": 1,
    "name": "신분당선",
    "color": "bg-red-600",
    "stations": [
        {
            "id": 1,
            "name": "강남역",
            "createdDate": "2021-07-15T03:59:11.051392",
            "modifiedDate": "2021-07-15T03:59:11.051392"
        },
        {
            "id": 2,
            "name": "광교역",
            "createdDate": "2021-07-15T03:59:11.062174",
            "modifiedDate": "2021-07-15T03:59:11.062174"
        }
    ],
    "createdDate": "2021-07-15T03:59:11.075314",
    "modifiedDate": "2021-07-15T03:59:11.075314"
}
Hibernate: 
    
SET
    REFERENTIAL_INTEGRITY FALSE
Hibernate: 
    TRUNCATE TABLE section
Hibernate: 
    ALTER TABLE section ALTER COLUMN ID RESTART WITH 1
Hibernate: 
    TRUNCATE TABLE line
Hibernate: 
    ALTER TABLE line ALTER COLUMN ID RESTART WITH 1
Hibernate: 
    TRUNCATE TABLE station
Hibernate: 
    ALTER TABLE station ALTER COLUMN ID RESTART WITH 1
Hibernate: 
    TRUNCATE TABLE member
Hibernate: 
    ALTER TABLE member ALTER COLUMN ID RESTART WITH 1
Hibernate: 
    TRUNCATE TABLE favorite
Hibernate: 
    ALTER TABLE favorite ALTER COLUMN ID RESTART WITH 1
Hibernate: 
    
SET
    REFERENTIAL_INTEGRITY TRUE
Request method:	POST
Request URI:	http://localhost:52504/stations
Proxy:			<none>
Request params:	<none>
Query params:	<none>
Form params:	<none>
Path params:	<none>
Headers:		Accept=*/*
				Content-Type=application/json; charset=UTF-8
Cookies:		<none>
Multiparts:		<none>
Body:
{
    "name": "강남역"
}
Hibernate: 
    insert 
    into
        station
        (id, created_date, modified_date, name) 
    values
        (null, ?, ?, ?)
2021-07-15 03:59:11.104 TRACE 60266 --- [o-auto-1-exec-7] o.h.type.descriptor.sql.BasicBinder      : binding parameter [1] as [TIMESTAMP] - [2021-07-15T03:59:11.103674]
2021-07-15 03:59:11.104 TRACE 60266 --- [o-auto-1-exec-7] o.h.type.descriptor.sql.BasicBinder      : binding parameter [2] as [TIMESTAMP] - [2021-07-15T03:59:11.103674]
2021-07-15 03:59:11.104 TRACE 60266 --- [o-auto-1-exec-7] o.h.type.descriptor.sql.BasicBinder      : binding parameter [3] as [VARCHAR] - [강남역]
POST /stations HTTP/1.1
accept: */*
content-type: application/json; charset=UTF-8
content-length: 20
host: localhost:52504
connection: Keep-Alive
user-agent: Apache-HttpClient/4.5.13 (Java/11.0.9.1)
accept-encoding: gzip,deflate



HTTP/1.1 201 Created
Transfer-Encoding: chunked
Keep-Alive: timeout=60
Connection: keep-alive
Date: Wed, 14 Jul 2021 18:59:10 GMT
Location: /stations/1
Content-Type: application/json



HTTP/1.1 201 
Location: /stations/1
Content-Type: application/json
Transfer-Encoding: chunked
Date: Wed, 14 Jul 2021 18:59:10 GMT
Keep-Alive: timeout=60
Connection: keep-alive

{
    "id": 1,
    "name": "강남역",
    "createdDate": "2021-07-15T03:59:11.103674",
    "modifiedDate": "2021-07-15T03:59:11.103674"
}
Request method:	POST
Request URI:	http://localhost:52504/stations
Proxy:			<none>
Request params:	<none>
Query params:	<none>
Form params:	<none>
Path params:	<none>
Headers:		Accept=*/*
				Content-Type=application/json; charset=UTF-8
Cookies:		<none>
Multiparts:		<none>
Body:
{
    "name": "광교역"
}
Hibernate: 
    insert 
    into
        station
        (id, created_date, modified_date, name) 
    values
        (null, ?, ?, ?)
2021-07-15 03:59:11.114 TRACE 60266 --- [-auto-1-exec-10] o.h.type.descriptor.sql.BasicBinder      : binding parameter [1] as [TIMESTAMP] - [2021-07-15T03:59:11.114270]
2021-07-15 03:59:11.114 TRACE 60266 --- [-auto-1-exec-10] o.h.type.descriptor.sql.BasicBinder      : binding parameter [2] as [TIMESTAMP] - [2021-07-15T03:59:11.114270]
2021-07-15 03:59:11.114 TRACE 60266 --- [-auto-1-exec-10] o.h.type.descriptor.sql.BasicBinder      : binding parameter [3] as [VARCHAR] - [광교역]
POST /stations HTTP/1.1
accept: */*
content-type: application/json; charset=UTF-8
content-length: 20
host: localhost:52504
connection: Keep-Alive
user-agent: Apache-HttpClient/4.5.13 (Java/11.0.9.1)
accept-encoding: gzip,deflate



HTTP/1.1 201 Created
Transfer-Encoding: chunked
Keep-Alive: timeout=60
Connection: keep-alive
Date: Wed, 14 Jul 2021 18:59:10 GMT
Location: /stations/2
Content-Type: application/json



HTTP/1.1 201 
Location: /stations/2
Content-Type: application/json
Transfer-Encoding: chunked
Date: Wed, 14 Jul 2021 18:59:10 GMT
Keep-Alive: timeout=60
Connection: keep-alive

{
    "id": 2,
    "name": "광교역",
    "createdDate": "2021-07-15T03:59:11.11427",
    "modifiedDate": "2021-07-15T03:59:11.11427"
}
Request method:	POST
Request URI:	http://localhost:52504/lines
Proxy:			<none>
Request params:	<none>
Query params:	<none>
Form params:	<none>
Path params:	<none>
Headers:		Accept=*/*
				Content-Type=application/json; charset=UTF-8
Cookies:		<none>
Multiparts:		<none>
Body:
{
    "color": "bg-red-600",
    "distance": "10",
    "name": "신분당선",
    "downStationId": "2",
    "upStationId": "1"
}
Hibernate: 
    select
        station0_.id as id1_4_0_,
        station0_.created_date as created_2_4_0_,
        station0_.modified_date as modified3_4_0_,
        station0_.name as name4_4_0_ 
    from
        station station0_ 
    where
        station0_.id=?
2021-07-15 03:59:11.125 TRACE 60266 --- [o-auto-1-exec-9] o.h.type.descriptor.sql.BasicBinder      : binding parameter [1] as [BIGINT] - [1]
2021-07-15 03:59:11.125 TRACE 60266 --- [o-auto-1-exec-9] o.h.type.descriptor.sql.BasicExtractor   : extracted value ([created_2_4_0_] : [TIMESTAMP]) - [2021-07-15T03:59:11.103674]
2021-07-15 03:59:11.125 TRACE 60266 --- [o-auto-1-exec-9] o.h.type.descriptor.sql.BasicExtractor   : extracted value ([modified3_4_0_] : [TIMESTAMP]) - [2021-07-15T03:59:11.103674]
2021-07-15 03:59:11.125 TRACE 60266 --- [o-auto-1-exec-9] o.h.type.descriptor.sql.BasicExtractor   : extracted value ([name4_4_0_] : [VARCHAR]) - [강남역]
Hibernate: 
    select
        station0_.id as id1_4_0_,
        station0_.created_date as created_2_4_0_,
        station0_.modified_date as modified3_4_0_,
        station0_.name as name4_4_0_ 
    from
        station station0_ 
    where
        station0_.id=?
2021-07-15 03:59:11.126 TRACE 60266 --- [o-auto-1-exec-9] o.h.type.descriptor.sql.BasicBinder      : binding parameter [1] as [BIGINT] - [2]
2021-07-15 03:59:11.126 TRACE 60266 --- [o-auto-1-exec-9] o.h.type.descriptor.sql.BasicExtractor   : extracted value ([created_2_4_0_] : [TIMESTAMP]) - [2021-07-15T03:59:11.114270]
2021-07-15 03:59:11.126 TRACE 60266 --- [o-auto-1-exec-9] o.h.type.descriptor.sql.BasicExtractor   : extracted value ([modified3_4_0_] : [TIMESTAMP]) - [2021-07-15T03:59:11.114270]
2021-07-15 03:59:11.126 TRACE 60266 --- [o-auto-1-exec-9] o.h.type.descriptor.sql.BasicExtractor   : extracted value ([name4_4_0_] : [VARCHAR]) - [광교역]
Hibernate: 
    insert 
    into
        line
        (id, created_date, modified_date, color, name) 
    values
        (null, ?, ?, ?, ?)
2021-07-15 03:59:11.127 TRACE 60266 --- [o-auto-1-exec-9] o.h.type.descriptor.sql.BasicBinder      : binding parameter [1] as [TIMESTAMP] - [2021-07-15T03:59:11.126809]
2021-07-15 03:59:11.127 TRACE 60266 --- [o-auto-1-exec-9] o.h.type.descriptor.sql.BasicBinder      : binding parameter [2] as [TIMESTAMP] - [2021-07-15T03:59:11.126809]
2021-07-15 03:59:11.127 TRACE 60266 --- [o-auto-1-exec-9] o.h.type.descriptor.sql.BasicBinder      : binding parameter [3] as [VARCHAR] - [bg-red-600]
2021-07-15 03:59:11.127 TRACE 60266 --- [o-auto-1-exec-9] o.h.type.descriptor.sql.BasicBinder      : binding parameter [4] as [VARCHAR] - [신분당선]
Hibernate: 
    insert 
    into
        section
        (id, distance, down_station_id, line_id, up_station_id) 
    values
        (null, ?, ?, ?, ?)
2021-07-15 03:59:11.127 TRACE 60266 --- [o-auto-1-exec-9] o.h.type.descriptor.sql.BasicBinder      : binding parameter [1] as [INTEGER] - [10]
2021-07-15 03:59:11.127 TRACE 60266 --- [o-auto-1-exec-9] o.h.type.descriptor.sql.BasicBinder      : binding parameter [2] as [BIGINT] - [2]
2021-07-15 03:59:11.127 TRACE 60266 --- [o-auto-1-exec-9] o.h.type.descriptor.sql.BasicBinder      : binding parameter [3] as [BIGINT] - [1]
2021-07-15 03:59:11.127 TRACE 60266 --- [o-auto-1-exec-9] o.h.type.descriptor.sql.BasicBinder      : binding parameter [4] as [BIGINT] - [1]
POST /lines HTTP/1.1
accept: */*
content-type: application/json; charset=UTF-8
content-length: 98
host: localhost:52504
connection: Keep-Alive
user-agent: Apache-HttpClient/4.5.13 (Java/11.0.9.1)
accept-encoding: gzip,deflate



HTTP/1.1 201 Created
Transfer-Encoding: chunked
Keep-Alive: timeout=60
Connection: keep-alive
Date: Wed, 14 Jul 2021 18:59:10 GMT
Location: /lines/1
Content-Type: application/json



HTTP/1.1 201 
Location: /lines/1
Content-Type: application/json
Transfer-Encoding: chunked
Date: Wed, 14 Jul 2021 18:59:10 GMT
Keep-Alive: timeout=60
Connection: keep-alive

{
    "id": 1,
    "name": "신분당선",
    "color": "bg-red-600",
    "stations": [
        {
            "id": 1,
            "name": "강남역",
            "createdDate": "2021-07-15T03:59:11.103674",
            "modifiedDate": "2021-07-15T03:59:11.103674"
        },
        {
            "id": 2,
            "name": "광교역",
            "createdDate": "2021-07-15T03:59:11.11427",
            "modifiedDate": "2021-07-15T03:59:11.11427"
        }
    ],
    "createdDate": "2021-07-15T03:59:11.126809",
    "modifiedDate": "2021-07-15T03:59:11.126809"
}
Request method:	POST
Request URI:	http://localhost:52504/lines
Proxy:			<none>
Request params:	<none>
Query params:	<none>
Form params:	<none>
Path params:	<none>
Headers:		Accept=*/*
				Content-Type=application/json; charset=UTF-8
Cookies:		<none>
Multiparts:		<none>
Body:
{
    "color": "bg-red-600",
    "distance": "10",
    "name": "신분당선",
    "downStationId": "2",
    "upStationId": "1"
}
Hibernate: 
    select
        station0_.id as id1_4_0_,
        station0_.created_date as created_2_4_0_,
        station0_.modified_date as modified3_4_0_,
        station0_.name as name4_4_0_ 
    from
        station station0_ 
    where
        station0_.id=?
2021-07-15 03:59:11.136 TRACE 60266 --- [o-auto-1-exec-1] o.h.type.descriptor.sql.BasicBinder      : binding parameter [1] as [BIGINT] - [1]
2021-07-15 03:59:11.136 TRACE 60266 --- [o-auto-1-exec-1] o.h.type.descriptor.sql.BasicExtractor   : extracted value ([created_2_4_0_] : [TIMESTAMP]) - [2021-07-15T03:59:11.103674]
2021-07-15 03:59:11.136 TRACE 60266 --- [o-auto-1-exec-1] o.h.type.descriptor.sql.BasicExtractor   : extracted value ([modified3_4_0_] : [TIMESTAMP]) - [2021-07-15T03:59:11.103674]
2021-07-15 03:59:11.136 TRACE 60266 --- [o-auto-1-exec-1] o.h.type.descriptor.sql.BasicExtractor   : extracted value ([name4_4_0_] : [VARCHAR]) - [강남역]
Hibernate: 
    select
        station0_.id as id1_4_0_,
        station0_.created_date as created_2_4_0_,
        station0_.modified_date as modified3_4_0_,
        station0_.name as name4_4_0_ 
    from
        station station0_ 
    where
        station0_.id=?
2021-07-15 03:59:11.137 TRACE 60266 --- [o-auto-1-exec-1] o.h.type.descriptor.sql.BasicBinder      : binding parameter [1] as [BIGINT] - [2]
2021-07-15 03:59:11.137 TRACE 60266 --- [o-auto-1-exec-1] o.h.type.descriptor.sql.BasicExtractor   : extracted value ([created_2_4_0_] : [TIMESTAMP]) - [2021-07-15T03:59:11.114270]
2021-07-15 03:59:11.137 TRACE 60266 --- [o-auto-1-exec-1] o.h.type.descriptor.sql.BasicExtractor   : extracted value ([modified3_4_0_] : [TIMESTAMP]) - [2021-07-15T03:59:11.114270]
2021-07-15 03:59:11.137 TRACE 60266 --- [o-auto-1-exec-1] o.h.type.descriptor.sql.BasicExtractor   : extracted value ([name4_4_0_] : [VARCHAR]) - [광교역]
Hibernate: 
    insert 
    into
        line
        (id, created_date, modified_date, color, name) 
    values
        (null, ?, ?, ?, ?)
2021-07-15 03:59:11.138 TRACE 60266 --- [o-auto-1-exec-1] o.h.type.descriptor.sql.BasicBinder      : binding parameter [1] as [TIMESTAMP] - [2021-07-15T03:59:11.138248]
2021-07-15 03:59:11.138 TRACE 60266 --- [o-auto-1-exec-1] o.h.type.descriptor.sql.BasicBinder      : binding parameter [2] as [TIMESTAMP] - [2021-07-15T03:59:11.138248]
2021-07-15 03:59:11.138 TRACE 60266 --- [o-auto-1-exec-1] o.h.type.descriptor.sql.BasicBinder      : binding parameter [3] as [VARCHAR] - [bg-red-600]
2021-07-15 03:59:11.138 TRACE 60266 --- [o-auto-1-exec-1] o.h.type.descriptor.sql.BasicBinder      : binding parameter [4] as [VARCHAR] - [신분당선]
2021-07-15 03:59:11.139  WARN 60266 --- [o-auto-1-exec-1] o.h.engine.jdbc.spi.SqlExceptionHelper   : SQL Error: 23505, SQLState: 23505
2021-07-15 03:59:11.139 ERROR 60266 --- [o-auto-1-exec-1] o.h.engine.jdbc.spi.SqlExceptionHelper   : Unique index or primary key violation: "PUBLIC.UK_9NEY9DAVBULF79NMN9VG6K7TN_INDEX_2 ON PUBLIC.LINE(NAME) VALUES 1"; SQL statement:
insert into line (id, created_date, modified_date, color, name) values (null, ?, ?, ?, ?) [23505-200]
POST /lines HTTP/1.1
accept: */*
content-type: application/json; charset=UTF-8
content-length: 98
host: localhost:52504
connection: Keep-Alive
user-agent: Apache-HttpClient/4.5.13 (Java/11.0.9.1)
accept-encoding: gzip,deflate



HTTP/1.1 400 Bad Request
Connection: close
Content-Length: 0
Date: Wed, 14 Jul 2021 18:59:10 GMT



HTTP/1.1 400 
Content-Length: 0
Date: Wed, 14 Jul 2021 18:59:10 GMT
Connection: close
Hibernate: 
    
SET
    REFERENTIAL_INTEGRITY FALSE
Hibernate: 
    TRUNCATE TABLE section
Hibernate: 
    ALTER TABLE section ALTER COLUMN ID RESTART WITH 1
Hibernate: 
    TRUNCATE TABLE line
Hibernate: 
    ALTER TABLE line ALTER COLUMN ID RESTART WITH 1
Hibernate: 
    TRUNCATE TABLE station
Hibernate: 
    ALTER TABLE station ALTER COLUMN ID RESTART WITH 1
Hibernate: 
    TRUNCATE TABLE member
Hibernate: 
    ALTER TABLE member ALTER COLUMN ID RESTART WITH 1
Hibernate: 
    TRUNCATE TABLE favorite
Hibernate: 
    ALTER TABLE favorite ALTER COLUMN ID RESTART WITH 1
Hibernate: 
    
SET
    REFERENTIAL_INTEGRITY TRUE
Request method:	POST
Request URI:	http://localhost:52504/stations
Proxy:			<none>
Request params:	<none>
Query params:	<none>
Form params:	<none>
Path params:	<none>
Headers:		Accept=*/*
				Content-Type=application/json; charset=UTF-8
Cookies:		<none>
Multiparts:		<none>
Body:
{
    "name": "강남역"
}
Hibernate: 
    insert 
    into
        station
        (id, created_date, modified_date, name) 
    values
        (null, ?, ?, ?)
2021-07-15 03:59:11.157 TRACE 60266 --- [o-auto-1-exec-8] o.h.type.descriptor.sql.BasicBinder      : binding parameter [1] as [TIMESTAMP] - [2021-07-15T03:59:11.156972]
2021-07-15 03:59:11.157 TRACE 60266 --- [o-auto-1-exec-8] o.h.type.descriptor.sql.BasicBinder      : binding parameter [2] as [TIMESTAMP] - [2021-07-15T03:59:11.156972]
2021-07-15 03:59:11.157 TRACE 60266 --- [o-auto-1-exec-8] o.h.type.descriptor.sql.BasicBinder      : binding parameter [3] as [VARCHAR] - [강남역]
POST /stations HTTP/1.1
accept: */*
content-type: application/json; charset=UTF-8
content-length: 20
host: localhost:52504
connection: Keep-Alive
user-agent: Apache-HttpClient/4.5.13 (Java/11.0.9.1)
accept-encoding: gzip,deflate



HTTP/1.1 201 Created
Transfer-Encoding: chunked
Keep-Alive: timeout=60
Connection: keep-alive
Date: Wed, 14 Jul 2021 18:59:10 GMT
Location: /stations/1
Content-Type: application/json



HTTP/1.1 201 
Location: /stations/1
Content-Type: application/json
Transfer-Encoding: chunked
Date: Wed, 14 Jul 2021 18:59:10 GMT
Keep-Alive: timeout=60
Connection: keep-alive

{
    "id": 1,
    "name": "강남역",
    "createdDate": "2021-07-15T03:59:11.156972",
    "modifiedDate": "2021-07-15T03:59:11.156972"
}
Request method:	POST
Request URI:	http://localhost:52504/stations
Proxy:			<none>
Request params:	<none>
Query params:	<none>
Form params:	<none>
Path params:	<none>
Headers:		Accept=*/*
				Content-Type=application/json; charset=UTF-8
Cookies:		<none>
Multiparts:		<none>
Body:
{
    "name": "광교역"
}
Hibernate: 
    insert 
    into
        station
        (id, created_date, modified_date, name) 
    values
        (null, ?, ?, ?)
2021-07-15 03:59:11.166 TRACE 60266 --- [o-auto-1-exec-2] o.h.type.descriptor.sql.BasicBinder      : binding parameter [1] as [TIMESTAMP] - [2021-07-15T03:59:11.166246]
2021-07-15 03:59:11.166 TRACE 60266 --- [o-auto-1-exec-2] o.h.type.descriptor.sql.BasicBinder      : binding parameter [2] as [TIMESTAMP] - [2021-07-15T03:59:11.166246]
2021-07-15 03:59:11.166 TRACE 60266 --- [o-auto-1-exec-2] o.h.type.descriptor.sql.BasicBinder      : binding parameter [3] as [VARCHAR] - [광교역]
POST /stations HTTP/1.1
accept: */*
content-type: application/json; charset=UTF-8
content-length: 20
host: localhost:52504
connection: Keep-Alive
user-agent: Apache-HttpClient/4.5.13 (Java/11.0.9.1)
accept-encoding: gzip,deflate



HTTP/1.1 201 Created
Transfer-Encoding: chunked
Keep-Alive: timeout=60
Connection: keep-alive
Date: Wed, 14 Jul 2021 18:59:10 GMT
Location: /stations/2
Content-Type: application/json



HTTP/1.1 201 
Location: /stations/2
Content-Type: application/json
Transfer-Encoding: chunked
Date: Wed, 14 Jul 2021 18:59:10 GMT
Keep-Alive: timeout=60
Connection: keep-alive

{
    "id": 2,
    "name": "광교역",
    "createdDate": "2021-07-15T03:59:11.166246",
    "modifiedDate": "2021-07-15T03:59:11.166246"
}
Request method:	POST
Request URI:	http://localhost:52504/lines
Proxy:			<none>
Request params:	<none>
Query params:	<none>
Form params:	<none>
Path params:	<none>
Headers:		Accept=*/*
				Content-Type=application/json; charset=UTF-8
Cookies:		<none>
Multiparts:		<none>
Body:
{
    "color": "bg-red-600",
    "distance": "10",
    "name": "신분당선",
    "downStationId": "2",
    "upStationId": "1"
}
Hibernate: 
    select
        station0_.id as id1_4_0_,
        station0_.created_date as created_2_4_0_,
        station0_.modified_date as modified3_4_0_,
        station0_.name as name4_4_0_ 
    from
        station station0_ 
    where
        station0_.id=?
2021-07-15 03:59:11.179 TRACE 60266 --- [o-auto-1-exec-3] o.h.type.descriptor.sql.BasicBinder      : binding parameter [1] as [BIGINT] - [1]
2021-07-15 03:59:11.180 TRACE 60266 --- [o-auto-1-exec-3] o.h.type.descriptor.sql.BasicExtractor   : extracted value ([created_2_4_0_] : [TIMESTAMP]) - [2021-07-15T03:59:11.156972]
2021-07-15 03:59:11.180 TRACE 60266 --- [o-auto-1-exec-3] o.h.type.descriptor.sql.BasicExtractor   : extracted value ([modified3_4_0_] : [TIMESTAMP]) - [2021-07-15T03:59:11.156972]
2021-07-15 03:59:11.180 TRACE 60266 --- [o-auto-1-exec-3] o.h.type.descriptor.sql.BasicExtractor   : extracted value ([name4_4_0_] : [VARCHAR]) - [강남역]
Hibernate: 
    select
        station0_.id as id1_4_0_,
        station0_.created_date as created_2_4_0_,
        station0_.modified_date as modified3_4_0_,
        station0_.name as name4_4_0_ 
    from
        station station0_ 
    where
        station0_.id=?
2021-07-15 03:59:11.180 TRACE 60266 --- [o-auto-1-exec-3] o.h.type.descriptor.sql.BasicBinder      : binding parameter [1] as [BIGINT] - [2]
2021-07-15 03:59:11.180 TRACE 60266 --- [o-auto-1-exec-3] o.h.type.descriptor.sql.BasicExtractor   : extracted value ([created_2_4_0_] : [TIMESTAMP]) - [2021-07-15T03:59:11.166246]
2021-07-15 03:59:11.180 TRACE 60266 --- [o-auto-1-exec-3] o.h.type.descriptor.sql.BasicExtractor   : extracted value ([modified3_4_0_] : [TIMESTAMP]) - [2021-07-15T03:59:11.166246]
2021-07-15 03:59:11.180 TRACE 60266 --- [o-auto-1-exec-3] o.h.type.descriptor.sql.BasicExtractor   : extracted value ([name4_4_0_] : [VARCHAR]) - [광교역]
Hibernate: 
    insert 
    into
        line
        (id, created_date, modified_date, color, name) 
    values
        (null, ?, ?, ?, ?)
2021-07-15 03:59:11.181 TRACE 60266 --- [o-auto-1-exec-3] o.h.type.descriptor.sql.BasicBinder      : binding parameter [1] as [TIMESTAMP] - [2021-07-15T03:59:11.181271]
2021-07-15 03:59:11.181 TRACE 60266 --- [o-auto-1-exec-3] o.h.type.descriptor.sql.BasicBinder      : binding parameter [2] as [TIMESTAMP] - [2021-07-15T03:59:11.181271]
2021-07-15 03:59:11.181 TRACE 60266 --- [o-auto-1-exec-3] o.h.type.descriptor.sql.BasicBinder      : binding parameter [3] as [VARCHAR] - [bg-red-600]
2021-07-15 03:59:11.181 TRACE 60266 --- [o-auto-1-exec-3] o.h.type.descriptor.sql.BasicBinder      : binding parameter [4] as [VARCHAR] - [신분당선]
Hibernate: 
    insert 
    into
        section
        (id, distance, down_station_id, line_id, up_station_id) 
    values
        (null, ?, ?, ?, ?)
2021-07-15 03:59:11.182 TRACE 60266 --- [o-auto-1-exec-3] o.h.type.descriptor.sql.BasicBinder      : binding parameter [1] as [INTEGER] - [10]
2021-07-15 03:59:11.182 TRACE 60266 --- [o-auto-1-exec-3] o.h.type.descriptor.sql.BasicBinder      : binding parameter [2] as [BIGINT] - [2]
2021-07-15 03:59:11.182 TRACE 60266 --- [o-auto-1-exec-3] o.h.type.descriptor.sql.BasicBinder      : binding parameter [3] as [BIGINT] - [1]
2021-07-15 03:59:11.182 TRACE 60266 --- [o-auto-1-exec-3] o.h.type.descriptor.sql.BasicBinder      : binding parameter [4] as [BIGINT] - [1]
POST /lines HTTP/1.1
accept: */*
content-type: application/json; charset=UTF-8
content-length: 98
host: localhost:52504
connection: Keep-Alive
user-agent: Apache-HttpClient/4.5.13 (Java/11.0.9.1)
accept-encoding: gzip,deflate



HTTP/1.1 201 Created
Transfer-Encoding: chunked
Keep-Alive: timeout=60
Connection: keep-alive
Date: Wed, 14 Jul 2021 18:59:10 GMT
Location: /lines/1
Content-Type: application/json



HTTP/1.1 201 
Location: /lines/1
Content-Type: application/json
Transfer-Encoding: chunked
Date: Wed, 14 Jul 2021 18:59:10 GMT
Keep-Alive: timeout=60
Connection: keep-alive

{
    "id": 1,
    "name": "신분당선",
    "color": "bg-red-600",
    "stations": [
        {
            "id": 1,
            "name": "강남역",
            "createdDate": "2021-07-15T03:59:11.156972",
            "modifiedDate": "2021-07-15T03:59:11.156972"
        },
        {
            "id": 2,
            "name": "광교역",
            "createdDate": "2021-07-15T03:59:11.166246",
            "modifiedDate": "2021-07-15T03:59:11.166246"
        }
    ],
    "createdDate": "2021-07-15T03:59:11.181271",
    "modifiedDate": "2021-07-15T03:59:11.181271"
}
Hibernate: 
    
SET
    REFERENTIAL_INTEGRITY FALSE
Hibernate: 
    TRUNCATE TABLE section
Hibernate: 
    ALTER TABLE section ALTER COLUMN ID RESTART WITH 1
Hibernate: 
    TRUNCATE TABLE line
Hibernate: 
    ALTER TABLE line ALTER COLUMN ID RESTART WITH 1
Hibernate: 
    TRUNCATE TABLE station
Hibernate: 
    ALTER TABLE station ALTER COLUMN ID RESTART WITH 1
Hibernate: 
    TRUNCATE TABLE member
Hibernate: 
    ALTER TABLE member ALTER COLUMN ID RESTART WITH 1
Hibernate: 
    TRUNCATE TABLE favorite
Hibernate: 
    ALTER TABLE favorite ALTER COLUMN ID RESTART WITH 1
Hibernate: 
    
SET
    REFERENTIAL_INTEGRITY TRUE
Request method:	POST
Request URI:	http://localhost:52504/stations
Proxy:			<none>
Request params:	<none>
Query params:	<none>
Form params:	<none>
Path params:	<none>
Headers:		Accept=*/*
				Content-Type=application/json; charset=UTF-8
Cookies:		<none>
Multiparts:		<none>
Body:
{
    "name": "강남역"
}
Hibernate: 
    insert 
    into
        station
        (id, created_date, modified_date, name) 
    values
        (null, ?, ?, ?)
2021-07-15 03:59:11.197 TRACE 60266 --- [o-auto-1-exec-4] o.h.type.descriptor.sql.BasicBinder      : binding parameter [1] as [TIMESTAMP] - [2021-07-15T03:59:11.196959]
2021-07-15 03:59:11.197 TRACE 60266 --- [o-auto-1-exec-4] o.h.type.descriptor.sql.BasicBinder      : binding parameter [2] as [TIMESTAMP] - [2021-07-15T03:59:11.196959]
2021-07-15 03:59:11.197 TRACE 60266 --- [o-auto-1-exec-4] o.h.type.descriptor.sql.BasicBinder      : binding parameter [3] as [VARCHAR] - [강남역]
POST /stations HTTP/1.1
accept: */*
content-type: application/json; charset=UTF-8
content-length: 20
host: localhost:52504
connection: Keep-Alive
user-agent: Apache-HttpClient/4.5.13 (Java/11.0.9.1)
accept-encoding: gzip,deflate



HTTP/1.1 201 Created
Transfer-Encoding: chunked
Keep-Alive: timeout=60
Connection: keep-alive
Date: Wed, 14 Jul 2021 18:59:10 GMT
Location: /stations/1
Content-Type: application/json



HTTP/1.1 201 
Location: /stations/1
Content-Type: application/json
Transfer-Encoding: chunked
Date: Wed, 14 Jul 2021 18:59:10 GMT
Keep-Alive: timeout=60
Connection: keep-alive

{
    "id": 1,
    "name": "강남역",
    "createdDate": "2021-07-15T03:59:11.196959",
    "modifiedDate": "2021-07-15T03:59:11.196959"
}
Request method:	POST
Request URI:	http://localhost:52504/stations
Proxy:			<none>
Request params:	<none>
Query params:	<none>
Form params:	<none>
Path params:	<none>
Headers:		Accept=*/*
				Content-Type=application/json; charset=UTF-8
Cookies:		<none>
Multiparts:		<none>
Body:
{
    "name": "광교역"
}
Hibernate: 
    insert 
    into
        station
        (id, created_date, modified_date, name) 
    values
        (null, ?, ?, ?)
2021-07-15 03:59:11.206 TRACE 60266 --- [o-auto-1-exec-5] o.h.type.descriptor.sql.BasicBinder      : binding parameter [1] as [TIMESTAMP] - [2021-07-15T03:59:11.206486]
2021-07-15 03:59:11.206 TRACE 60266 --- [o-auto-1-exec-5] o.h.type.descriptor.sql.BasicBinder      : binding parameter [2] as [TIMESTAMP] - [2021-07-15T03:59:11.206486]
2021-07-15 03:59:11.206 TRACE 60266 --- [o-auto-1-exec-5] o.h.type.descriptor.sql.BasicBinder      : binding parameter [3] as [VARCHAR] - [광교역]
POST /stations HTTP/1.1
accept: */*
content-type: application/json; charset=UTF-8
content-length: 20
host: localhost:52504
connection: Keep-Alive
user-agent: Apache-HttpClient/4.5.13 (Java/11.0.9.1)
accept-encoding: gzip,deflate



HTTP/1.1 201 Created
Transfer-Encoding: chunked
Keep-Alive: timeout=60
Connection: keep-alive
Date: Wed, 14 Jul 2021 18:59:10 GMT
Location: /stations/2
Content-Type: application/json



HTTP/1.1 201 
Location: /stations/2
Content-Type: application/json
Transfer-Encoding: chunked
Date: Wed, 14 Jul 2021 18:59:10 GMT
Keep-Alive: timeout=60
Connection: keep-alive

{
    "id": 2,
    "name": "광교역",
    "createdDate": "2021-07-15T03:59:11.206486",
    "modifiedDate": "2021-07-15T03:59:11.206486"
}
Request method:	POST
Request URI:	http://localhost:52504/lines
Proxy:			<none>
Request params:	<none>
Query params:	<none>
Form params:	<none>
Path params:	<none>
Headers:		Accept=*/*
				Content-Type=application/json; charset=UTF-8
Cookies:		<none>
Multiparts:		<none>
Body:
{
    "color": "bg-red-600",
    "distance": "10",
    "name": "신분당선",
    "downStationId": "2",
    "upStationId": "1"
}
Hibernate: 
    select
        station0_.id as id1_4_0_,
        station0_.created_date as created_2_4_0_,
        station0_.modified_date as modified3_4_0_,
        station0_.name as name4_4_0_ 
    from
        station station0_ 
    where
        station0_.id=?
2021-07-15 03:59:11.216 TRACE 60266 --- [o-auto-1-exec-6] o.h.type.descriptor.sql.BasicBinder      : binding parameter [1] as [BIGINT] - [1]
2021-07-15 03:59:11.216 TRACE 60266 --- [o-auto-1-exec-6] o.h.type.descriptor.sql.BasicExtractor   : extracted value ([created_2_4_0_] : [TIMESTAMP]) - [2021-07-15T03:59:11.196959]
2021-07-15 03:59:11.216 TRACE 60266 --- [o-auto-1-exec-6] o.h.type.descriptor.sql.BasicExtractor   : extracted value ([modified3_4_0_] : [TIMESTAMP]) - [2021-07-15T03:59:11.196959]
2021-07-15 03:59:11.216 TRACE 60266 --- [o-auto-1-exec-6] o.h.type.descriptor.sql.BasicExtractor   : extracted value ([name4_4_0_] : [VARCHAR]) - [강남역]
Hibernate: 
    select
        station0_.id as id1_4_0_,
        station0_.created_date as created_2_4_0_,
        station0_.modified_date as modified3_4_0_,
        station0_.name as name4_4_0_ 
    from
        station station0_ 
    where
        station0_.id=?
2021-07-15 03:59:11.217 TRACE 60266 --- [o-auto-1-exec-6] o.h.type.descriptor.sql.BasicBinder      : binding parameter [1] as [BIGINT] - [2]
2021-07-15 03:59:11.217 TRACE 60266 --- [o-auto-1-exec-6] o.h.type.descriptor.sql.BasicExtractor   : extracted value ([created_2_4_0_] : [TIMESTAMP]) - [2021-07-15T03:59:11.206486]
2021-07-15 03:59:11.217 TRACE 60266 --- [o-auto-1-exec-6] o.h.type.descriptor.sql.BasicExtractor   : extracted value ([modified3_4_0_] : [TIMESTAMP]) - [2021-07-15T03:59:11.206486]
2021-07-15 03:59:11.217 TRACE 60266 --- [o-auto-1-exec-6] o.h.type.descriptor.sql.BasicExtractor   : extracted value ([name4_4_0_] : [VARCHAR]) - [광교역]
Hibernate: 
    insert 
    into
        line
        (id, created_date, modified_date, color, name) 
    values
        (null, ?, ?, ?, ?)
2021-07-15 03:59:11.218 TRACE 60266 --- [o-auto-1-exec-6] o.h.type.descriptor.sql.BasicBinder      : binding parameter [1] as [TIMESTAMP] - [2021-07-15T03:59:11.218528]
2021-07-15 03:59:11.219 TRACE 60266 --- [o-auto-1-exec-6] o.h.type.descriptor.sql.BasicBinder      : binding parameter [2] as [TIMESTAMP] - [2021-07-15T03:59:11.218528]
2021-07-15 03:59:11.219 TRACE 60266 --- [o-auto-1-exec-6] o.h.type.descriptor.sql.BasicBinder      : binding parameter [3] as [VARCHAR] - [bg-red-600]
2021-07-15 03:59:11.219 TRACE 60266 --- [o-auto-1-exec-6] o.h.type.descriptor.sql.BasicBinder      : binding parameter [4] as [VARCHAR] - [신분당선]
Hibernate: 
    insert 
    into
        section
        (id, distance, down_station_id, line_id, up_station_id) 
    values
        (null, ?, ?, ?, ?)
2021-07-15 03:59:11.219 TRACE 60266 --- [o-auto-1-exec-6] o.h.type.descriptor.sql.BasicBinder      : binding parameter [1] as [INTEGER] - [10]
2021-07-15 03:59:11.219 TRACE 60266 --- [o-auto-1-exec-6] o.h.type.descriptor.sql.BasicBinder      : binding parameter [2] as [BIGINT] - [2]
2021-07-15 03:59:11.219 TRACE 60266 --- [o-auto-1-exec-6] o.h.type.descriptor.sql.BasicBinder      : binding parameter [3] as [BIGINT] - [1]
2021-07-15 03:59:11.219 TRACE 60266 --- [o-auto-1-exec-6] o.h.type.descriptor.sql.BasicBinder      : binding parameter [4] as [BIGINT] - [1]
POST /lines HTTP/1.1
accept: */*
content-type: application/json; charset=UTF-8
content-length: 98
host: localhost:52504
connection: Keep-Alive
user-agent: Apache-HttpClient/4.5.13 (Java/11.0.9.1)
accept-encoding: gzip,deflate



HTTP/1.1 201 Created
Transfer-Encoding: chunked
Keep-Alive: timeout=60
Connection: keep-alive
Date: Wed, 14 Jul 2021 18:59:10 GMT
Location: /lines/1
Content-Type: application/json



HTTP/1.1 201 
Location: /lines/1
Content-Type: application/json
Transfer-Encoding: chunked
Date: Wed, 14 Jul 2021 18:59:10 GMT
Keep-Alive: timeout=60
Connection: keep-alive

{
    "id": 1,
    "name": "신분당선",
    "color": "bg-red-600",
    "stations": [
        {
            "id": 1,
            "name": "강남역",
            "createdDate": "2021-07-15T03:59:11.196959",
            "modifiedDate": "2021-07-15T03:59:11.196959"
        },
        {
            "id": 2,
            "name": "광교역",
            "createdDate": "2021-07-15T03:59:11.206486",
            "modifiedDate": "2021-07-15T03:59:11.206486"
        }
    ],
    "createdDate": "2021-07-15T03:59:11.218528",
    "modifiedDate": "2021-07-15T03:59:11.218528"
}
Request method:	DELETE
Request URI:	http://localhost:52504/lines/1
Proxy:			<none>
Request params:	<none>
Query params:	<none>
Form params:	<none>
Path params:	<none>
Headers:		Accept=*/*
Cookies:		<none>
Multiparts:		<none>
Body:			<none>
Hibernate: 
    select
        line0_.id as id1_1_0_,
        line0_.created_date as created_2_1_0_,
        line0_.modified_date as modified3_1_0_,
        line0_.color as color4_1_0_,
        line0_.name as name5_1_0_ 
    from
        line line0_ 
    where
        line0_.id=?
2021-07-15 03:59:11.228 TRACE 60266 --- [o-auto-1-exec-7] o.h.type.descriptor.sql.BasicBinder      : binding parameter [1] as [BIGINT] - [1]
2021-07-15 03:59:11.228 TRACE 60266 --- [o-auto-1-exec-7] o.h.type.descriptor.sql.BasicExtractor   : extracted value ([created_2_1_0_] : [TIMESTAMP]) - [2021-07-15T03:59:11.218528]
2021-07-15 03:59:11.228 TRACE 60266 --- [o-auto-1-exec-7] o.h.type.descriptor.sql.BasicExtractor   : extracted value ([modified3_1_0_] : [TIMESTAMP]) - [2021-07-15T03:59:11.218528]
2021-07-15 03:59:11.228 TRACE 60266 --- [o-auto-1-exec-7] o.h.type.descriptor.sql.BasicExtractor   : extracted value ([color4_1_0_] : [VARCHAR]) - [bg-red-600]
2021-07-15 03:59:11.228 TRACE 60266 --- [o-auto-1-exec-7] o.h.type.descriptor.sql.BasicExtractor   : extracted value ([name5_1_0_] : [VARCHAR]) - [신분당선]
Hibernate: 
    select
        sections0_.line_id as line_id4_3_0_,
        sections0_.id as id1_3_0_,
        sections0_.id as id1_3_1_,
        sections0_.distance as distance2_3_1_,
        sections0_.down_station_id as down_sta3_3_1_,
        sections0_.line_id as line_id4_3_1_,
        sections0_.up_station_id as up_stati5_3_1_,
        station1_.id as id1_4_2_,
        station1_.created_date as created_2_4_2_,
        station1_.modified_date as modified3_4_2_,
        station1_.name as name4_4_2_,
        station2_.id as id1_4_3_,
        station2_.created_date as created_2_4_3_,
        station2_.modified_date as modified3_4_3_,
        station2_.name as name4_4_3_ 
    from
        section sections0_ 
    left outer join
        station station1_ 
            on sections0_.down_station_id=station1_.id 
    left outer join
        station station2_ 
            on sections0_.up_station_id=station2_.id 
    where
        sections0_.line_id=?
2021-07-15 03:59:11.229 TRACE 60266 --- [o-auto-1-exec-7] o.h.type.descriptor.sql.BasicBinder      : binding parameter [1] as [BIGINT] - [1]
2021-07-15 03:59:11.230 TRACE 60266 --- [o-auto-1-exec-7] o.h.type.descriptor.sql.BasicExtractor   : extracted value ([id1_3_1_] : [BIGINT]) - [1]
2021-07-15 03:59:11.230 TRACE 60266 --- [o-auto-1-exec-7] o.h.type.descriptor.sql.BasicExtractor   : extracted value ([id1_4_2_] : [BIGINT]) - [2]
2021-07-15 03:59:11.230 TRACE 60266 --- [o-auto-1-exec-7] o.h.type.descriptor.sql.BasicExtractor   : extracted value ([id1_4_3_] : [BIGINT]) - [1]
2021-07-15 03:59:11.230 TRACE 60266 --- [o-auto-1-exec-7] o.h.type.descriptor.sql.BasicExtractor   : extracted value ([distance2_3_1_] : [INTEGER]) - [10]
2021-07-15 03:59:11.230 TRACE 60266 --- [o-auto-1-exec-7] o.h.type.descriptor.sql.BasicExtractor   : extracted value ([down_sta3_3_1_] : [BIGINT]) - [2]
2021-07-15 03:59:11.230 TRACE 60266 --- [o-auto-1-exec-7] o.h.type.descriptor.sql.BasicExtractor   : extracted value ([line_id4_3_1_] : [BIGINT]) - [1]
2021-07-15 03:59:11.230 TRACE 60266 --- [o-auto-1-exec-7] o.h.type.descriptor.sql.BasicExtractor   : extracted value ([up_stati5_3_1_] : [BIGINT]) - [1]
2021-07-15 03:59:11.230 TRACE 60266 --- [o-auto-1-exec-7] o.h.type.descriptor.sql.BasicExtractor   : extracted value ([created_2_4_2_] : [TIMESTAMP]) - [2021-07-15T03:59:11.206486]
2021-07-15 03:59:11.230 TRACE 60266 --- [o-auto-1-exec-7] o.h.type.descriptor.sql.BasicExtractor   : extracted value ([modified3_4_2_] : [TIMESTAMP]) - [2021-07-15T03:59:11.206486]
2021-07-15 03:59:11.230 TRACE 60266 --- [o-auto-1-exec-7] o.h.type.descriptor.sql.BasicExtractor   : extracted value ([name4_4_2_] : [VARCHAR]) - [광교역]
2021-07-15 03:59:11.230 TRACE 60266 --- [o-auto-1-exec-7] o.h.type.descriptor.sql.BasicExtractor   : extracted value ([created_2_4_3_] : [TIMESTAMP]) - [2021-07-15T03:59:11.196959]
2021-07-15 03:59:11.231 TRACE 60266 --- [o-auto-1-exec-7] o.h.type.descriptor.sql.BasicExtractor   : extracted value ([modified3_4_3_] : [TIMESTAMP]) - [2021-07-15T03:59:11.196959]
2021-07-15 03:59:11.231 TRACE 60266 --- [o-auto-1-exec-7] o.h.type.descriptor.sql.BasicExtractor   : extracted value ([name4_4_3_] : [VARCHAR]) - [강남역]
2021-07-15 03:59:11.231 TRACE 60266 --- [o-auto-1-exec-7] o.h.type.descriptor.sql.BasicExtractor   : extracted value ([line_id4_3_0_] : [BIGINT]) - [1]
2021-07-15 03:59:11.231 TRACE 60266 --- [o-auto-1-exec-7] o.h.type.descriptor.sql.BasicExtractor   : extracted value ([id1_3_0_] : [BIGINT]) - [1]
Hibernate: 
    delete 
    from
        section 
    where
        id=?
2021-07-15 03:59:11.232 TRACE 60266 --- [o-auto-1-exec-7] o.h.type.descriptor.sql.BasicBinder      : binding parameter [1] as [BIGINT] - [1]
Hibernate: 
    delete 
    from
        line 
    where
        id=?
2021-07-15 03:59:11.232 TRACE 60266 --- [o-auto-1-exec-7] o.h.type.descriptor.sql.BasicBinder      : binding parameter [1] as [BIGINT] - [1]
DELETE /lines/1 HTTP/1.1
accept: */*
host: localhost:52504
connection: Keep-Alive
user-agent: Apache-HttpClient/4.5.13 (Java/11.0.9.1)
accept-encoding: gzip,deflate



HTTP/1.1 204 No Content
Keep-Alive: timeout=60
Connection: keep-alive
Date: Wed, 14 Jul 2021 18:59:10 GMT



HTTP/1.1 204 
Date: Wed, 14 Jul 2021 18:59:10 GMT
Keep-Alive: timeout=60
Connection: keep-alive
Hibernate: 
    
SET
    REFERENTIAL_INTEGRITY FALSE
Hibernate: 
    TRUNCATE TABLE section
Hibernate: 
    ALTER TABLE section ALTER COLUMN ID RESTART WITH 1
Hibernate: 
    TRUNCATE TABLE line
Hibernate: 
    ALTER TABLE line ALTER COLUMN ID RESTART WITH 1
Hibernate: 
    TRUNCATE TABLE station
Hibernate: 
    ALTER TABLE station ALTER COLUMN ID RESTART WITH 1
Hibernate: 
    TRUNCATE TABLE member
Hibernate: 
    ALTER TABLE member ALTER COLUMN ID RESTART WITH 1
Hibernate: 
    TRUNCATE TABLE favorite
Hibernate: 
    ALTER TABLE favorite ALTER COLUMN ID RESTART WITH 1
Hibernate: 
    
SET
    REFERENTIAL_INTEGRITY TRUE
Request method:	POST
Request URI:	http://localhost:52504/stations
Proxy:			<none>
Request params:	<none>
Query params:	<none>
Form params:	<none>
Path params:	<none>
Headers:		Accept=*/*
				Content-Type=application/json; charset=UTF-8
Cookies:		<none>
Multiparts:		<none>
Body:
{
    "name": "강남역"
}
Hibernate: 
    insert 
    into
        station
        (id, created_date, modified_date, name) 
    values
        (null, ?, ?, ?)
2021-07-15 03:59:11.248 TRACE 60266 --- [-auto-1-exec-10] o.h.type.descriptor.sql.BasicBinder      : binding parameter [1] as [TIMESTAMP] - [2021-07-15T03:59:11.247892]
2021-07-15 03:59:11.248 TRACE 60266 --- [-auto-1-exec-10] o.h.type.descriptor.sql.BasicBinder      : binding parameter [2] as [TIMESTAMP] - [2021-07-15T03:59:11.247892]
2021-07-15 03:59:11.248 TRACE 60266 --- [-auto-1-exec-10] o.h.type.descriptor.sql.BasicBinder      : binding parameter [3] as [VARCHAR] - [강남역]
POST /stations HTTP/1.1
accept: */*
content-type: application/json; charset=UTF-8
content-length: 20
host: localhost:52504
connection: Keep-Alive
user-agent: Apache-HttpClient/4.5.13 (Java/11.0.9.1)
accept-encoding: gzip,deflate



HTTP/1.1 201 Created
Transfer-Encoding: chunked
Keep-Alive: timeout=60
Connection: keep-alive
Date: Wed, 14 Jul 2021 18:59:10 GMT
Location: /stations/1
Content-Type: application/json



HTTP/1.1 201 
Location: /stations/1
Content-Type: application/json
Transfer-Encoding: chunked
Date: Wed, 14 Jul 2021 18:59:10 GMT
Keep-Alive: timeout=60
Connection: keep-alive

{
    "id": 1,
    "name": "강남역",
    "createdDate": "2021-07-15T03:59:11.247892",
    "modifiedDate": "2021-07-15T03:59:11.247892"
}
Request method:	POST
Request URI:	http://localhost:52504/stations
Proxy:			<none>
Request params:	<none>
Query params:	<none>
Form params:	<none>
Path params:	<none>
Headers:		Accept=*/*
				Content-Type=application/json; charset=UTF-8
Cookies:		<none>
Multiparts:		<none>
Body:
{
    "name": "광교역"
}
Hibernate: 
    insert 
    into
        station
        (id, created_date, modified_date, name) 
    values
        (null, ?, ?, ?)
2021-07-15 03:59:11.258 TRACE 60266 --- [o-auto-1-exec-9] o.h.type.descriptor.sql.BasicBinder      : binding parameter [1] as [TIMESTAMP] - [2021-07-15T03:59:11.258367]
2021-07-15 03:59:11.258 TRACE 60266 --- [o-auto-1-exec-9] o.h.type.descriptor.sql.BasicBinder      : binding parameter [2] as [TIMESTAMP] - [2021-07-15T03:59:11.258367]
2021-07-15 03:59:11.258 TRACE 60266 --- [o-auto-1-exec-9] o.h.type.descriptor.sql.BasicBinder      : binding parameter [3] as [VARCHAR] - [광교역]
POST /stations HTTP/1.1
accept: */*
content-type: application/json; charset=UTF-8
content-length: 20
host: localhost:52504
connection: Keep-Alive
user-agent: Apache-HttpClient/4.5.13 (Java/11.0.9.1)
accept-encoding: gzip,deflate



HTTP/1.1 201 Created
Transfer-Encoding: chunked
Keep-Alive: timeout=60
Connection: keep-alive
Date: Wed, 14 Jul 2021 18:59:10 GMT
Location: /stations/2
Content-Type: application/json



HTTP/1.1 201 
Location: /stations/2
Content-Type: application/json
Transfer-Encoding: chunked
Date: Wed, 14 Jul 2021 18:59:10 GMT
Keep-Alive: timeout=60
Connection: keep-alive

{
    "id": 2,
    "name": "광교역",
    "createdDate": "2021-07-15T03:59:11.258367",
    "modifiedDate": "2021-07-15T03:59:11.258367"
}
Request method:	POST
Request URI:	http://localhost:52504/lines
Proxy:			<none>
Request params:	<none>
Query params:	<none>
Form params:	<none>
Path params:	<none>
Headers:		Accept=*/*
				Content-Type=application/json; charset=UTF-8
Cookies:		<none>
Multiparts:		<none>
Body:
{
    "color": "bg-red-600",
    "distance": "15",
    "name": "구분당선",
    "downStationId": "2",
    "upStationId": "1"
}
Hibernate: 
    select
        station0_.id as id1_4_0_,
        station0_.created_date as created_2_4_0_,
        station0_.modified_date as modified3_4_0_,
        station0_.name as name4_4_0_ 
    from
        station station0_ 
    where
        station0_.id=?
2021-07-15 03:59:11.269 TRACE 60266 --- [o-auto-1-exec-1] o.h.type.descriptor.sql.BasicBinder      : binding parameter [1] as [BIGINT] - [1]
2021-07-15 03:59:11.270 TRACE 60266 --- [o-auto-1-exec-1] o.h.type.descriptor.sql.BasicExtractor   : extracted value ([created_2_4_0_] : [TIMESTAMP]) - [2021-07-15T03:59:11.247892]
2021-07-15 03:59:11.270 TRACE 60266 --- [o-auto-1-exec-1] o.h.type.descriptor.sql.BasicExtractor   : extracted value ([modified3_4_0_] : [TIMESTAMP]) - [2021-07-15T03:59:11.247892]
2021-07-15 03:59:11.270 TRACE 60266 --- [o-auto-1-exec-1] o.h.type.descriptor.sql.BasicExtractor   : extracted value ([name4_4_0_] : [VARCHAR]) - [강남역]
Hibernate: 
    select
        station0_.id as id1_4_0_,
        station0_.created_date as created_2_4_0_,
        station0_.modified_date as modified3_4_0_,
        station0_.name as name4_4_0_ 
    from
        station station0_ 
    where
        station0_.id=?
2021-07-15 03:59:11.270 TRACE 60266 --- [o-auto-1-exec-1] o.h.type.descriptor.sql.BasicBinder      : binding parameter [1] as [BIGINT] - [2]
2021-07-15 03:59:11.271 TRACE 60266 --- [o-auto-1-exec-1] o.h.type.descriptor.sql.BasicExtractor   : extracted value ([created_2_4_0_] : [TIMESTAMP]) - [2021-07-15T03:59:11.258367]
2021-07-15 03:59:11.271 TRACE 60266 --- [o-auto-1-exec-1] o.h.type.descriptor.sql.BasicExtractor   : extracted value ([modified3_4_0_] : [TIMESTAMP]) - [2021-07-15T03:59:11.258367]
2021-07-15 03:59:11.271 TRACE 60266 --- [o-auto-1-exec-1] o.h.type.descriptor.sql.BasicExtractor   : extracted value ([name4_4_0_] : [VARCHAR]) - [광교역]
Hibernate: 
    insert 
    into
        line
        (id, created_date, modified_date, color, name) 
    values
        (null, ?, ?, ?, ?)
2021-07-15 03:59:11.272 TRACE 60266 --- [o-auto-1-exec-1] o.h.type.descriptor.sql.BasicBinder      : binding parameter [1] as [TIMESTAMP] - [2021-07-15T03:59:11.272]
2021-07-15 03:59:11.272 TRACE 60266 --- [o-auto-1-exec-1] o.h.type.descriptor.sql.BasicBinder      : binding parameter [2] as [TIMESTAMP] - [2021-07-15T03:59:11.272]
2021-07-15 03:59:11.272 TRACE 60266 --- [o-auto-1-exec-1] o.h.type.descriptor.sql.BasicBinder      : binding parameter [3] as [VARCHAR] - [bg-red-600]
2021-07-15 03:59:11.272 TRACE 60266 --- [o-auto-1-exec-1] o.h.type.descriptor.sql.BasicBinder      : binding parameter [4] as [VARCHAR] - [구분당선]
Hibernate: 
    insert 
    into
        section
        (id, distance, down_station_id, line_id, up_station_id) 
    values
        (null, ?, ?, ?, ?)
2021-07-15 03:59:11.273 TRACE 60266 --- [o-auto-1-exec-1] o.h.type.descriptor.sql.BasicBinder      : binding parameter [1] as [INTEGER] - [15]
2021-07-15 03:59:11.273 TRACE 60266 --- [o-auto-1-exec-1] o.h.type.descriptor.sql.BasicBinder      : binding parameter [2] as [BIGINT] - [2]
2021-07-15 03:59:11.273 TRACE 60266 --- [o-auto-1-exec-1] o.h.type.descriptor.sql.BasicBinder      : binding parameter [3] as [BIGINT] - [1]
2021-07-15 03:59:11.273 TRACE 60266 --- [o-auto-1-exec-1] o.h.type.descriptor.sql.BasicBinder      : binding parameter [4] as [BIGINT] - [1]
HTTP/1.1 201 
Location: /lines/1
Content-Type: application/json
Transfer-Encoding: chunked
Date: Wed, 14 Jul 2021 18:59:10 GMT
Keep-Alive: timeout=60
Connection: keep-alive

{
    "id": 1,
    "name": "구분당선",
    "color": "bg-red-600",
    "stations": [
        {
            "id": 1,
            "name": "강남역",
            "createdDate": "2021-07-15T03:59:11.247892",
            "modifiedDate": "2021-07-15T03:59:11.247892"
        },
        {
            "id": 2,
            "name": "광교역",
            "createdDate": "2021-07-15T03:59:11.258367",
            "modifiedDate": "2021-07-15T03:59:11.258367"
        }
    ],
    "createdDate": "2021-07-15T03:59:11.272",
    "modifiedDate": "2021-07-15T03:59:11.272"
}
POST /lines HTTP/1.1
accept: */*
content-type: application/json; charset=UTF-8
content-length: 98
host: localhost:52504
connection: Keep-Alive
user-agent: Apache-HttpClient/4.5.13 (Java/11.0.9.1)
accept-encoding: gzip,deflate



HTTP/1.1 201 Created
Transfer-Encoding: chunked
Keep-Alive: timeout=60
Connection: keep-alive
Date: Wed, 14 Jul 2021 18:59:10 GMT
Location: /lines/1
Content-Type: application/json



Request method:	POST
Request URI:	http://localhost:52504/lines
Proxy:			<none>
Request params:	<none>
Query params:	<none>
Form params:	<none>
Path params:	<none>
Headers:		Accept=*/*
				Content-Type=application/json; charset=UTF-8
Cookies:		<none>
Multiparts:		<none>
Body:
{
    "color": "bg-red-600",
    "distance": "10",
    "name": "신분당선",
    "downStationId": "2",
    "upStationId": "1"
}
Hibernate: 
    select
        station0_.id as id1_4_0_,
        station0_.created_date as created_2_4_0_,
        station0_.modified_date as modified3_4_0_,
        station0_.name as name4_4_0_ 
    from
        station station0_ 
    where
        station0_.id=?
2021-07-15 03:59:11.281 TRACE 60266 --- [o-auto-1-exec-8] o.h.type.descriptor.sql.BasicBinder      : binding parameter [1] as [BIGINT] - [1]
2021-07-15 03:59:11.282 TRACE 60266 --- [o-auto-1-exec-8] o.h.type.descriptor.sql.BasicExtractor   : extracted value ([created_2_4_0_] : [TIMESTAMP]) - [2021-07-15T03:59:11.247892]
2021-07-15 03:59:11.282 TRACE 60266 --- [o-auto-1-exec-8] o.h.type.descriptor.sql.BasicExtractor   : extracted value ([modified3_4_0_] : [TIMESTAMP]) - [2021-07-15T03:59:11.247892]
2021-07-15 03:59:11.282 TRACE 60266 --- [o-auto-1-exec-8] o.h.type.descriptor.sql.BasicExtractor   : extracted value ([name4_4_0_] : [VARCHAR]) - [강남역]
Hibernate: 
    select
        station0_.id as id1_4_0_,
        station0_.created_date as created_2_4_0_,
        station0_.modified_date as modified3_4_0_,
        station0_.name as name4_4_0_ 
    from
        station station0_ 
    where
        station0_.id=?
2021-07-15 03:59:11.282 TRACE 60266 --- [o-auto-1-exec-8] o.h.type.descriptor.sql.BasicBinder      : binding parameter [1] as [BIGINT] - [2]
2021-07-15 03:59:11.283 TRACE 60266 --- [o-auto-1-exec-8] o.h.type.descriptor.sql.BasicExtractor   : extracted value ([created_2_4_0_] : [TIMESTAMP]) - [2021-07-15T03:59:11.258367]
2021-07-15 03:59:11.283 TRACE 60266 --- [o-auto-1-exec-8] o.h.type.descriptor.sql.BasicExtractor   : extracted value ([modified3_4_0_] : [TIMESTAMP]) - [2021-07-15T03:59:11.258367]
2021-07-15 03:59:11.283 TRACE 60266 --- [o-auto-1-exec-8] o.h.type.descriptor.sql.BasicExtractor   : extracted value ([name4_4_0_] : [VARCHAR]) - [광교역]
Hibernate: 
    insert 
    into
        line
        (id, created_date, modified_date, color, name) 
    values
        (null, ?, ?, ?, ?)
2021-07-15 03:59:11.283 TRACE 60266 --- [o-auto-1-exec-8] o.h.type.descriptor.sql.BasicBinder      : binding parameter [1] as [TIMESTAMP] - [2021-07-15T03:59:11.283470]
2021-07-15 03:59:11.283 TRACE 60266 --- [o-auto-1-exec-8] o.h.type.descriptor.sql.BasicBinder      : binding parameter [2] as [TIMESTAMP] - [2021-07-15T03:59:11.283470]
2021-07-15 03:59:11.283 TRACE 60266 --- [o-auto-1-exec-8] o.h.type.descriptor.sql.BasicBinder      : binding parameter [3] as [VARCHAR] - [bg-red-600]
2021-07-15 03:59:11.283 TRACE 60266 --- [o-auto-1-exec-8] o.h.type.descriptor.sql.BasicBinder      : binding parameter [4] as [VARCHAR] - [신분당선]
Hibernate: 
    insert 
    into
        section
        (id, distance, down_station_id, line_id, up_station_id) 
    values
        (null, ?, ?, ?, ?)
2021-07-15 03:59:11.284 TRACE 60266 --- [o-auto-1-exec-8] o.h.type.descriptor.sql.BasicBinder      : binding parameter [1] as [INTEGER] - [10]
2021-07-15 03:59:11.284 TRACE 60266 --- [o-auto-1-exec-8] o.h.type.descriptor.sql.BasicBinder      : binding parameter [2] as [BIGINT] - [2]
2021-07-15 03:59:11.284 TRACE 60266 --- [o-auto-1-exec-8] o.h.type.descriptor.sql.BasicBinder      : binding parameter [3] as [BIGINT] - [2]
2021-07-15 03:59:11.284 TRACE 60266 --- [o-auto-1-exec-8] o.h.type.descriptor.sql.BasicBinder      : binding parameter [4] as [BIGINT] - [1]
POST /lines HTTP/1.1
accept: */*
content-type: application/json; charset=UTF-8
content-length: 98
host: localhost:52504
connection: Keep-Alive
user-agent: Apache-HttpClient/4.5.13 (Java/11.0.9.1)
accept-encoding: gzip,deflate



HTTP/1.1 201 Created
Transfer-Encoding: chunked
Keep-Alive: timeout=60
Connection: keep-alive
Date: Wed, 14 Jul 2021 18:59:10 GMT
Location: /lines/2
Content-Type: application/json



HTTP/1.1 201 
Location: /lines/2
Content-Type: application/json
Transfer-Encoding: chunked
Date: Wed, 14 Jul 2021 18:59:10 GMT
Keep-Alive: timeout=60
Connection: keep-alive

{
    "id": 2,
    "name": "신분당선",
    "color": "bg-red-600",
    "stations": [
        {
            "id": 1,
            "name": "강남역",
            "createdDate": "2021-07-15T03:59:11.247892",
            "modifiedDate": "2021-07-15T03:59:11.247892"
        },
        {
            "id": 2,
            "name": "광교역",
            "createdDate": "2021-07-15T03:59:11.258367",
            "modifiedDate": "2021-07-15T03:59:11.258367"
        }
    ],
    "createdDate": "2021-07-15T03:59:11.28347",
    "modifiedDate": "2021-07-15T03:59:11.28347"
}
Request method:	GET
Request URI:	http://localhost:52504/lines
Proxy:			<none>
Request params:	<none>
Query params:	<none>
Form params:	<none>
Path params:	<none>
Headers:		Accept=application/json
Cookies:		<none>
Multiparts:		<none>
Body:			<none>
Hibernate: 
    select
        line0_.id as id1_1_,
        line0_.created_date as created_2_1_,
        line0_.modified_date as modified3_1_,
        line0_.color as color4_1_,
        line0_.name as name5_1_ 
    from
        line line0_
2021-07-15 03:59:11.292 TRACE 60266 --- [o-auto-1-exec-2] o.h.type.descriptor.sql.BasicExtractor   : extracted value ([id1_1_] : [BIGINT]) - [1]
2021-07-15 03:59:11.292 TRACE 60266 --- [o-auto-1-exec-2] o.h.type.descriptor.sql.BasicExtractor   : extracted value ([created_2_1_] : [TIMESTAMP]) - [2021-07-15T03:59:11.272]
2021-07-15 03:59:11.292 TRACE 60266 --- [o-auto-1-exec-2] o.h.type.descriptor.sql.BasicExtractor   : extracted value ([modified3_1_] : [TIMESTAMP]) - [2021-07-15T03:59:11.272]
2021-07-15 03:59:11.292 TRACE 60266 --- [o-auto-1-exec-2] o.h.type.descriptor.sql.BasicExtractor   : extracted value ([color4_1_] : [VARCHAR]) - [bg-red-600]
2021-07-15 03:59:11.292 TRACE 60266 --- [o-auto-1-exec-2] o.h.type.descriptor.sql.BasicExtractor   : extracted value ([name5_1_] : [VARCHAR]) - [구분당선]
2021-07-15 03:59:11.292 TRACE 60266 --- [o-auto-1-exec-2] o.h.type.descriptor.sql.BasicExtractor   : extracted value ([id1_1_] : [BIGINT]) - [2]
2021-07-15 03:59:11.292 TRACE 60266 --- [o-auto-1-exec-2] o.h.type.descriptor.sql.BasicExtractor   : extracted value ([created_2_1_] : [TIMESTAMP]) - [2021-07-15T03:59:11.283470]
2021-07-15 03:59:11.293 TRACE 60266 --- [o-auto-1-exec-2] o.h.type.descriptor.sql.BasicExtractor   : extracted value ([modified3_1_] : [TIMESTAMP]) - [2021-07-15T03:59:11.283470]
2021-07-15 03:59:11.293 TRACE 60266 --- [o-auto-1-exec-2] o.h.type.descriptor.sql.BasicExtractor   : extracted value ([color4_1_] : [VARCHAR]) - [bg-red-600]
2021-07-15 03:59:11.293 TRACE 60266 --- [o-auto-1-exec-2] o.h.type.descriptor.sql.BasicExtractor   : extracted value ([name5_1_] : [VARCHAR]) - [신분당선]
Hibernate: 
    select
        sections0_.line_id as line_id4_3_0_,
        sections0_.id as id1_3_0_,
        sections0_.id as id1_3_1_,
        sections0_.distance as distance2_3_1_,
        sections0_.down_station_id as down_sta3_3_1_,
        sections0_.line_id as line_id4_3_1_,
        sections0_.up_station_id as up_stati5_3_1_,
        station1_.id as id1_4_2_,
        station1_.created_date as created_2_4_2_,
        station1_.modified_date as modified3_4_2_,
        station1_.name as name4_4_2_,
        station2_.id as id1_4_3_,
        station2_.created_date as created_2_4_3_,
        station2_.modified_date as modified3_4_3_,
        station2_.name as name4_4_3_ 
    from
        section sections0_ 
    left outer join
        station station1_ 
            on sections0_.down_station_id=station1_.id 
    left outer join
        station station2_ 
            on sections0_.up_station_id=station2_.id 
    where
        sections0_.line_id=?
2021-07-15 03:59:11.293 TRACE 60266 --- [o-auto-1-exec-2] o.h.type.descriptor.sql.BasicBinder      : binding parameter [1] as [BIGINT] - [1]
2021-07-15 03:59:11.294 TRACE 60266 --- [o-auto-1-exec-2] o.h.type.descriptor.sql.BasicExtractor   : extracted value ([id1_3_1_] : [BIGINT]) - [1]
2021-07-15 03:59:11.294 TRACE 60266 --- [o-auto-1-exec-2] o.h.type.descriptor.sql.BasicExtractor   : extracted value ([id1_4_2_] : [BIGINT]) - [2]
2021-07-15 03:59:11.294 TRACE 60266 --- [o-auto-1-exec-2] o.h.type.descriptor.sql.BasicExtractor   : extracted value ([id1_4_3_] : [BIGINT]) - [1]
2021-07-15 03:59:11.294 TRACE 60266 --- [o-auto-1-exec-2] o.h.type.descriptor.sql.BasicExtractor   : extracted value ([distance2_3_1_] : [INTEGER]) - [15]
2021-07-15 03:59:11.294 TRACE 60266 --- [o-auto-1-exec-2] o.h.type.descriptor.sql.BasicExtractor   : extracted value ([down_sta3_3_1_] : [BIGINT]) - [2]
2021-07-15 03:59:11.294 TRACE 60266 --- [o-auto-1-exec-2] o.h.type.descriptor.sql.BasicExtractor   : extracted value ([line_id4_3_1_] : [BIGINT]) - [1]
2021-07-15 03:59:11.294 TRACE 60266 --- [o-auto-1-exec-2] o.h.type.descriptor.sql.BasicExtractor   : extracted value ([up_stati5_3_1_] : [BIGINT]) - [1]
2021-07-15 03:59:11.294 TRACE 60266 --- [o-auto-1-exec-2] o.h.type.descriptor.sql.BasicExtractor   : extracted value ([created_2_4_2_] : [TIMESTAMP]) - [2021-07-15T03:59:11.258367]
2021-07-15 03:59:11.294 TRACE 60266 --- [o-auto-1-exec-2] o.h.type.descriptor.sql.BasicExtractor   : extracted value ([modified3_4_2_] : [TIMESTAMP]) - [2021-07-15T03:59:11.258367]
2021-07-15 03:59:11.294 TRACE 60266 --- [o-auto-1-exec-2] o.h.type.descriptor.sql.BasicExtractor   : extracted value ([name4_4_2_] : [VARCHAR]) - [광교역]
2021-07-15 03:59:11.295 TRACE 60266 --- [o-auto-1-exec-2] o.h.type.descriptor.sql.BasicExtractor   : extracted value ([created_2_4_3_] : [TIMESTAMP]) - [2021-07-15T03:59:11.247892]
2021-07-15 03:59:11.295 TRACE 60266 --- [o-auto-1-exec-2] o.h.type.descriptor.sql.BasicExtractor   : extracted value ([modified3_4_3_] : [TIMESTAMP]) - [2021-07-15T03:59:11.247892]
2021-07-15 03:59:11.295 TRACE 60266 --- [o-auto-1-exec-2] o.h.type.descriptor.sql.BasicExtractor   : extracted value ([name4_4_3_] : [VARCHAR]) - [강남역]
2021-07-15 03:59:11.295 TRACE 60266 --- [o-auto-1-exec-2] o.h.type.descriptor.sql.BasicExtractor   : extracted value ([line_id4_3_0_] : [BIGINT]) - [1]
2021-07-15 03:59:11.295 TRACE 60266 --- [o-auto-1-exec-2] o.h.type.descriptor.sql.BasicExtractor   : extracted value ([id1_3_0_] : [BIGINT]) - [1]
Hibernate: 
    select
        sections0_.line_id as line_id4_3_0_,
        sections0_.id as id1_3_0_,
        sections0_.id as id1_3_1_,
        sections0_.distance as distance2_3_1_,
        sections0_.down_station_id as down_sta3_3_1_,
        sections0_.line_id as line_id4_3_1_,
        sections0_.up_station_id as up_stati5_3_1_,
        station1_.id as id1_4_2_,
        station1_.created_date as created_2_4_2_,
        station1_.modified_date as modified3_4_2_,
        station1_.name as name4_4_2_,
        station2_.id as id1_4_3_,
        station2_.created_date as created_2_4_3_,
        station2_.modified_date as modified3_4_3_,
        station2_.name as name4_4_3_ 
    from
        section sections0_ 
    left outer join
        station station1_ 
            on sections0_.down_station_id=station1_.id 
    left outer join
        station station2_ 
            on sections0_.up_station_id=station2_.id 
    where
        sections0_.line_id=?
2021-07-15 03:59:11.295 TRACE 60266 --- [o-auto-1-exec-2] o.h.type.descriptor.sql.BasicBinder      : binding parameter [1] as [BIGINT] - [2]
2021-07-15 03:59:11.296 TRACE 60266 --- [o-auto-1-exec-2] o.h.type.descriptor.sql.BasicExtractor   : extracted value ([id1_3_1_] : [BIGINT]) - [2]
2021-07-15 03:59:11.296 TRACE 60266 --- [o-auto-1-exec-2] o.h.type.descriptor.sql.BasicExtractor   : extracted value ([id1_4_2_] : [BIGINT]) - [2]
2021-07-15 03:59:11.296 TRACE 60266 --- [o-auto-1-exec-2] o.h.type.descriptor.sql.BasicExtractor   : extracted value ([id1_4_3_] : [BIGINT]) - [1]
2021-07-15 03:59:11.296 TRACE 60266 --- [o-auto-1-exec-2] o.h.type.descriptor.sql.BasicExtractor   : extracted value ([distance2_3_1_] : [INTEGER]) - [10]
2021-07-15 03:59:11.296 TRACE 60266 --- [o-auto-1-exec-2] o.h.type.descriptor.sql.BasicExtractor   : extracted value ([down_sta3_3_1_] : [BIGINT]) - [2]
2021-07-15 03:59:11.296 TRACE 60266 --- [o-auto-1-exec-2] o.h.type.descriptor.sql.BasicExtractor   : extracted value ([line_id4_3_1_] : [BIGINT]) - [2]
2021-07-15 03:59:11.296 TRACE 60266 --- [o-auto-1-exec-2] o.h.type.descriptor.sql.BasicExtractor   : extracted value ([up_stati5_3_1_] : [BIGINT]) - [1]
2021-07-15 03:59:11.296 TRACE 60266 --- [o-auto-1-exec-2] o.h.type.descriptor.sql.BasicExtractor   : extracted value ([line_id4_3_0_] : [BIGINT]) - [2]
2021-07-15 03:59:11.296 TRACE 60266 --- [o-auto-1-exec-2] o.h.type.descriptor.sql.BasicExtractor   : extracted value ([id1_3_0_] : [BIGINT]) - [2]
GET /lines HTTP/1.1
accept: application/json
host: localhost:52504
connection: Keep-Alive
user-agent: Apache-HttpClient/4.5.13 (Java/11.0.9.1)
accept-encoding: gzip,deflate



HTTP/1.1 200 OK
Transfer-Encoding: chunked
Keep-Alive: timeout=60
Connection: keep-alive
Date: Wed, 14 Jul 2021 18:59:10 GMT
Content-Type: application/json



HTTP/1.1 200 
Content-Type: application/json
Transfer-Encoding: chunked
Date: Wed, 14 Jul 2021 18:59:10 GMT
Keep-Alive: timeout=60
Connection: keep-alive

[
    {
        "id": 1,
        "name": "구분당선",
        "color": "bg-red-600",
        "stations": [
            {
                "id": 1,
                "name": "강남역",
                "createdDate": "2021-07-15T03:59:11.247892",
                "modifiedDate": "2021-07-15T03:59:11.247892"
            },
            {
                "id": 2,
                "name": "광교역",
                "createdDate": "2021-07-15T03:59:11.258367",
                "modifiedDate": "2021-07-15T03:59:11.258367"
            }
        ],
        "createdDate": "2021-07-15T03:59:11.272",
        "modifiedDate": "2021-07-15T03:59:11.272"
    },
    {
        "id": 2,
        "name": "신분당선",
        "color": "bg-red-600",
        "stations": [
            {
                "id": 1,
                "name": "강남역",
                "createdDate": "2021-07-15T03:59:11.247892",
                "modifiedDate": "2021-07-15T03:59:11.247892"
            },
            {
                "id": 2,
                "name": "광교역",
                "createdDate": "2021-07-15T03:59:11.258367",
                "modifiedDate": "2021-07-15T03:59:11.258367"
            }
        ],
        "createdDate": "2021-07-15T03:59:11.28347",
        "modifiedDate": "2021-07-15T03:59:11.28347"
    }
]
]]></system-out>
  <system-err><![CDATA[]]></system-err>
</testsuite>
