<?xml version="1.0" encoding="UTF-8"?>
<testsuite name="단위 테스트 - mockito를 활용한 가짜 협력 객체 사용" tests="1" skipped="0" failures="0" errors="0" timestamp="2021-07-14T18:59:10" hostname="kyle.local" time="0.0">
  <properties/>
  <testcase name="findAllLines()" classname="study.unit.MockitoTest" time="0.0"/>
  <system-out><![CDATA[]]></system-out>
  <system-err><![CDATA[]]></system-err>
</testsuite>
